{
  "stats": {
    "suites": 21,
    "tests": 88,
    "passes": 87,
    "pending": 0,
    "failures": 1,
    "start": "2019-05-09T11:20:07.154Z",
    "end": "2019-05-09T11:21:52.467Z",
    "duration": 105313,
    "testsRegistered": 88,
    "passPercent": 98.9,
    "pendingPercent": 0,
    "other": 0,
    "hasOther": false,
    "skipped": 0,
    "hasSkipped": false,
    "passPercentClass": "success",
    "pendingPercentClass": "danger"
  },
  "suites": {
    "title": "",
    "suites": [
      {
        "title": "Create order in the Front Office",
        "suites": [
          {
            "title": "Open the browser and connect to the Front Office",
            "suites": [],
            "tests": [
              {
                "title": "should open the browser",
                "fullTitle": "Create order in the Front Office Open the browser and connect to the Front Office should open the browser",
                "timedOut": false,
                "duration": 1039,
                "state": "passed",
                "speed": "fast",
                "pass": true,
                "fail": false,
                "pending": false,
                "code": "return instructions().catch(takeScreenshot);",
                "err": {},
                "isRoot": false,
                "uuid": "02c708d7-1d07-440f-8d69-bc20925d2905",
                "parentUUID": "f4ac62ee-f5f5-49e9-b503-9082c10bc2ae",
                "isHook": false,
                "skipped": false
              },
              {
                "title": "should login successfully in the Front Office",
                "fullTitle": "Create order in the Front Office Open the browser and connect to the Front Office should login successfully in the Front Office",
                "timedOut": false,
                "duration": 2491,
                "state": "passed",
                "speed": "fast",
                "pass": true,
                "fail": false,
                "pending": false,
                "code": "return instructions().catch(takeScreenshot);",
                "err": {},
                "isRoot": false,
                "uuid": "266019ea-01a2-4aac-9966-14d9166c9ceb",
                "parentUUID": "f4ac62ee-f5f5-49e9-b503-9082c10bc2ae",
                "isHook": false,
                "skipped": false
              }
            ],
            "pending": [],
            "root": false,
            "_timeout": 400000,
            "file": "/test/campaigns/full/01_orders/02_create_order_in_FO.js",
            "uuid": "f4ac62ee-f5f5-49e9-b503-9082c10bc2ae",
            "beforeHooks": [
              {
                "title": "\"before all\" hook",
                "fullTitle": "Create order in the Front Office Open the browser and connect to the Front Office \"before all\" hook",
                "timedOut": false,
                "duration": 0,
                "pass": false,
                "fail": false,
                "pending": false,
                "code": "this.client = client",
                "err": {},
                "isRoot": false,
                "uuid": "e1c45092-9131-41f5-aa59-96310be7c9e5",
                "parentUUID": "f4ac62ee-f5f5-49e9-b503-9082c10bc2ae",
                "isHook": true,
                "skipped": false
              }
            ],
            "afterHooks": [],
            "fullFile": "/home/mbadrani/Documents/prestashop-develop/tests/E2E/test/campaigns/full/01_orders/02_create_order_in_FO.js",
            "passes": [
              {
                "title": "should open the browser",
                "fullTitle": "Create order in the Front Office Open the browser and connect to the Front Office should open the browser",
                "timedOut": false,
                "duration": 1039,
                "state": "passed",
                "speed": "fast",
                "pass": true,
                "fail": false,
                "pending": false,
                "code": "return instructions().catch(takeScreenshot);",
                "err": {},
                "isRoot": false,
                "uuid": "02c708d7-1d07-440f-8d69-bc20925d2905",
                "parentUUID": "f4ac62ee-f5f5-49e9-b503-9082c10bc2ae",
                "isHook": false,
                "skipped": false
              },
              {
                "title": "should login successfully in the Front Office",
                "fullTitle": "Create order in the Front Office Open the browser and connect to the Front Office should login successfully in the Front Office",
                "timedOut": false,
                "duration": 2491,
                "state": "passed",
                "speed": "fast",
                "pass": true,
                "fail": false,
                "pending": false,
                "code": "return instructions().catch(takeScreenshot);",
                "err": {},
                "isRoot": false,
                "uuid": "266019ea-01a2-4aac-9966-14d9166c9ceb",
                "parentUUID": "f4ac62ee-f5f5-49e9-b503-9082c10bc2ae",
                "isHook": false,
                "skipped": false
              }
            ],
            "failures": [],
            "skipped": [],
            "hasBeforeHooks": true,
            "hasAfterHooks": false,
            "hasTests": true,
            "hasSuites": false,
            "totalTests": 2,
            "totalPasses": 2,
            "totalFailures": 0,
            "totalPending": 0,
            "totalSkipped": 0,
            "hasPasses": true,
            "hasFailures": false,
            "hasPending": false,
            "hasSkipped": false,
            "duration": 3530,
            "rootEmpty": false
          },
          {
            "title": "Create order in the Front Office",
            "suites": [
              {
                "title": "Choose the personal and delivery address ",
                "suites": [],
                "tests": [
                  {
                    "title": "should click on confirm address button",
                    "fullTitle": "Create order in the Front Office Choose the personal and delivery address  should click on confirm address button",
                    "timedOut": false,
                    "duration": 602,
                    "state": "passed",
                    "speed": "fast",
                    "pass": true,
                    "fail": false,
                    "pending": false,
                    "code": "return instructions().catch(takeScreenshot);",
                    "err": {},
                    "isRoot": false,
                    "uuid": "5c074880-fc97-4284-b7b1-4526551651b3",
                    "parentUUID": "103162d7-738d-4001-9947-0acbe98ed1d5",
                    "isHook": false,
                    "skipped": false
                  }
                ],
                "pending": [],
                "root": false,
                "_timeout": 400000,
                "file": "/test/campaigns/full/01_orders/02_create_order_in_FO.js",
                "uuid": "103162d7-738d-4001-9947-0acbe98ed1d5",
                "beforeHooks": [
                  {
                    "title": "\"before all\" hook",
                    "fullTitle": "Create order in the Front Office Choose the personal and delivery address  \"before all\" hook",
                    "timedOut": false,
                    "duration": 0,
                    "pass": false,
                    "fail": false,
                    "pending": false,
                    "code": "this.client = client",
                    "err": {},
                    "isRoot": false,
                    "uuid": "fa168e28-39ab-49a8-a73f-28bbd0f7db16",
                    "parentUUID": "103162d7-738d-4001-9947-0acbe98ed1d5",
                    "isHook": true,
                    "skipped": false
                  }
                ],
                "afterHooks": [],
                "fullFile": "/home/mbadrani/Documents/prestashop-develop/tests/E2E/test/campaigns/full/01_orders/02_create_order_in_FO.js",
                "passes": [
                  {
                    "title": "should click on confirm address button",
                    "fullTitle": "Create order in the Front Office Choose the personal and delivery address  should click on confirm address button",
                    "timedOut": false,
                    "duration": 602,
                    "state": "passed",
                    "speed": "fast",
                    "pass": true,
                    "fail": false,
                    "pending": false,
                    "code": "return instructions().catch(takeScreenshot);",
                    "err": {},
                    "isRoot": false,
                    "uuid": "5c074880-fc97-4284-b7b1-4526551651b3",
                    "parentUUID": "103162d7-738d-4001-9947-0acbe98ed1d5",
                    "isHook": false,
                    "skipped": false
                  }
                ],
                "failures": [],
                "skipped": [],
                "hasBeforeHooks": true,
                "hasAfterHooks": false,
                "hasTests": true,
                "hasSuites": false,
                "totalTests": 1,
                "totalPasses": 1,
                "totalFailures": 0,
                "totalPending": 0,
                "totalSkipped": 0,
                "hasPasses": true,
                "hasFailures": false,
                "hasPending": false,
                "hasSkipped": false,
                "duration": 602,
                "rootEmpty": false
              },
              {
                "title": "Choose \"SHIPPING METHOD\"",
                "suites": [],
                "tests": [
                  {
                    "title": "should choose shipping method my carrier",
                    "fullTitle": "Create order in the Front Office Choose \"SHIPPING METHOD\" should choose shipping method my carrier",
                    "timedOut": false,
                    "duration": 2083,
                    "state": "passed",
                    "speed": "fast",
                    "pass": true,
                    "fail": false,
                    "pending": false,
                    "code": "return instructions().catch(takeScreenshot);",
                    "err": {},
                    "isRoot": false,
                    "uuid": "e5b181d2-b98e-4614-823f-2df0c6c20377",
                    "parentUUID": "7830dfc2-14fe-460f-9786-509087453d6a",
                    "isHook": false,
                    "skipped": false
                  },
                  {
                    "title": "should create message",
                    "fullTitle": "Create order in the Front Office Choose \"SHIPPING METHOD\" should create message",
                    "timedOut": false,
                    "duration": 1149,
                    "state": "passed",
                    "speed": "fast",
                    "pass": true,
                    "fail": false,
                    "pending": false,
                    "code": "return instructions().catch(takeScreenshot);",
                    "err": {},
                    "isRoot": false,
                    "uuid": "3da3104a-f2f1-4a29-afff-30e4b3618740",
                    "parentUUID": "7830dfc2-14fe-460f-9786-509087453d6a",
                    "isHook": false,
                    "skipped": false
                  },
                  {
                    "title": "should click on \"confirm delivery\" button",
                    "fullTitle": "Create order in the Front Office Choose \"SHIPPING METHOD\" should click on \"confirm delivery\" button",
                    "timedOut": false,
                    "duration": 627,
                    "state": "passed",
                    "speed": "fast",
                    "pass": true,
                    "fail": false,
                    "pending": false,
                    "code": "return instructions().catch(takeScreenshot);",
                    "err": {},
                    "isRoot": false,
                    "uuid": "cb89c906-faba-4a4c-9b6d-81c9a521cabf",
                    "parentUUID": "7830dfc2-14fe-460f-9786-509087453d6a",
                    "isHook": false,
                    "skipped": false
                  }
                ],
                "pending": [],
                "root": false,
                "_timeout": 400000,
                "file": "/test/campaigns/full/01_orders/02_create_order_in_FO.js",
                "uuid": "7830dfc2-14fe-460f-9786-509087453d6a",
                "beforeHooks": [
                  {
                    "title": "\"before all\" hook",
                    "fullTitle": "Create order in the Front Office Choose \"SHIPPING METHOD\" \"before all\" hook",
                    "timedOut": false,
                    "duration": 0,
                    "pass": false,
                    "fail": false,
                    "pending": false,
                    "code": "this.client = client",
                    "err": {},
                    "isRoot": false,
                    "uuid": "c36e9434-0433-497f-879d-96ab5f3024b1",
                    "parentUUID": "7830dfc2-14fe-460f-9786-509087453d6a",
                    "isHook": true,
                    "skipped": false
                  }
                ],
                "afterHooks": [],
                "fullFile": "/home/mbadrani/Documents/prestashop-develop/tests/E2E/test/campaigns/full/01_orders/02_create_order_in_FO.js",
                "passes": [
                  {
                    "title": "should choose shipping method my carrier",
                    "fullTitle": "Create order in the Front Office Choose \"SHIPPING METHOD\" should choose shipping method my carrier",
                    "timedOut": false,
                    "duration": 2083,
                    "state": "passed",
                    "speed": "fast",
                    "pass": true,
                    "fail": false,
                    "pending": false,
                    "code": "return instructions().catch(takeScreenshot);",
                    "err": {},
                    "isRoot": false,
                    "uuid": "e5b181d2-b98e-4614-823f-2df0c6c20377",
                    "parentUUID": "7830dfc2-14fe-460f-9786-509087453d6a",
                    "isHook": false,
                    "skipped": false
                  },
                  {
                    "title": "should create message",
                    "fullTitle": "Create order in the Front Office Choose \"SHIPPING METHOD\" should create message",
                    "timedOut": false,
                    "duration": 1149,
                    "state": "passed",
                    "speed": "fast",
                    "pass": true,
                    "fail": false,
                    "pending": false,
                    "code": "return instructions().catch(takeScreenshot);",
                    "err": {},
                    "isRoot": false,
                    "uuid": "3da3104a-f2f1-4a29-afff-30e4b3618740",
                    "parentUUID": "7830dfc2-14fe-460f-9786-509087453d6a",
                    "isHook": false,
                    "skipped": false
                  },
                  {
                    "title": "should click on \"confirm delivery\" button",
                    "fullTitle": "Create order in the Front Office Choose \"SHIPPING METHOD\" should click on \"confirm delivery\" button",
                    "timedOut": false,
                    "duration": 627,
                    "state": "passed",
                    "speed": "fast",
                    "pass": true,
                    "fail": false,
                    "pending": false,
                    "code": "return instructions().catch(takeScreenshot);",
                    "err": {},
                    "isRoot": false,
                    "uuid": "cb89c906-faba-4a4c-9b6d-81c9a521cabf",
                    "parentUUID": "7830dfc2-14fe-460f-9786-509087453d6a",
                    "isHook": false,
                    "skipped": false
                  }
                ],
                "failures": [],
                "skipped": [],
                "hasBeforeHooks": true,
                "hasAfterHooks": false,
                "hasTests": true,
                "hasSuites": false,
                "totalTests": 3,
                "totalPasses": 3,
                "totalFailures": 0,
                "totalPending": 0,
                "totalSkipped": 0,
                "hasPasses": true,
                "hasFailures": false,
                "hasPending": false,
                "hasSkipped": false,
                "duration": 3859,
                "rootEmpty": false
              },
              {
                "title": "Choose \"PAYMENT\" method",
                "suites": [],
                "tests": [
                  {
                    "title": "should set the payment type \"Payment by bank wire\"",
                    "fullTitle": "Create order in the Front Office Choose \"PAYMENT\" method should set the payment type \"Payment by bank wire\"",
                    "timedOut": false,
                    "duration": 81,
                    "state": "passed",
                    "speed": "fast",
                    "pass": true,
                    "fail": false,
                    "pending": false,
                    "code": "return instructions().catch(takeScreenshot);",
                    "err": {},
                    "isRoot": false,
                    "uuid": "0bbdac6b-8ce7-4ca1-b94e-41a62dde8e7d",
                    "parentUUID": "3fbeab3a-6070-401f-ab84-b2e96fe1f96b",
                    "isHook": false,
                    "skipped": false
                  },
                  {
                    "title": "should set \"the condition to approve\"",
                    "fullTitle": "Create order in the Front Office Choose \"PAYMENT\" method should set \"the condition to approve\"",
                    "timedOut": false,
                    "duration": 91,
                    "state": "passed",
                    "speed": "fast",
                    "pass": true,
                    "fail": false,
                    "pending": false,
                    "code": "return instructions().catch(takeScreenshot);",
                    "err": {},
                    "isRoot": false,
                    "uuid": "022f4bb9-9d8a-4768-9aff-1861f29f4185",
                    "parentUUID": "3fbeab3a-6070-401f-ab84-b2e96fe1f96b",
                    "isHook": false,
                    "skipped": false
                  },
                  {
                    "title": "should click on order with an obligation to pay button",
                    "fullTitle": "Create order in the Front Office Choose \"PAYMENT\" method should click on order with an obligation to pay button",
                    "timedOut": false,
                    "duration": 720,
                    "state": "passed",
                    "speed": "fast",
                    "pass": true,
                    "fail": false,
                    "pending": false,
                    "code": "return instructions().catch(takeScreenshot);",
                    "err": {},
                    "isRoot": false,
                    "uuid": "baf1fa0e-050f-4cb9-a913-6ede338826bb",
                    "parentUUID": "3fbeab3a-6070-401f-ab84-b2e96fe1f96b",
                    "isHook": false,
                    "skipped": false
                  },
                  {
                    "title": "should check the order confirmation",
                    "fullTitle": "Create order in the Front Office Choose \"PAYMENT\" method should check the order confirmation",
                    "timedOut": false,
                    "duration": 320,
                    "state": "passed",
                    "speed": "fast",
                    "pass": true,
                    "fail": false,
                    "pending": false,
                    "code": "return instructions().catch(takeScreenshot);",
                    "err": {},
                    "isRoot": false,
                    "uuid": "27ac1545-9732-465d-bc08-8375b3e3b4d6",
                    "parentUUID": "3fbeab3a-6070-401f-ab84-b2e96fe1f96b",
                    "isHook": false,
                    "skipped": false
                  },
                  {
                    "title": "should check that the basic price is equal to \"22,94 €\" (BOOM-3886)",
                    "fullTitle": "Create order in the Front Office Choose \"PAYMENT\" method should check that the basic price is equal to \"22,94 €\" (BOOM-3886)",
                    "timedOut": false,
                    "duration": 43,
                    "state": "passed",
                    "speed": "fast",
                    "pass": true,
                    "fail": false,
                    "pending": false,
                    "code": "return instructions().catch(takeScreenshot);",
                    "err": {},
                    "isRoot": false,
                    "uuid": "ba0d89fb-8b15-4960-a51d-510155de5ec0",
                    "parentUUID": "3fbeab3a-6070-401f-ab84-b2e96fe1f96b",
                    "isHook": false,
                    "skipped": false
                  }
                ],
                "pending": [],
                "root": false,
                "_timeout": 400000,
                "file": "/test/campaigns/full/01_orders/02_create_order_in_FO.js",
                "uuid": "3fbeab3a-6070-401f-ab84-b2e96fe1f96b",
                "beforeHooks": [
                  {
                    "title": "\"before all\" hook",
                    "fullTitle": "Create order in the Front Office Choose \"PAYMENT\" method \"before all\" hook",
                    "timedOut": false,
                    "duration": 0,
                    "pass": false,
                    "fail": false,
                    "pending": false,
                    "code": "this.client = client",
                    "err": {},
                    "isRoot": false,
                    "uuid": "17c7c6d0-60f1-4ac7-ba0e-4b4f33b1f710",
                    "parentUUID": "3fbeab3a-6070-401f-ab84-b2e96fe1f96b",
                    "isHook": true,
                    "skipped": false
                  }
                ],
                "afterHooks": [],
                "fullFile": "/home/mbadrani/Documents/prestashop-develop/tests/E2E/test/campaigns/full/01_orders/02_create_order_in_FO.js",
                "passes": [
                  {
                    "title": "should set the payment type \"Payment by bank wire\"",
                    "fullTitle": "Create order in the Front Office Choose \"PAYMENT\" method should set the payment type \"Payment by bank wire\"",
                    "timedOut": false,
                    "duration": 81,
                    "state": "passed",
                    "speed": "fast",
                    "pass": true,
                    "fail": false,
                    "pending": false,
                    "code": "return instructions().catch(takeScreenshot);",
                    "err": {},
                    "isRoot": false,
                    "uuid": "0bbdac6b-8ce7-4ca1-b94e-41a62dde8e7d",
                    "parentUUID": "3fbeab3a-6070-401f-ab84-b2e96fe1f96b",
                    "isHook": false,
                    "skipped": false
                  },
                  {
                    "title": "should set \"the condition to approve\"",
                    "fullTitle": "Create order in the Front Office Choose \"PAYMENT\" method should set \"the condition to approve\"",
                    "timedOut": false,
                    "duration": 91,
                    "state": "passed",
                    "speed": "fast",
                    "pass": true,
                    "fail": false,
                    "pending": false,
                    "code": "return instructions().catch(takeScreenshot);",
                    "err": {},
                    "isRoot": false,
                    "uuid": "022f4bb9-9d8a-4768-9aff-1861f29f4185",
                    "parentUUID": "3fbeab3a-6070-401f-ab84-b2e96fe1f96b",
                    "isHook": false,
                    "skipped": false
                  },
                  {
                    "title": "should click on order with an obligation to pay button",
                    "fullTitle": "Create order in the Front Office Choose \"PAYMENT\" method should click on order with an obligation to pay button",
                    "timedOut": false,
                    "duration": 720,
                    "state": "passed",
                    "speed": "fast",
                    "pass": true,
                    "fail": false,
                    "pending": false,
                    "code": "return instructions().catch(takeScreenshot);",
                    "err": {},
                    "isRoot": false,
                    "uuid": "baf1fa0e-050f-4cb9-a913-6ede338826bb",
                    "parentUUID": "3fbeab3a-6070-401f-ab84-b2e96fe1f96b",
                    "isHook": false,
                    "skipped": false
                  },
                  {
                    "title": "should check the order confirmation",
                    "fullTitle": "Create order in the Front Office Choose \"PAYMENT\" method should check the order confirmation",
                    "timedOut": false,
                    "duration": 320,
                    "state": "passed",
                    "speed": "fast",
                    "pass": true,
                    "fail": false,
                    "pending": false,
                    "code": "return instructions().catch(takeScreenshot);",
                    "err": {},
                    "isRoot": false,
                    "uuid": "27ac1545-9732-465d-bc08-8375b3e3b4d6",
                    "parentUUID": "3fbeab3a-6070-401f-ab84-b2e96fe1f96b",
                    "isHook": false,
                    "skipped": false
                  },
                  {
                    "title": "should check that the basic price is equal to \"22,94 €\" (BOOM-3886)",
                    "fullTitle": "Create order in the Front Office Choose \"PAYMENT\" method should check that the basic price is equal to \"22,94 €\" (BOOM-3886)",
                    "timedOut": false,
                    "duration": 43,
                    "state": "passed",
                    "speed": "fast",
                    "pass": true,
                    "fail": false,
                    "pending": false,
                    "code": "return instructions().catch(takeScreenshot);",
                    "err": {},
                    "isRoot": false,
                    "uuid": "ba0d89fb-8b15-4960-a51d-510155de5ec0",
                    "parentUUID": "3fbeab3a-6070-401f-ab84-b2e96fe1f96b",
                    "isHook": false,
                    "skipped": false
                  }
                ],
                "failures": [],
                "skipped": [],
                "hasBeforeHooks": true,
                "hasAfterHooks": false,
                "hasTests": true,
                "hasSuites": false,
                "totalTests": 5,
                "totalPasses": 5,
                "totalFailures": 0,
                "totalPending": 0,
                "totalSkipped": 0,
                "hasPasses": true,
                "hasFailures": false,
                "hasPending": false,
                "hasSkipped": false,
                "duration": 1255,
                "rootEmpty": false
              }
            ],
            "tests": [
              {
                "title": "should set the language of shop to \"English\"",
                "fullTitle": "Create order in the Front Office Create order in the Front Office should set the language of shop to \"English\"",
                "timedOut": false,
                "duration": 5125,
                "state": "passed",
                "speed": "fast",
                "pass": true,
                "fail": false,
                "pending": false,
                "code": "return instructions().catch(takeScreenshot);",
                "err": {},
                "isRoot": false,
                "uuid": "71e48038-e1d3-4520-aa16-4e233181d299",
                "parentUUID": "0c315305-e41d-453d-8ec6-ba3255bd6622",
                "isHook": false,
                "skipped": false
              },
              {
                "title": "should get the first product name",
                "fullTitle": "Create order in the Front Office Create order in the Front Office should get the first product name",
                "timedOut": false,
                "duration": 58,
                "state": "passed",
                "speed": "fast",
                "pass": true,
                "fail": false,
                "pending": false,
                "code": "return instructions().catch(takeScreenshot);",
                "err": {},
                "isRoot": false,
                "uuid": "f7837654-26b1-4af6-8ae0-c998a53771ed",
                "parentUUID": "0c315305-e41d-453d-8ec6-ba3255bd6622",
                "isHook": false,
                "skipped": false
              },
              {
                "title": "should go to the first product page",
                "fullTitle": "Create order in the Front Office Create order in the Front Office should go to the first product page",
                "timedOut": false,
                "duration": 2585,
                "state": "passed",
                "speed": "fast",
                "pass": true,
                "fail": false,
                "pending": false,
                "code": "return instructions().catch(takeScreenshot);",
                "err": {},
                "isRoot": false,
                "uuid": "d9c4139b-6c1e-499b-abd5-8e6cf9b94277",
                "parentUUID": "0c315305-e41d-453d-8ec6-ba3255bd6622",
                "isHook": false,
                "skipped": false
              },
              {
                "title": "should select product \"size M\" ",
                "fullTitle": "Create order in the Front Office Create order in the Front Office should select product \"size M\" ",
                "timedOut": false,
                "duration": 106,
                "state": "passed",
                "speed": "fast",
                "pass": true,
                "fail": false,
                "pending": false,
                "code": "return instructions().catch(takeScreenshot);",
                "err": {},
                "isRoot": false,
                "uuid": "081253fa-97b5-4963-8ccf-2adf57dc8b31",
                "parentUUID": "0c315305-e41d-453d-8ec6-ba3255bd6622",
                "isHook": false,
                "skipped": false
              },
              {
                "title": "should select product \"color Black\"",
                "fullTitle": "Create order in the Front Office Create order in the Front Office should select product \"color Black\"",
                "timedOut": false,
                "duration": 122,
                "state": "passed",
                "speed": "fast",
                "pass": true,
                "fail": false,
                "pending": false,
                "code": "return instructions().catch(takeScreenshot);",
                "err": {},
                "isRoot": false,
                "uuid": "2816756e-9bb0-4eb6-aa9d-bc586f1384ae",
                "parentUUID": "0c315305-e41d-453d-8ec6-ba3255bd6622",
                "isHook": false,
                "skipped": false
              },
              {
                "title": "should set the product \"quantity\"",
                "fullTitle": "Create order in the Front Office Create order in the Front Office should set the product \"quantity\"",
                "timedOut": false,
                "duration": 668,
                "state": "passed",
                "speed": "fast",
                "pass": true,
                "fail": false,
                "pending": false,
                "code": "return instructions().catch(takeScreenshot);",
                "err": {},
                "isRoot": false,
                "uuid": "78cf87e5-0696-4b65-9b5c-747b01a9e581",
                "parentUUID": "0c315305-e41d-453d-8ec6-ba3255bd6622",
                "isHook": false,
                "skipped": false
              },
              {
                "title": "should click on \"product details\" tab",
                "fullTitle": "Create order in the Front Office Create order in the Front Office should click on \"product details\" tab",
                "timedOut": false,
                "duration": 2086,
                "state": "passed",
                "speed": "fast",
                "pass": true,
                "fail": false,
                "pending": false,
                "code": "return instructions().catch(takeScreenshot);",
                "err": {},
                "isRoot": false,
                "uuid": "dc183d00-cca5-476a-8de7-def4eb97d3aa",
                "parentUUID": "0c315305-e41d-453d-8ec6-ba3255bd6622",
                "isHook": false,
                "skipped": false
              },
              {
                "title": "should get the product \"available quantity\"",
                "fullTitle": "Create order in the Front Office Create order in the Front Office should get the product \"available quantity\"",
                "timedOut": false,
                "duration": 40,
                "state": "passed",
                "speed": "fast",
                "pass": true,
                "fail": false,
                "pending": false,
                "code": "return instructions().catch(takeScreenshot);",
                "err": {},
                "isRoot": false,
                "uuid": "aa6c72b7-43bb-4712-88c0-d2fc6c7ec8a2",
                "parentUUID": "0c315305-e41d-453d-8ec6-ba3255bd6622",
                "isHook": false,
                "skipped": false
              },
              {
                "title": "should click on \"Add to cart\" button  ",
                "fullTitle": "Create order in the Front Office Create order in the Front Office should click on \"Add to cart\" button  ",
                "timedOut": false,
                "duration": 3094,
                "state": "passed",
                "speed": "fast",
                "pass": true,
                "fail": false,
                "pending": false,
                "code": "return instructions().catch(takeScreenshot);",
                "err": {},
                "isRoot": false,
                "uuid": "7a2ac298-8a18-4e18-bd7b-1378102e6207",
                "parentUUID": "0c315305-e41d-453d-8ec6-ba3255bd6622",
                "isHook": false,
                "skipped": false
              },
              {
                "title": "should click on proceed to checkout button 1",
                "fullTitle": "Create order in the Front Office Create order in the Front Office should click on proceed to checkout button 1",
                "timedOut": false,
                "duration": 1411,
                "state": "passed",
                "speed": "fast",
                "pass": true,
                "fail": false,
                "pending": false,
                "code": "return instructions().catch(takeScreenshot);",
                "err": {},
                "isRoot": false,
                "uuid": "22526c92-1be9-4b4c-ac66-fc940a644b51",
                "parentUUID": "0c315305-e41d-453d-8ec6-ba3255bd6622",
                "isHook": false,
                "skipped": false
              },
              {
                "title": "should set the quantity to \"4\" using the keyboard",
                "fullTitle": "Create order in the Front Office Create order in the Front Office should set the quantity to \"4\" using the keyboard",
                "timedOut": false,
                "duration": 15,
                "state": "passed",
                "speed": "fast",
                "pass": true,
                "fail": false,
                "pending": false,
                "code": "return instructions().catch(takeScreenshot);",
                "err": {},
                "isRoot": false,
                "uuid": "d974a7b8-ae23-408b-8ba8-503ab32611bf",
                "parentUUID": "0c315305-e41d-453d-8ec6-ba3255bd6622",
                "isHook": false,
                "skipped": false
              },
              {
                "title": "should click on proceed to checkout button 2",
                "fullTitle": "Create order in the Front Office Create order in the Front Office should click on proceed to checkout button 2",
                "timedOut": false,
                "duration": 413,
                "state": "passed",
                "speed": "fast",
                "pass": true,
                "fail": false,
                "pending": false,
                "code": "return instructions().catch(takeScreenshot);",
                "err": {},
                "isRoot": false,
                "uuid": "2cda594c-bbee-4134-bff4-9b32a68ba533",
                "parentUUID": "0c315305-e41d-453d-8ec6-ba3255bd6622",
                "isHook": false,
                "skipped": false
              }
            ],
            "pending": [],
            "root": false,
            "_timeout": 400000,
            "file": "/test/campaigns/full/01_orders/02_create_order_in_FO.js",
            "uuid": "0c315305-e41d-453d-8ec6-ba3255bd6622",
            "beforeHooks": [
              {
                "title": "\"before all\" hook",
                "fullTitle": "Create order in the Front Office Create order in the Front Office \"before all\" hook",
                "timedOut": false,
                "duration": 0,
                "pass": false,
                "fail": false,
                "pending": false,
                "code": "this.client = client",
                "err": {},
                "isRoot": false,
                "uuid": "2decf4f9-c88d-426b-8eb4-93e08b2705dc",
                "parentUUID": "0c315305-e41d-453d-8ec6-ba3255bd6622",
                "isHook": true,
                "skipped": false
              }
            ],
            "afterHooks": [],
            "fullFile": "/home/mbadrani/Documents/prestashop-develop/tests/E2E/test/campaigns/full/01_orders/02_create_order_in_FO.js",
            "passes": [
              {
                "title": "should set the language of shop to \"English\"",
                "fullTitle": "Create order in the Front Office Create order in the Front Office should set the language of shop to \"English\"",
                "timedOut": false,
                "duration": 5125,
                "state": "passed",
                "speed": "fast",
                "pass": true,
                "fail": false,
                "pending": false,
                "code": "return instructions().catch(takeScreenshot);",
                "err": {},
                "isRoot": false,
                "uuid": "71e48038-e1d3-4520-aa16-4e233181d299",
                "parentUUID": "0c315305-e41d-453d-8ec6-ba3255bd6622",
                "isHook": false,
                "skipped": false
              },
              {
                "title": "should get the first product name",
                "fullTitle": "Create order in the Front Office Create order in the Front Office should get the first product name",
                "timedOut": false,
                "duration": 58,
                "state": "passed",
                "speed": "fast",
                "pass": true,
                "fail": false,
                "pending": false,
                "code": "return instructions().catch(takeScreenshot);",
                "err": {},
                "isRoot": false,
                "uuid": "f7837654-26b1-4af6-8ae0-c998a53771ed",
                "parentUUID": "0c315305-e41d-453d-8ec6-ba3255bd6622",
                "isHook": false,
                "skipped": false
              },
              {
                "title": "should go to the first product page",
                "fullTitle": "Create order in the Front Office Create order in the Front Office should go to the first product page",
                "timedOut": false,
                "duration": 2585,
                "state": "passed",
                "speed": "fast",
                "pass": true,
                "fail": false,
                "pending": false,
                "code": "return instructions().catch(takeScreenshot);",
                "err": {},
                "isRoot": false,
                "uuid": "d9c4139b-6c1e-499b-abd5-8e6cf9b94277",
                "parentUUID": "0c315305-e41d-453d-8ec6-ba3255bd6622",
                "isHook": false,
                "skipped": false
              },
              {
                "title": "should select product \"size M\" ",
                "fullTitle": "Create order in the Front Office Create order in the Front Office should select product \"size M\" ",
                "timedOut": false,
                "duration": 106,
                "state": "passed",
                "speed": "fast",
                "pass": true,
                "fail": false,
                "pending": false,
                "code": "return instructions().catch(takeScreenshot);",
                "err": {},
                "isRoot": false,
                "uuid": "081253fa-97b5-4963-8ccf-2adf57dc8b31",
                "parentUUID": "0c315305-e41d-453d-8ec6-ba3255bd6622",
                "isHook": false,
                "skipped": false
              },
              {
                "title": "should select product \"color Black\"",
                "fullTitle": "Create order in the Front Office Create order in the Front Office should select product \"color Black\"",
                "timedOut": false,
                "duration": 122,
                "state": "passed",
                "speed": "fast",
                "pass": true,
                "fail": false,
                "pending": false,
                "code": "return instructions().catch(takeScreenshot);",
                "err": {},
                "isRoot": false,
                "uuid": "2816756e-9bb0-4eb6-aa9d-bc586f1384ae",
                "parentUUID": "0c315305-e41d-453d-8ec6-ba3255bd6622",
                "isHook": false,
                "skipped": false
              },
              {
                "title": "should set the product \"quantity\"",
                "fullTitle": "Create order in the Front Office Create order in the Front Office should set the product \"quantity\"",
                "timedOut": false,
                "duration": 668,
                "state": "passed",
                "speed": "fast",
                "pass": true,
                "fail": false,
                "pending": false,
                "code": "return instructions().catch(takeScreenshot);",
                "err": {},
                "isRoot": false,
                "uuid": "78cf87e5-0696-4b65-9b5c-747b01a9e581",
                "parentUUID": "0c315305-e41d-453d-8ec6-ba3255bd6622",
                "isHook": false,
                "skipped": false
              },
              {
                "title": "should click on \"product details\" tab",
                "fullTitle": "Create order in the Front Office Create order in the Front Office should click on \"product details\" tab",
                "timedOut": false,
                "duration": 2086,
                "state": "passed",
                "speed": "fast",
                "pass": true,
                "fail": false,
                "pending": false,
                "code": "return instructions().catch(takeScreenshot);",
                "err": {},
                "isRoot": false,
                "uuid": "dc183d00-cca5-476a-8de7-def4eb97d3aa",
                "parentUUID": "0c315305-e41d-453d-8ec6-ba3255bd6622",
                "isHook": false,
                "skipped": false
              },
              {
                "title": "should get the product \"available quantity\"",
                "fullTitle": "Create order in the Front Office Create order in the Front Office should get the product \"available quantity\"",
                "timedOut": false,
                "duration": 40,
                "state": "passed",
                "speed": "fast",
                "pass": true,
                "fail": false,
                "pending": false,
                "code": "return instructions().catch(takeScreenshot);",
                "err": {},
                "isRoot": false,
                "uuid": "aa6c72b7-43bb-4712-88c0-d2fc6c7ec8a2",
                "parentUUID": "0c315305-e41d-453d-8ec6-ba3255bd6622",
                "isHook": false,
                "skipped": false
              },
              {
                "title": "should click on \"Add to cart\" button  ",
                "fullTitle": "Create order in the Front Office Create order in the Front Office should click on \"Add to cart\" button  ",
                "timedOut": false,
                "duration": 3094,
                "state": "passed",
                "speed": "fast",
                "pass": true,
                "fail": false,
                "pending": false,
                "code": "return instructions().catch(takeScreenshot);",
                "err": {},
                "isRoot": false,
                "uuid": "7a2ac298-8a18-4e18-bd7b-1378102e6207",
                "parentUUID": "0c315305-e41d-453d-8ec6-ba3255bd6622",
                "isHook": false,
                "skipped": false
              },
              {
                "title": "should click on proceed to checkout button 1",
                "fullTitle": "Create order in the Front Office Create order in the Front Office should click on proceed to checkout button 1",
                "timedOut": false,
                "duration": 1411,
                "state": "passed",
                "speed": "fast",
                "pass": true,
                "fail": false,
                "pending": false,
                "code": "return instructions().catch(takeScreenshot);",
                "err": {},
                "isRoot": false,
                "uuid": "22526c92-1be9-4b4c-ac66-fc940a644b51",
                "parentUUID": "0c315305-e41d-453d-8ec6-ba3255bd6622",
                "isHook": false,
                "skipped": false
              },
              {
                "title": "should set the quantity to \"4\" using the keyboard",
                "fullTitle": "Create order in the Front Office Create order in the Front Office should set the quantity to \"4\" using the keyboard",
                "timedOut": false,
                "duration": 15,
                "state": "passed",
                "speed": "fast",
                "pass": true,
                "fail": false,
                "pending": false,
                "code": "return instructions().catch(takeScreenshot);",
                "err": {},
                "isRoot": false,
                "uuid": "d974a7b8-ae23-408b-8ba8-503ab32611bf",
                "parentUUID": "0c315305-e41d-453d-8ec6-ba3255bd6622",
                "isHook": false,
                "skipped": false
              },
              {
                "title": "should click on proceed to checkout button 2",
                "fullTitle": "Create order in the Front Office Create order in the Front Office should click on proceed to checkout button 2",
                "timedOut": false,
                "duration": 413,
                "state": "passed",
                "speed": "fast",
                "pass": true,
                "fail": false,
                "pending": false,
                "code": "return instructions().catch(takeScreenshot);",
                "err": {},
                "isRoot": false,
                "uuid": "2cda594c-bbee-4134-bff4-9b32a68ba533",
                "parentUUID": "0c315305-e41d-453d-8ec6-ba3255bd6622",
                "isHook": false,
                "skipped": false
              }
            ],
            "failures": [],
            "skipped": [],
            "hasBeforeHooks": true,
            "hasAfterHooks": false,
            "hasTests": true,
            "hasSuites": true,
            "totalTests": 12,
            "totalPasses": 12,
            "totalFailures": 0,
            "totalPending": 0,
            "totalSkipped": 0,
            "hasPasses": true,
            "hasFailures": false,
            "hasPending": false,
            "hasSkipped": false,
            "duration": 15723,
            "rootEmpty": false
          },
          {
            "title": "Logout from the Front Office",
            "suites": [],
            "tests": [
              {
                "title": "should logout successfully from the Front Office",
                "fullTitle": "Create order in the Front Office Logout from the Front Office should logout successfully from the Front Office",
                "timedOut": false,
                "duration": 469,
                "state": "passed",
                "speed": "fast",
                "pass": true,
                "fail": false,
                "pending": false,
                "code": "return instructions().catch(takeScreenshot);",
                "err": {},
                "isRoot": false,
                "uuid": "8445c2e5-1de8-4d87-9cc6-35dcc488112d",
                "parentUUID": "4776bc9f-79c7-4b49-a84d-3f8452b4712f",
                "isHook": false,
                "skipped": false
              }
            ],
            "pending": [],
            "root": false,
            "_timeout": 400000,
            "file": "/test/campaigns/full/01_orders/02_create_order_in_FO.js",
            "uuid": "4776bc9f-79c7-4b49-a84d-3f8452b4712f",
            "beforeHooks": [
              {
                "title": "\"before all\" hook",
                "fullTitle": "Create order in the Front Office Logout from the Front Office \"before all\" hook",
                "timedOut": false,
                "duration": 0,
                "pass": false,
                "fail": false,
                "pending": false,
                "code": "this.client = client",
                "err": {},
                "isRoot": false,
                "uuid": "3c550946-39ae-4acd-95e4-fc72bd5150b7",
                "parentUUID": "4776bc9f-79c7-4b49-a84d-3f8452b4712f",
                "isHook": true,
                "skipped": false
              }
            ],
            "afterHooks": [],
            "fullFile": "/home/mbadrani/Documents/prestashop-develop/tests/E2E/test/campaigns/full/01_orders/02_create_order_in_FO.js",
            "passes": [
              {
                "title": "should logout successfully from the Front Office",
                "fullTitle": "Create order in the Front Office Logout from the Front Office should logout successfully from the Front Office",
                "timedOut": false,
                "duration": 469,
                "state": "passed",
                "speed": "fast",
                "pass": true,
                "fail": false,
                "pending": false,
                "code": "return instructions().catch(takeScreenshot);",
                "err": {},
                "isRoot": false,
                "uuid": "8445c2e5-1de8-4d87-9cc6-35dcc488112d",
                "parentUUID": "4776bc9f-79c7-4b49-a84d-3f8452b4712f",
                "isHook": false,
                "skipped": false
              }
            ],
            "failures": [],
            "skipped": [],
            "hasBeforeHooks": true,
            "hasAfterHooks": false,
            "hasTests": true,
            "hasSuites": false,
            "totalTests": 1,
            "totalPasses": 1,
            "totalFailures": 0,
            "totalPending": 0,
            "totalSkipped": 0,
            "hasPasses": true,
            "hasFailures": false,
            "hasPending": false,
            "hasSkipped": false,
            "duration": 469,
            "rootEmpty": false
          }
        ],
        "tests": [],
        "pending": [],
        "root": false,
        "_timeout": 400000,
        "file": "/test/campaigns/full/01_orders/02_create_order_in_FO.js",
        "uuid": "cff73472-8a95-4373-bad9-1b3d779e982b",
        "beforeHooks": [
          {
            "title": "\"before all\" hook",
            "fullTitle": "Create order in the Front Office \"before all\" hook",
            "timedOut": false,
            "duration": 0,
            "pass": false,
            "fail": false,
            "pending": false,
            "code": "this.client = client",
            "err": {},
            "isRoot": false,
            "uuid": "03db9521-a40f-4618-882e-069c6c697324",
            "parentUUID": "cff73472-8a95-4373-bad9-1b3d779e982b",
            "isHook": true,
            "skipped": false
          }
        ],
        "afterHooks": [
          {
            "title": "\"after all\" hook",
            "fullTitle": "Create order in the Front Office \"after all\" hook",
            "timedOut": false,
            "duration": 59,
            "pass": false,
            "fail": false,
            "pending": false,
            "code": "this.client.close()",
            "err": {},
            "isRoot": false,
            "uuid": "a15ff3b8-071b-4088-961e-b3da699e7af6",
            "parentUUID": "cff73472-8a95-4373-bad9-1b3d779e982b",
            "isHook": true,
            "skipped": false
          }
        ],
        "fullFile": "/home/mbadrani/Documents/prestashop-develop/tests/E2E/test/campaigns/full/01_orders/02_create_order_in_FO.js",
        "passes": [],
        "failures": [],
        "skipped": [],
        "hasBeforeHooks": true,
        "hasAfterHooks": true,
        "hasTests": false,
        "hasSuites": true,
        "totalTests": 0,
        "totalPasses": 0,
        "totalFailures": 0,
        "totalPending": 0,
        "totalSkipped": 0,
        "hasPasses": false,
        "hasFailures": false,
        "hasPending": false,
        "hasSkipped": false,
        "duration": 0,
        "rootEmpty": false
      },
      {
        "title": "Check the created order in the Back Office",
        "suites": [
          {
            "title": "Open the browser and connect to the Back Office",
            "suites": [],
            "tests": [
              {
                "title": "should open the browser",
                "fullTitle": "Check the created order in the Back Office Open the browser and connect to the Back Office should open the browser",
                "timedOut": false,
                "duration": 1165,
                "state": "passed",
                "speed": "fast",
                "pass": true,
                "fail": false,
                "pending": false,
                "code": "return instructions().catch(takeScreenshot);",
                "err": {},
                "isRoot": false,
                "uuid": "4ee6055d-3c94-4927-8a5d-896d58594be0",
                "parentUUID": "759c7988-648e-4363-a4be-af7b73247b85",
                "isHook": false,
                "skipped": false
              },
              {
                "title": "should login successfully in the Back Office",
                "fullTitle": "Check the created order in the Back Office Open the browser and connect to the Back Office should login successfully in the Back Office",
                "timedOut": false,
                "duration": 3719,
                "state": "passed",
                "speed": "fast",
                "pass": true,
                "fail": false,
                "pending": false,
                "code": "return instructions().catch(takeScreenshot);",
                "err": {},
                "isRoot": false,
                "uuid": "b1d377da-df4b-4b90-be4b-327eec12464f",
                "parentUUID": "759c7988-648e-4363-a4be-af7b73247b85",
                "isHook": false,
                "skipped": false
              }
            ],
            "pending": [],
            "root": false,
            "_timeout": 400000,
            "file": "/test/campaigns/full/01_orders/02_create_order_in_FO.js",
            "uuid": "759c7988-648e-4363-a4be-af7b73247b85",
            "beforeHooks": [
              {
                "title": "\"before all\" hook",
                "fullTitle": "Check the created order in the Back Office Open the browser and connect to the Back Office \"before all\" hook",
                "timedOut": false,
                "duration": 0,
                "pass": false,
                "fail": false,
                "pending": false,
                "code": "this.client = client",
                "err": {},
                "isRoot": false,
                "uuid": "7a1bdda6-0c56-4d00-b9c1-9e7c7a91311d",
                "parentUUID": "759c7988-648e-4363-a4be-af7b73247b85",
                "isHook": true,
                "skipped": false
              }
            ],
            "afterHooks": [],
            "fullFile": "/home/mbadrani/Documents/prestashop-develop/tests/E2E/test/campaigns/full/01_orders/02_create_order_in_FO.js",
            "passes": [
              {
                "title": "should open the browser",
                "fullTitle": "Check the created order in the Back Office Open the browser and connect to the Back Office should open the browser",
                "timedOut": false,
                "duration": 1165,
                "state": "passed",
                "speed": "fast",
                "pass": true,
                "fail": false,
                "pending": false,
                "code": "return instructions().catch(takeScreenshot);",
                "err": {},
                "isRoot": false,
                "uuid": "4ee6055d-3c94-4927-8a5d-896d58594be0",
                "parentUUID": "759c7988-648e-4363-a4be-af7b73247b85",
                "isHook": false,
                "skipped": false
              },
              {
                "title": "should login successfully in the Back Office",
                "fullTitle": "Check the created order in the Back Office Open the browser and connect to the Back Office should login successfully in the Back Office",
                "timedOut": false,
                "duration": 3719,
                "state": "passed",
                "speed": "fast",
                "pass": true,
                "fail": false,
                "pending": false,
                "code": "return instructions().catch(takeScreenshot);",
                "err": {},
                "isRoot": false,
                "uuid": "b1d377da-df4b-4b90-be4b-327eec12464f",
                "parentUUID": "759c7988-648e-4363-a4be-af7b73247b85",
                "isHook": false,
                "skipped": false
              }
            ],
            "failures": [],
            "skipped": [],
            "hasBeforeHooks": true,
            "hasAfterHooks": false,
            "hasTests": true,
            "hasSuites": false,
            "totalTests": 2,
            "totalPasses": 2,
            "totalFailures": 0,
            "totalPending": 0,
            "totalSkipped": 0,
            "hasPasses": true,
            "hasFailures": false,
            "hasPending": false,
            "hasSkipped": false,
            "duration": 4884,
            "rootEmpty": false
          },
          {
            "title": "Close the onboarding modal if exist ",
            "suites": [],
            "tests": [
              {
                "title": "should close the onboarding modal if exist",
                "fullTitle": "Check the created order in the Back Office Close the onboarding modal if exist  should close the onboarding modal if exist",
                "timedOut": false,
                "duration": 1098,
                "state": "passed",
                "speed": "fast",
                "pass": true,
                "fail": false,
                "pending": false,
                "code": "return instructions().catch(takeScreenshot);",
                "err": {},
                "isRoot": false,
                "uuid": "7472ac95-217e-4dd4-b25a-1142080ee799",
                "parentUUID": "adb9bdfe-088e-4957-ac26-289cb183569c",
                "isHook": false,
                "skipped": false
              },
              {
                "title": "should close the Onboarding on the navBar if exist",
                "fullTitle": "Check the created order in the Back Office Close the onboarding modal if exist  should close the Onboarding on the navBar if exist",
                "timedOut": false,
                "duration": 1023,
                "state": "passed",
                "speed": "fast",
                "pass": true,
                "fail": false,
                "pending": false,
                "code": "return instructions().catch(takeScreenshot);",
                "err": {},
                "isRoot": false,
                "uuid": "f502fed7-07f1-4557-bae7-8f11338f3315",
                "parentUUID": "adb9bdfe-088e-4957-ac26-289cb183569c",
                "isHook": false,
                "skipped": false
              }
            ],
            "pending": [],
            "root": false,
            "_timeout": 400000,
            "file": "/test/campaigns/full/01_orders/02_create_order_in_FO.js",
            "uuid": "adb9bdfe-088e-4957-ac26-289cb183569c",
            "beforeHooks": [
              {
                "title": "\"before all\" hook",
                "fullTitle": "Check the created order in the Back Office Close the onboarding modal if exist  \"before all\" hook",
                "timedOut": false,
                "duration": 0,
                "pass": false,
                "fail": false,
                "pending": false,
                "code": "this.client = client",
                "err": {},
                "isRoot": false,
                "uuid": "7c3b6dfc-ea79-4b37-b89f-dd10aa6e5a5a",
                "parentUUID": "adb9bdfe-088e-4957-ac26-289cb183569c",
                "isHook": true,
                "skipped": false
              }
            ],
            "afterHooks": [],
            "fullFile": "/home/mbadrani/Documents/prestashop-develop/tests/E2E/test/campaigns/full/01_orders/02_create_order_in_FO.js",
            "passes": [
              {
                "title": "should close the onboarding modal if exist",
                "fullTitle": "Check the created order in the Back Office Close the onboarding modal if exist  should close the onboarding modal if exist",
                "timedOut": false,
                "duration": 1098,
                "state": "passed",
                "speed": "fast",
                "pass": true,
                "fail": false,
                "pending": false,
                "code": "return instructions().catch(takeScreenshot);",
                "err": {},
                "isRoot": false,
                "uuid": "7472ac95-217e-4dd4-b25a-1142080ee799",
                "parentUUID": "adb9bdfe-088e-4957-ac26-289cb183569c",
                "isHook": false,
                "skipped": false
              },
              {
                "title": "should close the Onboarding on the navBar if exist",
                "fullTitle": "Check the created order in the Back Office Close the onboarding modal if exist  should close the Onboarding on the navBar if exist",
                "timedOut": false,
                "duration": 1023,
                "state": "passed",
                "speed": "fast",
                "pass": true,
                "fail": false,
                "pending": false,
                "code": "return instructions().catch(takeScreenshot);",
                "err": {},
                "isRoot": false,
                "uuid": "f502fed7-07f1-4557-bae7-8f11338f3315",
                "parentUUID": "adb9bdfe-088e-4957-ac26-289cb183569c",
                "isHook": false,
                "skipped": false
              }
            ],
            "failures": [],
            "skipped": [],
            "hasBeforeHooks": true,
            "hasAfterHooks": false,
            "hasTests": true,
            "hasSuites": false,
            "totalTests": 2,
            "totalPasses": 2,
            "totalFailures": 0,
            "totalPending": 0,
            "totalSkipped": 0,
            "hasPasses": true,
            "hasFailures": false,
            "hasPending": false,
            "hasSkipped": false,
            "duration": 2121,
            "rootEmpty": false
          },
          {
            "title": "Get the customer information",
            "suites": [],
            "tests": [
              {
                "title": "should go to the \"Customers\" page",
                "fullTitle": "Check the created order in the Back Office Get the customer information should go to the \"Customers\" page",
                "timedOut": false,
                "duration": 4033,
                "state": "passed",
                "speed": "fast",
                "pass": true,
                "fail": false,
                "pending": false,
                "code": "return instructions().catch(takeScreenshot);",
                "err": {},
                "isRoot": false,
                "uuid": "3856bd75-d323-4991-8771-4212c1e91923",
                "parentUUID": "1257fc1c-025b-444c-8421-f07b8709704e",
                "isHook": false,
                "skipped": false
              },
              {
                "title": "should search for the customer email in the \"Customers list\"",
                "fullTitle": "Check the created order in the Back Office Get the customer information should search for the customer email in the \"Customers list\"",
                "timedOut": false,
                "duration": 1219,
                "state": "passed",
                "speed": "fast",
                "pass": true,
                "fail": false,
                "pending": false,
                "code": "return instructions().catch(takeScreenshot);",
                "err": {},
                "isRoot": false,
                "uuid": "88365a2d-a914-4b36-aee3-f6b64eec468b",
                "parentUUID": "1257fc1c-025b-444c-8421-f07b8709704e",
                "isHook": false,
                "skipped": false
              },
              {
                "title": "should click on \"View\" button",
                "fullTitle": "Check the created order in the Back Office Get the customer information should click on \"View\" button",
                "timedOut": false,
                "duration": 2829,
                "state": "passed",
                "speed": "fast",
                "pass": true,
                "fail": false,
                "pending": false,
                "code": "return instructions().catch(takeScreenshot);",
                "err": {},
                "isRoot": false,
                "uuid": "0f64249c-f989-45d9-9ed5-08a1ca84bb8a",
                "parentUUID": "1257fc1c-025b-444c-8421-f07b8709704e",
                "isHook": false,
                "skipped": false
              },
              {
                "title": "should get the \"Valid orders\" for a customer",
                "fullTitle": "Check the created order in the Back Office Get the customer information should get the \"Valid orders\" for a customer",
                "timedOut": false,
                "duration": 105,
                "state": "passed",
                "speed": "fast",
                "pass": true,
                "fail": false,
                "pending": false,
                "code": "return instructions().catch(takeScreenshot);",
                "err": {},
                "isRoot": false,
                "uuid": "0250990d-14c3-419c-8f7f-367ccf89a30e",
                "parentUUID": "1257fc1c-025b-444c-8421-f07b8709704e",
                "isHook": false,
                "skipped": false
              },
              {
                "title": "should get the \"Total amount\" for a customer",
                "fullTitle": "Check the created order in the Back Office Get the customer information should get the \"Total amount\" for a customer",
                "timedOut": false,
                "duration": 445,
                "state": "passed",
                "speed": "fast",
                "pass": true,
                "fail": false,
                "pending": false,
                "code": "return instructions().catch(takeScreenshot);",
                "err": {},
                "isRoot": false,
                "uuid": "fc5175a8-5d46-4e97-8f39-b1be941cd681",
                "parentUUID": "1257fc1c-025b-444c-8421-f07b8709704e",
                "isHook": false,
                "skipped": false
              }
            ],
            "pending": [],
            "root": false,
            "_timeout": 400000,
            "file": "/test/campaigns/full/01_orders/02_create_order_in_FO.js",
            "uuid": "1257fc1c-025b-444c-8421-f07b8709704e",
            "beforeHooks": [
              {
                "title": "\"before all\" hook",
                "fullTitle": "Check the created order in the Back Office Get the customer information \"before all\" hook",
                "timedOut": false,
                "duration": 0,
                "pass": false,
                "fail": false,
                "pending": false,
                "code": "this.client = client",
                "err": {},
                "isRoot": false,
                "uuid": "ea620190-6e97-4537-8a07-a10a37a5dc42",
                "parentUUID": "1257fc1c-025b-444c-8421-f07b8709704e",
                "isHook": true,
                "skipped": false
              }
            ],
            "afterHooks": [],
            "fullFile": "/home/mbadrani/Documents/prestashop-develop/tests/E2E/test/campaigns/full/01_orders/02_create_order_in_FO.js",
            "passes": [
              {
                "title": "should go to the \"Customers\" page",
                "fullTitle": "Check the created order in the Back Office Get the customer information should go to the \"Customers\" page",
                "timedOut": false,
                "duration": 4033,
                "state": "passed",
                "speed": "fast",
                "pass": true,
                "fail": false,
                "pending": false,
                "code": "return instructions().catch(takeScreenshot);",
                "err": {},
                "isRoot": false,
                "uuid": "3856bd75-d323-4991-8771-4212c1e91923",
                "parentUUID": "1257fc1c-025b-444c-8421-f07b8709704e",
                "isHook": false,
                "skipped": false
              },
              {
                "title": "should search for the customer email in the \"Customers list\"",
                "fullTitle": "Check the created order in the Back Office Get the customer information should search for the customer email in the \"Customers list\"",
                "timedOut": false,
                "duration": 1219,
                "state": "passed",
                "speed": "fast",
                "pass": true,
                "fail": false,
                "pending": false,
                "code": "return instructions().catch(takeScreenshot);",
                "err": {},
                "isRoot": false,
                "uuid": "88365a2d-a914-4b36-aee3-f6b64eec468b",
                "parentUUID": "1257fc1c-025b-444c-8421-f07b8709704e",
                "isHook": false,
                "skipped": false
              },
              {
                "title": "should click on \"View\" button",
                "fullTitle": "Check the created order in the Back Office Get the customer information should click on \"View\" button",
                "timedOut": false,
                "duration": 2829,
                "state": "passed",
                "speed": "fast",
                "pass": true,
                "fail": false,
                "pending": false,
                "code": "return instructions().catch(takeScreenshot);",
                "err": {},
                "isRoot": false,
                "uuid": "0f64249c-f989-45d9-9ed5-08a1ca84bb8a",
                "parentUUID": "1257fc1c-025b-444c-8421-f07b8709704e",
                "isHook": false,
                "skipped": false
              },
              {
                "title": "should get the \"Valid orders\" for a customer",
                "fullTitle": "Check the created order in the Back Office Get the customer information should get the \"Valid orders\" for a customer",
                "timedOut": false,
                "duration": 105,
                "state": "passed",
                "speed": "fast",
                "pass": true,
                "fail": false,
                "pending": false,
                "code": "return instructions().catch(takeScreenshot);",
                "err": {},
                "isRoot": false,
                "uuid": "0250990d-14c3-419c-8f7f-367ccf89a30e",
                "parentUUID": "1257fc1c-025b-444c-8421-f07b8709704e",
                "isHook": false,
                "skipped": false
              },
              {
                "title": "should get the \"Total amount\" for a customer",
                "fullTitle": "Check the created order in the Back Office Get the customer information should get the \"Total amount\" for a customer",
                "timedOut": false,
                "duration": 445,
                "state": "passed",
                "speed": "fast",
                "pass": true,
                "fail": false,
                "pending": false,
                "code": "return instructions().catch(takeScreenshot);",
                "err": {},
                "isRoot": false,
                "uuid": "fc5175a8-5d46-4e97-8f39-b1be941cd681",
                "parentUUID": "1257fc1c-025b-444c-8421-f07b8709704e",
                "isHook": false,
                "skipped": false
              }
            ],
            "failures": [],
            "skipped": [],
            "hasBeforeHooks": true,
            "hasAfterHooks": false,
            "hasTests": true,
            "hasSuites": false,
            "totalTests": 5,
            "totalPasses": 5,
            "totalFailures": 0,
            "totalPending": 0,
            "totalSkipped": 0,
            "hasPasses": true,
            "hasFailures": false,
            "hasPending": false,
            "hasSkipped": false,
            "duration": 8631,
            "rootEmpty": false
          },
          {
            "title": "Check the created order information in the Back Office",
            "suites": [],
            "tests": [
              {
                "title": "should go to \"Orders\" page",
                "fullTitle": "Check the created order in the Back Office Check the created order information in the Back Office should go to \"Orders\" page",
                "timedOut": false,
                "duration": 4053,
                "state": "passed",
                "speed": "fast",
                "pass": true,
                "fail": false,
                "pending": false,
                "code": "return instructions().catch(takeScreenshot);",
                "err": {},
                "isRoot": false,
                "uuid": "66388683-464a-4b43-bac4-25c3e16acdc3",
                "parentUUID": "240121ee-4a9a-4ba8-8a85-2cba28f1b707",
                "isHook": false,
                "skipped": false
              },
              {
                "title": "should search for the created order by reference",
                "fullTitle": "Check the created order in the Back Office Check the created order information in the Back Office should search for the created order by reference",
                "timedOut": false,
                "duration": 229,
                "state": "passed",
                "speed": "fast",
                "pass": true,
                "fail": false,
                "pending": false,
                "code": "return instructions().catch(takeScreenshot);",
                "err": {},
                "isRoot": false,
                "uuid": "1397051a-8920-477e-a69c-6a6f2552acfa",
                "parentUUID": "240121ee-4a9a-4ba8-8a85-2cba28f1b707",
                "isHook": false,
                "skipped": false
              },
              {
                "title": "should go to search order",
                "fullTitle": "Check the created order in the Back Office Check the created order information in the Back Office should go to search order",
                "timedOut": false,
                "duration": 1097,
                "state": "passed",
                "speed": "fast",
                "pass": true,
                "fail": false,
                "pending": false,
                "code": "return instructions().catch(takeScreenshot);",
                "err": {},
                "isRoot": false,
                "uuid": "0a24b640-8585-4fc9-9cc1-8092443b8667",
                "parentUUID": "240121ee-4a9a-4ba8-8a85-2cba28f1b707",
                "isHook": false,
                "skipped": false
              },
              {
                "title": "should go to the order",
                "fullTitle": "Check the created order in the Back Office Check the created order information in the Back Office should go to the order",
                "timedOut": false,
                "duration": 2843,
                "state": "passed",
                "speed": "fast",
                "pass": true,
                "fail": false,
                "pending": false,
                "code": "return instructions().catch(takeScreenshot);",
                "err": {},
                "isRoot": false,
                "uuid": "3c2d4de7-e09e-4012-ab2d-ba8af7f69f73",
                "parentUUID": "240121ee-4a9a-4ba8-8a85-2cba28f1b707",
                "isHook": false,
                "skipped": false
              },
              {
                "title": "should check that the customer name is \"John DOE\"",
                "fullTitle": "Check the created order in the Back Office Check the created order information in the Back Office should check that the customer name is \"John DOE\"",
                "timedOut": false,
                "duration": 78,
                "state": "passed",
                "speed": "fast",
                "pass": true,
                "fail": false,
                "pending": false,
                "code": "return instructions().catch(takeScreenshot);",
                "err": {},
                "isRoot": false,
                "uuid": "c3adfeb3-53ea-4c8b-b26e-ca1ee914f324",
                "parentUUID": "240121ee-4a9a-4ba8-8a85-2cba28f1b707",
                "isHook": false,
                "skipped": false
              },
              {
                "title": "should check the customer email",
                "fullTitle": "Check the created order in the Back Office Check the created order information in the Back Office should check the customer email",
                "timedOut": false,
                "duration": 87,
                "state": "passed",
                "speed": "fast",
                "pass": true,
                "fail": false,
                "pending": false,
                "code": "return instructions().catch(takeScreenshot);",
                "err": {},
                "isRoot": false,
                "uuid": "a249a639-736d-466a-9925-ce8b3bee2c2c",
                "parentUUID": "240121ee-4a9a-4ba8-8a85-2cba28f1b707",
                "isHook": false,
                "skipped": false
              },
              {
                "title": "should check the \"Account registered\" ",
                "fullTitle": "Check the created order in the Back Office Check the created order information in the Back Office should check the \"Account registered\" ",
                "timedOut": false,
                "duration": 76,
                "state": "passed",
[...]
      "err": {},
      "isRoot": false,
      "uuid": "76e5bd26-8948-41fe-8ef6-a214aac4f3dc",
      "parentUUID": "240121ee-4a9a-4ba8-8a85-2cba28f1b707",
      "isHook": false,
      "skipped": false
    },
    {
      "title": "should check the total of \"Products\" tax included",
      "fullTitle": "Check the created order information in the Back Office should check the total of \"Products\" tax included",
      "timedOut": false,
      "duration": 45,
      "state": "passed",
      "speed": "fast",
      "pass": true,
      "fail": false,
      "pending": false,
      "code": "return instructions().catch(takeScreenshot);",
      "err": {},
      "isRoot": false,
      "uuid": "13451048-36db-4a4d-9771-7f86112a3ae4",
      "parentUUID": "240121ee-4a9a-4ba8-8a85-2cba28f1b707",
      "isHook": false,
      "skipped": false
    },
    {
      "title": "should check the total of \"Shipping\"",
      "fullTitle": "Check the created order information in the Back Office should check the total of \"Shipping\"",
      "timedOut": false,
      "duration": 46,
      "state": "passed",
      "speed": "fast",
      "pass": true,
      "fail": false,
      "pending": false,
      "code": "return instructions().catch(takeScreenshot);",
      "err": {},
      "isRoot": false,
      "uuid": "ff1d1b70-1d56-47e8-aa4b-3b8eaa8b1f6f",
      "parentUUID": "240121ee-4a9a-4ba8-8a85-2cba28f1b707",
      "isHook": false,
      "skipped": false
    },
    {
      "title": "should check the \"Total\" for orders tax included",
      "fullTitle": "Check the created order information in the Back Office should check the \"Total\" for orders tax included",
      "timedOut": false,
      "duration": 51,
      "state": "passed",
      "speed": "fast",
      "pass": true,
      "fail": false,
      "pending": false,
      "code": "return instructions().catch(takeScreenshot);",
      "err": {},
      "isRoot": false,
      "uuid": "4acf6d6a-51da-4173-afd4-11e9bf91074a",
      "parentUUID": "240121ee-4a9a-4ba8-8a85-2cba28f1b707",
      "isHook": false,
      "skipped": false
    },
    {
      "title": "should check that the status is equal to \"Awaiting bank wire payment\"",
      "fullTitle": "Check the created order information in the Back Office should check that the status is equal to \"Awaiting bank wire payment\"",
      "timedOut": false,
      "duration": 48,
      "state": "passed",
      "speed": "fast",
      "pass": true,
      "fail": false,
      "pending": false,
      "code": "return instructions().catch(takeScreenshot);",
      "err": {},
      "isRoot": false,
      "uuid": "5a20fb07-704d-4cb1-99dd-312fd48b9fcb",
      "parentUUID": "240121ee-4a9a-4ba8-8a85-2cba28f1b707",
      "isHook": false,
      "skipped": false
    },
    {
      "title": "should check the order message",
      "fullTitle": "Check the created order information in the Back Office should check the order message",
      "timedOut": false,
      "duration": 54,
      "state": "passed",
      "speed": "fast",
      "pass": true,
      "fail": false,
      "pending": false,
      "code": "return instructions().catch(takeScreenshot);",
      "err": {},
      "isRoot": false,
      "uuid": "3a94d5a0-6ac1-415d-8f71-a2655e581cbf",
      "parentUUID": "240121ee-4a9a-4ba8-8a85-2cba28f1b707",
      "isHook": false,
      "skipped": false
    },
    {
      "title": "should check basic product price",
      "fullTitle": "Check the created order information in the Back Office should check basic product price",
      "timedOut": false,
      "duration": 181,
      "state": "passed",
      "speed": "fast",
      "pass": true,
      "fail": false,
      "pending": false,
      "code": "return instructions().catch(takeScreenshot);",
      "err": {},
      "isRoot": false,
      "uuid": "c3051767-0928-4094-97b8-53754807dd1b",
      "parentUUID": "240121ee-4a9a-4ba8-8a85-2cba28f1b707",
      "isHook": false,
      "skipped": false
    },
    {
      "title": "should logout successfully from the Back Office",
      "fullTitle": "Logout from the Back Office should logout successfully from the Back Office",
      "timedOut": false,
      "duration": 20,
      "state": "passed",
      "speed": "fast",
      "pass": true,
      "fail": false,
      "pending": false,
      "code": "return instructions().catch(takeScreenshot);",
      "err": {},
      "isRoot": false,
      "uuid": "599e95d4-1871-4676-832a-03164837454c",
      "parentUUID": "7f7c7dfc-cd70-4cbc-926c-a2ddc214e72f",
      "isHook": false,
      "skipped": false
    },
    {
      "title": "should open the browser",
      "fullTitle": "Open the browser and connect to the Back Office should open the browser",
      "timedOut": false,
      "duration": 1155,
      "state": "passed",
      "speed": "fast",
      "pass": true,
      "fail": false,
      "pending": false,
      "code": "return instructions().catch(takeScreenshot);",
      "err": {},
      "isRoot": false,
      "uuid": "9dafb77c-afa6-4e04-a748-5bb9a601aec0",
      "parentUUID": "f90c1076-944a-4572-bc7d-cd5c139b9fe6",
      "isHook": false,
      "skipped": false
    },
    {
      "title": "should login successfully in the Back Office",
      "fullTitle": "Open the browser and connect to the Back Office should login successfully in the Back Office",
      "timedOut": false,
      "duration": 4715,
      "state": "passed",
      "speed": "fast",
      "pass": true,
      "fail": false,
      "pending": false,
      "code": "return instructions().catch(takeScreenshot);",
      "err": {},
      "isRoot": false,
      "uuid": "f44dbc3b-8f22-43b4-b80a-f30151a7b10c",
      "parentUUID": "f90c1076-944a-4572-bc7d-cd5c139b9fe6",
      "isHook": false,
      "skipped": false
    },
    {
      "title": "Should go to \"Product settings\" page",
      "fullTitle": "Change configuration of  \"Allow ordering of out-of-stock products\"  Should go to \"Product settings\" page",
      "timedOut": false,
      "duration": 4094,
      "state": "passed",
      "speed": "fast",
      "pass": true,
      "fail": false,
      "pending": false,
      "code": "return instructions().catch(takeScreenshot);",
      "err": {},
      "isRoot": false,
      "uuid": "ee9fe836-a08e-4efa-943c-2e7cf22c60f8",
      "parentUUID": "d5781083-152d-4eb2-a9d9-614dead7c839",
      "isHook": false,
      "skipped": false
    },
    {
      "title": "Should click on \"NO\" button to disable ordering of out-of-stock products",
      "fullTitle": "Change configuration of  \"Allow ordering of out-of-stock products\"  Should click on \"NO\" button to disable ordering of out-of-stock products",
      "timedOut": false,
      "duration": 117,
      "state": "passed",
      "speed": "fast",
      "pass": true,
      "fail": false,
      "pending": false,
      "code": "return instructions().catch(takeScreenshot);",
      "err": {},
      "isRoot": false,
      "uuid": "ffeada52-ed14-46df-91ae-5a55d20e7203",
      "parentUUID": "d5781083-152d-4eb2-a9d9-614dead7c839",
      "isHook": false,
      "skipped": false
    },
    {
      "title": "Should click \"Save\" button",
      "fullTitle": "Change configuration of  \"Allow ordering of out-of-stock products\"  Should click \"Save\" button",
      "timedOut": false,
      "duration": 1210,
      "state": "passed",
      "speed": "fast",
      "pass": true,
      "fail": false,
      "pending": false,
      "code": "return instructions().catch(takeScreenshot);",
      "err": {},
      "isRoot": false,
      "uuid": "b1b611b3-1e9b-4281-b44a-ca95d66530cc",
      "parentUUID": "d5781083-152d-4eb2-a9d9-614dead7c839",
      "isHook": false,
      "skipped": false
    },
    {
      "title": "should go to \"Products\" page",
      "fullTitle": "Create a new product in the Back Office should go to \"Products\" page",
      "timedOut": false,
      "duration": 4068,
      "state": "passed",
      "speed": "fast",
      "pass": true,
      "fail": false,
      "pending": false,
      "code": "return instructions().catch(takeScreenshot);",
      "err": {},
      "isRoot": false,
      "uuid": "1ecb2db5-3133-45f0-ab20-0a24cbd584e7",
      "parentUUID": "f217707f-882e-4856-ba81-61c480dbed6e",
      "isHook": false,
      "skipped": false
    },
    {
      "title": "should click on \"New Product\" button",
      "fullTitle": "Create a new product in the Back Office should click on \"New Product\" button",
      "timedOut": false,
      "duration": 3884,
      "state": "passed",
      "speed": "fast",
      "pass": true,
      "fail": false,
      "pending": false,
      "code": "return instructions().catch(takeScreenshot);",
      "err": {},
      "isRoot": false,
      "uuid": "ce90e634-11e9-4141-aedf-9d64808ec103",
      "parentUUID": "f217707f-882e-4856-ba81-61c480dbed6e",
      "isHook": false,
      "skipped": false
    },
    {
      "title": "should set the \"Name\" input",
      "fullTitle": "Create a new product in the Back Office should set the \"Name\" input",
      "timedOut": false,
      "duration": 799,
      "state": "passed",
      "speed": "fast",
      "pass": true,
      "fail": false,
      "pending": false,
      "code": "return instructions().catch(takeScreenshot);",
      "err": {},
      "isRoot": false,
      "uuid": "6a3cab8d-e96b-4792-921d-5c5a158458d3",
      "parentUUID": "f217707f-882e-4856-ba81-61c480dbed6e",
      "isHook": false,
      "skipped": false
    },
    {
      "title": "should set the \"Reference\" input",
      "fullTitle": "Create a new product in the Back Office should set the \"Reference\" input",
      "timedOut": false,
      "duration": 164,
      "state": "passed",
      "speed": "fast",
      "pass": true,
      "fail": false,
      "pending": false,
      "code": "return instructions().catch(takeScreenshot);",
      "err": {},
      "isRoot": false,
      "uuid": "c16beef1-d3eb-4efe-b705-d26fe64ab3f0",
      "parentUUID": "f217707f-882e-4856-ba81-61c480dbed6e",
      "isHook": false,
      "skipped": false
    },
    {
      "title": "should set the \"Quantity\" input",
      "fullTitle": "Create a new product in the Back Office should set the \"Quantity\" input",
      "timedOut": false,
      "duration": 155,
      "state": "passed",
      "speed": "fast",
      "pass": true,
      "fail": false,
      "pending": false,
      "code": "return instructions().catch(takeScreenshot);",
      "err": {},
      "isRoot": false,
      "uuid": "8fe0f4a0-82ee-4d5a-89a9-e20282928505",
      "parentUUID": "f217707f-882e-4856-ba81-61c480dbed6e",
      "isHook": false,
      "skipped": false
    },
    {
      "title": "should set the \"Price\" input",
      "fullTitle": "Create a new product in the Back Office should set the \"Price\" input",
      "timedOut": false,
      "duration": 219,
      "state": "passed",
      "speed": "fast",
      "pass": true,
      "fail": false,
      "pending": false,
      "code": "return instructions().catch(takeScreenshot);",
      "err": {},
      "isRoot": false,
      "uuid": "5ecc2c1f-631f-4daa-bad8-e093d243f3fc",
      "parentUUID": "f217707f-882e-4856-ba81-61c480dbed6e",
      "isHook": false,
      "skipped": false
    },
    {
      "title": "should upload the first product picture",
      "fullTitle": "Create a new product in the Back Office should upload the first product picture",
      "timedOut": false,
      "duration": 280,
      "state": "passed",
      "speed": "fast",
      "pass": true,
      "fail": false,
      "pending": false,
      "code": "return instructions().catch(takeScreenshot);",
      "err": {},
      "isRoot": false,
      "uuid": "c414880a-c515-4a91-9481-19286f21c4f9",
      "parentUUID": "f217707f-882e-4856-ba81-61c480dbed6e",
      "isHook": false,
      "skipped": false
    },
    {
      "title": "should check then close symfony toolbar",
      "fullTitle": "Save the created product should check then close symfony toolbar",
      "timedOut": false,
      "duration": 1025,
      "state": "passed",
      "speed": "fast",
      "pass": true,
      "fail": false,
      "pending": false,
      "code": "return instructions().catch(takeScreenshot);",
      "err": {},
      "isRoot": false,
      "uuid": "9fd22761-71df-483d-b007-4a30ef862c45",
      "parentUUID": "de015d27-9ba8-4560-88ed-bfd6c73721bd",
      "isHook": false,
      "skipped": false
    },
    {
      "title": "should switch the product online and verify the appearance of the green validation",
      "fullTitle": "Save the created product should switch the product online and verify the appearance of the green validation",
      "timedOut": false,
      "duration": 3098,
      "state": "passed",
      "speed": "fast",
      "pass": true,
      "fail": false,
      "pending": false,
      "code": "return instructions().catch(takeScreenshot);",
      "err": {},
      "isRoot": false,
      "uuid": "4f388798-94ca-4a41-90ca-1e8803aa8185",
      "parentUUID": "de015d27-9ba8-4560-88ed-bfd6c73721bd",
      "isHook": false,
      "skipped": false
    },
    {
      "title": "should click on \"Save\" button",
      "fullTitle": "Save the created product should click on \"Save\" button",
      "timedOut": false,
      "duration": 5109,
      "state": "passed",
      "speed": "fast",
      "pass": true,
      "fail": false,
      "pending": false,
      "code": "return instructions().catch(takeScreenshot);",
      "err": {},
      "isRoot": false,
      "uuid": "cae89823-9141-4235-be2e-97ce74e5e41d",
      "parentUUID": "de015d27-9ba8-4560-88ed-bfd6c73721bd",
      "isHook": false,
      "skipped": false
    },
    {
      "title": "should check and close the green validation",
      "fullTitle": "Save the created product should check and close the green validation",
      "timedOut": false,
      "duration": 3129,
      "state": "passed",
      "speed": "fast",
      "pass": true,
      "fail": false,
      "pending": false,
      "code": "return instructions().catch(takeScreenshot);",
      "err": {},
      "isRoot": false,
      "uuid": "8f2a64d0-a339-418b-a064-e5e601890506",
      "parentUUID": "de015d27-9ba8-4560-88ed-bfd6c73721bd",
      "isHook": false,
      "skipped": false
    },
    {
      "title": "should login successfully in the Front Office",
      "fullTitle": "Connect to the Front Office should login successfully in the Front Office",
      "timedOut": false,
      "duration": 2520,
      "state": "passed",
      "speed": "fast",
      "pass": true,
      "fail": false,
      "pending": false,
      "code": "return instructions().catch(takeScreenshot);",
      "err": {},
      "isRoot": false,
      "uuid": "f52c7a97-ff9e-4d75-ba14-be48de19b47e",
      "parentUUID": "a809e387-9b50-472d-b619-dfc03603a272",
      "isHook": false,
      "skipped": false
    },
    {
      "title": "should set the language of shop to \"English\"",
      "fullTitle": "Order a product from the quick view should set the language of shop to \"English\"",
      "timedOut": false,
      "duration": 5121,
      "state": "passed",
      "speed": "fast",
      "pass": true,
      "fail": false,
      "pending": false,
      "code": "return instructions().catch(takeScreenshot);",
      "err": {},
      "isRoot": false,
      "uuid": "0c04fff0-b633-4e53-97f1-c17b92e5d149",
      "parentUUID": "79907015-efa8-4c3e-a115-7a9424401ec8",
      "isHook": false,
      "skipped": false
    },
    {
      "title": "should search for the product",
      "fullTitle": "Order a product from the quick view should search for the product",
      "timedOut": false,
      "duration": 2638,
      "state": "passed",
      "speed": "fast",
      "pass": true,
      "fail": false,
      "pending": false,
      "code": "return instructions().catch(takeScreenshot);",
      "err": {},
      "isRoot": false,
      "uuid": "f97517a9-af4f-4592-8a32-48f131e4c592",
      "parentUUID": "79907015-efa8-4c3e-a115-7a9424401ec8",
      "isHook": false,
      "skipped": false
    },
    {
      "title": "should click on \"Quick view\" button",
      "fullTitle": "Order a product from the quick view should click on \"Quick view\" button",
      "timedOut": false,
      "duration": 4141,
      "state": "passed",
      "speed": "fast",
      "pass": true,
      "fail": false,
      "pending": false,
      "code": "return instructions().catch(takeScreenshot);",
      "err": {},
      "isRoot": false,
      "uuid": "1d17b4f9-fcc4-4821-9d43-880c12a2bd0d",
      "parentUUID": "79907015-efa8-4c3e-a115-7a9424401ec8",
      "isHook": false,
      "skipped": false
    },
    {
      "title": "should set the product quantity to 50",
      "fullTitle": "Order a product from the quick view should set the product quantity to 50",
      "timedOut": false,
      "duration": 114,
      "state": "passed",
      "speed": "fast",
      "pass": true,
      "fail": false,
      "pending": false,
      "code": "return instructions().catch(takeScreenshot);",
      "err": {},
      "isRoot": false,
      "uuid": "05d8b426-ddbc-496d-a02e-05c85de9fccd",
      "parentUUID": "79907015-efa8-4c3e-a115-7a9424401ec8",
      "isHook": false,
      "skipped": false
    },
    {
      "title": "should click on \"ADD TO CART\" button",
      "fullTitle": "Order a product from the quick view should click on \"ADD TO CART\" button",
      "timedOut": false,
      "duration": 3076,
      "state": "passed",
      "speed": "fast",
      "pass": true,
      "fail": false,
      "pending": false,
      "code": "return instructions().catch(takeScreenshot);",
      "err": {},
      "isRoot": false,
      "uuid": "3015bb89-63bd-4726-90e5-4af7d2025273",
      "parentUUID": "79907015-efa8-4c3e-a115-7a9424401ec8",
      "isHook": false,
      "skipped": false
    },
    {
      "title": "should check that the success message does not appear",
      "fullTitle": "Order a product from the quick view should check that the success message does not appear",
      "timedOut": false,
      "duration": 2017,
      "state": "passed",
      "speed": "fast",
      "pass": true,
      "fail": false,
      "pending": false,
      "code": "return instructions().catch(takeScreenshot);",
      "err": {},
      "isRoot": false,
      "uuid": "46efb54a-8b98-4837-bd63-9693658327a4",
      "parentUUID": "79907015-efa8-4c3e-a115-7a9424401ec8",
      "isHook": false,
      "skipped": false
    }
  ],
  "allFailures": [
    {
      "title": "should check the \"Total spent since registration\" ",
      "fullTitle": "Check the created order information in the Back Office should check the \"Total spent since registration\" ",
      "timedOut": false,
      "duration": 227,
      "state": "failed",
      "pass": false,
      "fail": true,
      "pending": false,
      "code": "return instructions().catch(takeScreenshot);",
      "err": {
        "message": "AssertionError: expected '€1,270.84' to include '100.18'",
        "estack": "AssertionError: expected '€1,270.84' to include '100.18'\n    at Object.client.pause.waitForExist.then.then (test/clients/common_client.js:225:43)\n    at Object.exec (node_modules/webdriverio/build/lib/helpers/safeExecute.js:28:24)\n    at Object.resolve (node_modules/webdriverio/build/lib/webdriverio.js:190:29)\n    at /home/mbadrani/Documents/prestashop-develop/tests/E2E/node_modules/webdriverio/build/lib/webdriverio.js:539:32\n    at _fulfilled (node_modules/q/q.js:854:54)\n    at self.promiseDispatch.done (node_modules/q/q.js:883:30)\n    at Promise.promise.promiseDispatch (node_modules/q/q.js:816:13)\n    at /home/mbadrani/Documents/prestashop-develop/tests/E2E/node_modules/q/q.js:624:44\n    at runSingle (node_modules/q/q.js:137:13)\n    at flush (node_modules/q/q.js:125:13)\n    at process._tickCallback (internal/process/next_tick.js:150:11)"
      },
      "isRoot": false,
      "uuid": "849f05a3-90b0-47b0-b2c4-c3be2123d09e",
      "parentUUID": "240121ee-4a9a-4ba8-8a85-2cba28f1b707",
      "isHook": false,
      "skipped": false
    }
  ],
  "copyrightYear": 2019
}