{
  "stats": {
    "suites": 13,
    "tests": 84,
    "passes": 84,
    "pending": 0,
    "failures": 0,
    "start": "2019-05-10T11:15:20.163Z",
    "end": "2019-05-10T11:18:39.099Z",
    "duration": 198936,
    "testsRegistered": 84,
    "passPercent": 100,
    "pendingPercent": 0,
    "other": 0,
    "hasOther": false,
    "skipped": 0,
    "hasSkipped": false,
    "passPercentClass": "success",
    "pendingPercentClass": "danger"
  },
  "suites": {
    "title": "",
    "suites": [
      {
        "title": "Install \"abondoned cart pro\" module",
        "suites": [
          {
            "title": "Login in the Back Office",
            "suites": [],
            "tests": [
              {
                "title": "should open the browser",
                "fullTitle": "Install \"abondoned cart pro\" module Login in the Back Office should open the browser",
                "timedOut": false,
                "duration": 2170,
                "state": "passed",
                "speed": "fast",
                "pass": true,
                "fail": false,
                "pending": false,
                "code": "return instructions().catch(takeScreenshot);",
                "err": {},
                "isRoot": false,
                "uuid": "2fbb9007-8109-49f6-9ce0-72c24516491a",
                "parentUUID": "ebaca32b-6357-49eb-95a6-a680090e6881",
                "isHook": false,
                "skipped": false
              },
              {
                "title": "should login successfully in the Back Office",
                "fullTitle": "Install \"abondoned cart pro\" module Login in the Back Office should login successfully in the Back Office",
                "timedOut": false,
                "duration": 3606,
                "state": "passed",
                "speed": "fast",
                "pass": true,
                "fail": false,
                "pending": false,
                "code": "return instructions().catch(takeScreenshot);",
                "err": {},
                "isRoot": false,
                "uuid": "20002105-04de-4c44-a193-ee711b6121cd",
                "parentUUID": "ebaca32b-6357-49eb-95a6-a680090e6881",
                "isHook": false,
                "skipped": false
              }
            ],
            "pending": [],
            "root": false,
            "_timeout": 400000,
            "file": "/test/campaigns/full/10_module/1_Zip_module.js",
            "uuid": "ebaca32b-6357-49eb-95a6-a680090e6881",
            "beforeHooks": [
              {
                "title": "\"before all\" hook",
                "fullTitle": "Install \"abondoned cart pro\" module Login in the Back Office \"before all\" hook",
                "timedOut": false,
                "duration": 0,
                "pass": false,
                "fail": false,
                "pending": false,
                "code": "this.client = client",
                "err": {},
                "isRoot": false,
                "uuid": "cf14c76e-e854-46fb-b016-fc64bf49facb",
                "parentUUID": "ebaca32b-6357-49eb-95a6-a680090e6881",
                "isHook": true,
                "skipped": false
              }
            ],
            "afterHooks": [],
            "fullFile": "/home/mbadrani/Documents/prestashop-develop/tests/E2E/test/campaigns/full/10_module/1_Zip_module.js",
            "passes": [
              {
                "title": "should open the browser",
                "fullTitle": "Install \"abondoned cart pro\" module Login in the Back Office should open the browser",
                "timedOut": false,
                "duration": 2170,
                "state": "passed",
                "speed": "fast",
                "pass": true,
                "fail": false,
                "pending": false,
                "code": "return instructions().catch(takeScreenshot);",
                "err": {},
                "isRoot": false,
                "uuid": "2fbb9007-8109-49f6-9ce0-72c24516491a",
                "parentUUID": "ebaca32b-6357-49eb-95a6-a680090e6881",
                "isHook": false,
                "skipped": false
              },
              {
                "title": "should login successfully in the Back Office",
                "fullTitle": "Install \"abondoned cart pro\" module Login in the Back Office should login successfully in the Back Office",
                "timedOut": false,
                "duration": 3606,
                "state": "passed",
                "speed": "fast",
                "pass": true,
                "fail": false,
                "pending": false,
                "code": "return instructions().catch(takeScreenshot);",
                "err": {},
                "isRoot": false,
                "uuid": "20002105-04de-4c44-a193-ee711b6121cd",
                "parentUUID": "ebaca32b-6357-49eb-95a6-a680090e6881",
                "isHook": false,
                "skipped": false
              }
            ],
            "failures": [],
            "skipped": [],
            "hasBeforeHooks": true,
            "hasAfterHooks": false,
            "hasTests": true,
            "hasSuites": false,
            "totalTests": 2,
            "totalPasses": 2,
            "totalFailures": 0,
            "totalPending": 0,
            "totalSkipped": 0,
            "hasPasses": true,
            "hasFailures": false,
            "hasPending": false,
            "hasSkipped": false,
            "duration": 5776,
            "rootEmpty": false
          },
          {
            "title": "Close the onboarding modal if exist ",
            "suites": [],
            "tests": [
              {
                "title": "should close the onboarding modal if exist",
                "fullTitle": "Install \"abondoned cart pro\" module Close the onboarding modal if exist  should close the onboarding modal if exist",
                "timedOut": false,
                "duration": 1046,
                "state": "passed",
                "speed": "fast",
                "pass": true,
                "fail": false,
                "pending": false,
                "code": "return instructions().catch(takeScreenshot);",
                "err": {},
                "isRoot": false,
                "uuid": "b1b6d9ef-17eb-49a8-b4eb-a055aa0aec01",
                "parentUUID": "b4c3aa8c-5a97-4878-8507-0a3e4c482ff6",
                "isHook": false,
                "skipped": false
              },
              {
                "title": "should close the Onboarding on the navBar if exist",
                "fullTitle": "Install \"abondoned cart pro\" module Close the onboarding modal if exist  should close the Onboarding on the navBar if exist",
                "timedOut": false,
                "duration": 1021,
                "state": "passed",
                "speed": "fast",
                "pass": true,
                "fail": false,
                "pending": false,
                "code": "return instructions().catch(takeScreenshot);",
                "err": {},
                "isRoot": false,
                "uuid": "e0e07b77-629f-4582-8be7-a611334a298a",
                "parentUUID": "b4c3aa8c-5a97-4878-8507-0a3e4c482ff6",
                "isHook": false,
                "skipped": false
              }
            ],
            "pending": [],
            "root": false,
            "_timeout": 400000,
            "file": "/test/campaigns/full/10_module/1_Zip_module.js",
            "uuid": "b4c3aa8c-5a97-4878-8507-0a3e4c482ff6",
            "beforeHooks": [
              {
                "title": "\"before all\" hook",
                "fullTitle": "Install \"abondoned cart pro\" module Close the onboarding modal if exist  \"before all\" hook",
                "timedOut": false,
                "duration": 0,
                "pass": false,
                "fail": false,
                "pending": false,
                "code": "this.client = client",
                "err": {},
                "isRoot": false,
                "uuid": "622be70c-d5e4-45e8-aff4-81256faa93e7",
                "parentUUID": "b4c3aa8c-5a97-4878-8507-0a3e4c482ff6",
                "isHook": true,
                "skipped": false
              }
            ],
            "afterHooks": [],
            "fullFile": "/home/mbadrani/Documents/prestashop-develop/tests/E2E/test/campaigns/full/10_module/1_Zip_module.js",
            "passes": [
              {
                "title": "should close the onboarding modal if exist",
                "fullTitle": "Install \"abondoned cart pro\" module Close the onboarding modal if exist  should close the onboarding modal if exist",
                "timedOut": false,
                "duration": 1046,
                "state": "passed",
                "speed": "fast",
                "pass": true,
                "fail": false,
                "pending": false,
                "code": "return instructions().catch(takeScreenshot);",
                "err": {},
                "isRoot": false,
                "uuid": "b1b6d9ef-17eb-49a8-b4eb-a055aa0aec01",
                "parentUUID": "b4c3aa8c-5a97-4878-8507-0a3e4c482ff6",
                "isHook": false,
                "skipped": false
              },
              {
                "title": "should close the Onboarding on the navBar if exist",
                "fullTitle": "Install \"abondoned cart pro\" module Close the onboarding modal if exist  should close the Onboarding on the navBar if exist",
                "timedOut": false,
                "duration": 1021,
                "state": "passed",
                "speed": "fast",
                "pass": true,
                "fail": false,
                "pending": false,
                "code": "return instructions().catch(takeScreenshot);",
                "err": {},
                "isRoot": false,
                "uuid": "e0e07b77-629f-4582-8be7-a611334a298a",
                "parentUUID": "b4c3aa8c-5a97-4878-8507-0a3e4c482ff6",
                "isHook": false,
                "skipped": false
              }
            ],
            "failures": [],
            "skipped": [],
            "hasBeforeHooks": true,
            "hasAfterHooks": false,
            "hasTests": true,
            "hasSuites": false,
            "totalTests": 2,
            "totalPasses": 2,
            "totalFailures": 0,
            "totalPending": 0,
            "totalSkipped": 0,
            "hasPasses": true,
            "hasFailures": false,
            "hasPending": false,
            "hasSkipped": false,
            "duration": 2067,
            "rootEmpty": false
          },
          {
            "title": "Check then uninstall \"ps_mbo\" module",
            "suites": [],
            "tests": [
              {
                "title": "should go to \"Module Catalog\" page",
                "fullTitle": "Install \"abondoned cart pro\" module Check then uninstall \"ps_mbo\" module should go to \"Module Catalog\" page",
                "timedOut": false,
                "duration": 4037,
                "state": "passed",
                "speed": "fast",
                "pass": true,
                "fail": false,
                "pending": false,
                "code": "return instructions().catch(takeScreenshot);",
                "err": {},
                "isRoot": false,
                "uuid": "862f07dc-d9bb-4e9d-a9fe-8d8ba4c41796",
                "parentUUID": "2f41ef9f-7bc1-4d54-92de-52ef73afc9fe",
                "isHook": false,
                "skipped": false
              },
              {
                "title": "should go to \"Module Manager\" page",
                "fullTitle": "Install \"abondoned cart pro\" module Check then uninstall \"ps_mbo\" module should go to \"Module Manager\" page",
                "timedOut": false,
                "duration": 698,
                "state": "passed",
                "speed": "fast",
                "pass": true,
                "fail": false,
                "pending": false,
                "code": "return instructions().catch(takeScreenshot);",
                "err": {},
                "isRoot": false,
                "uuid": "5f3cbe43-be51-405b-aa55-09fd2897cfdc",
                "parentUUID": "2f41ef9f-7bc1-4d54-92de-52ef73afc9fe",
                "isHook": false,
                "skipped": false
              },
              {
                "title": "should click on \"Installed Modules\" tab",
                "fullTitle": "Install \"abondoned cart pro\" module Check then uninstall \"ps_mbo\" module should click on \"Installed Modules\" tab",
                "timedOut": false,
                "duration": 1076,
                "state": "passed",
                "speed": "fast",
                "pass": true,
                "fail": false,
                "pending": false,
                "code": "return instructions().catch(takeScreenshot);",
                "err": {},
                "isRoot": false,
                "uuid": "5175101d-835e-44a7-90d1-c653cd2e18bc",
                "parentUUID": "2f41ef9f-7bc1-4d54-92de-52ef73afc9fe",
                "isHook": false,
                "skipped": false
              },
              {
                "title": "should search for ps_mbo module in the installed module tab",
                "fullTitle": "Install \"abondoned cart pro\" module Check then uninstall \"ps_mbo\" module should search for ps_mbo module in the installed module tab",
                "timedOut": false,
                "duration": 2197,
                "state": "passed",
                "speed": "fast",
                "pass": true,
                "fail": false,
                "pending": false,
                "code": "return instructions().catch(takeScreenshot);",
                "err": {},
                "isRoot": false,
                "uuid": "a7eaf59c-a8e0-4b0d-b9e4-0a49525c69df",
                "parentUUID": "2f41ef9f-7bc1-4d54-92de-52ef73afc9fe",
                "isHook": false,
                "skipped": false
              },
              {
                "title": "should click on \"Search\" button",
                "fullTitle": "Install \"abondoned cart pro\" module Check then uninstall \"ps_mbo\" module should click on \"Search\" button",
                "timedOut": false,
                "duration": 129,
                "state": "passed",
                "speed": "fast",
                "pass": true,
                "fail": false,
                "pending": false,
                "code": "return instructions().catch(takeScreenshot);",
                "err": {},
                "isRoot": false,
                "uuid": "5dc60a39-16d6-437a-afbd-ee75385e6fdc",
                "parentUUID": "2f41ef9f-7bc1-4d54-92de-52ef73afc9fe",
                "isHook": false,
                "skipped": false
              },
              {
                "title": "should check if the module ps_mbo was installed",
                "fullTitle": "Install \"abondoned cart pro\" module Check then uninstall \"ps_mbo\" module should check if the module ps_mbo was installed",
                "timedOut": false,
                "duration": 2038,
                "state": "passed",
                "speed": "fast",
                "pass": true,
                "fail": false,
                "pending": false,
                "code": "return instructions().catch(takeScreenshot);",
                "err": {},
                "isRoot": false,
                "uuid": "c4285ff9-fbf7-4bc1-a89f-e6c4163676a9",
                "parentUUID": "2f41ef9f-7bc1-4d54-92de-52ef73afc9fe",
                "isHook": false,
                "skipped": false
              },
              {
                "title": "should click on \"Uninstall\" button",
                "fullTitle": "Install \"abondoned cart pro\" module Check then uninstall \"ps_mbo\" module should click on \"Uninstall\" button",
                "timedOut": false,
                "duration": 5577,
                "state": "passed",
                "speed": "fast",
                "pass": true,
                "fail": false,
                "pending": false,
                "code": "return instructions().catch(takeScreenshot);",
                "err": {},
                "isRoot": false,
                "uuid": "f54f6cdc-956b-4cba-8873-61e0c0cecc7d",
                "parentUUID": "2f41ef9f-7bc1-4d54-92de-52ef73afc9fe",
                "isHook": false,
                "skipped": false
              },
              {
                "title": "should go to the \"Dashboard\" page",
                "fullTitle": "Install \"abondoned cart pro\" module Check then uninstall \"ps_mbo\" module should go to the \"Dashboard\" page",
                "timedOut": false,
                "duration": 5910,
                "state": "passed",
                "speed": "fast",
                "pass": true,
                "fail": false,
                "pending": false,
                "code": "return instructions().catch(takeScreenshot);",
                "err": {},
                "isRoot": false,
                "uuid": "ad11b0d4-8944-4029-b108-3e069e53d099",
                "parentUUID": "2f41ef9f-7bc1-4d54-92de-52ef73afc9fe",
                "isHook": false,
                "skipped": false
              }
            ],
            "pending": [],
            "root": false,
            "_timeout": 400000,
            "file": "/test/campaigns/full/10_module/1_Zip_module.js",
            "uuid": "2f41ef9f-7bc1-4d54-92de-52ef73afc9fe",
            "beforeHooks": [
              {
                "title": "\"before all\" hook",
                "fullTitle": "Install \"abondoned cart pro\" module Check then uninstall \"ps_mbo\" module \"before all\" hook",
                "timedOut": false,
                "duration": 0,
                "pass": false,
                "fail": false,
                "pending": false,
                "code": "this.client = client",
                "err": {},
                "isRoot": false,
                "uuid": "e6a5e975-a34a-4020-acca-e69108b9aa7b",
                "parentUUID": "2f41ef9f-7bc1-4d54-92de-52ef73afc9fe",
                "isHook": true,
                "skipped": false
              }
            ],
            "afterHooks": [],
            "fullFile": "/home/mbadrani/Documents/prestashop-develop/tests/E2E/test/campaigns/full/10_module/1_Zip_module.js",
            "passes": [
              {
                "title": "should go to \"Module Catalog\" page",
                "fullTitle": "Install \"abondoned cart pro\" module Check then uninstall \"ps_mbo\" module should go to \"Module Catalog\" page",
                "timedOut": false,
                "duration": 4037,
                "state": "passed",
                "speed": "fast",
                "pass": true,
                "fail": false,
                "pending": false,
                "code": "return instructions().catch(takeScreenshot);",
                "err": {},
                "isRoot": false,
                "uuid": "862f07dc-d9bb-4e9d-a9fe-8d8ba4c41796",
                "parentUUID": "2f41ef9f-7bc1-4d54-92de-52ef73afc9fe",
                "isHook": false,
                "skipped": false
              },
              {
                "title": "should go to \"Module Manager\" page",
                "fullTitle": "Install \"abondoned cart pro\" module Check then uninstall \"ps_mbo\" module should go to \"Module Manager\" page",
                "timedOut": false,
                "duration": 698,
                "state": "passed",
                "speed": "fast",
                "pass": true,
                "fail": false,
                "pending": false,
                "code": "return instructions().catch(takeScreenshot);",
                "err": {},
                "isRoot": false,
                "uuid": "5f3cbe43-be51-405b-aa55-09fd2897cfdc",
                "parentUUID": "2f41ef9f-7bc1-4d54-92de-52ef73afc9fe",
                "isHook": false,
                "skipped": false
              },
              {
                "title": "should click on \"Installed Modules\" tab",
                "fullTitle": "Install \"abondoned cart pro\" module Check then uninstall \"ps_mbo\" module should click on \"Installed Modules\" tab",
                "timedOut": false,
                "duration": 1076,
                "state": "passed",
                "speed": "fast",
                "pass": true,
                "fail": false,
                "pending": false,
                "code": "return instructions().catch(takeScreenshot);",
                "err": {},
                "isRoot": false,
                "uuid": "5175101d-835e-44a7-90d1-c653cd2e18bc",
                "parentUUID": "2f41ef9f-7bc1-4d54-92de-52ef73afc9fe",
                "isHook": false,
                "skipped": false
              },
              {
                "title": "should search for ps_mbo module in the installed module tab",
                "fullTitle": "Install \"abondoned cart pro\" module Check then uninstall \"ps_mbo\" module should search for ps_mbo module in the installed module tab",
                "timedOut": false,
                "duration": 2197,
                "state": "passed",
                "speed": "fast",
                "pass": true,
                "fail": false,
                "pending": false,
                "code": "return instructions().catch(takeScreenshot);",
                "err": {},
                "isRoot": false,
                "uuid": "a7eaf59c-a8e0-4b0d-b9e4-0a49525c69df",
                "parentUUID": "2f41ef9f-7bc1-4d54-92de-52ef73afc9fe",
                "isHook": false,
                "skipped": false
              },
              {
                "title": "should click on \"Search\" button",
                "fullTitle": "Install \"abondoned cart pro\" module Check then uninstall \"ps_mbo\" module should click on \"Search\" button",
                "timedOut": false,
                "duration": 129,
                "state": "passed",
                "speed": "fast",
                "pass": true,
                "fail": false,
                "pending": false,
                "code": "return instructions().catch(takeScreenshot);",
                "err": {},
                "isRoot": false,
                "uuid": "5dc60a39-16d6-437a-afbd-ee75385e6fdc",
                "parentUUID": "2f41ef9f-7bc1-4d54-92de-52ef73afc9fe",
                "isHook": false,
                "skipped": false
              },
              {
                "title": "should check if the module ps_mbo was installed",
                "fullTitle": "Install \"abondoned cart pro\" module Check then uninstall \"ps_mbo\" module should check if the module ps_mbo was installed",
                "timedOut": false,
                "duration": 2038,
                "state": "passed",
                "speed": "fast",
                "pass": true,
                "fail": false,
                "pending": false,
                "code": "return instructions().catch(takeScreenshot);",
                "err": {},
                "isRoot": false,
                "uuid": "c4285ff9-fbf7-4bc1-a89f-e6c4163676a9",
                "parentUUID": "2f41ef9f-7bc1-4d54-92de-52ef73afc9fe",
                "isHook": false,
                "skipped": false
              },
              {
                "title": "should click on \"Uninstall\" button",
                "fullTitle": "Install \"abondoned cart pro\" module Check then uninstall \"ps_mbo\" module should click on \"Uninstall\" button",
                "timedOut": false,
                "duration": 5577,
                "state": "passed",
                "speed": "fast",
                "pass": true,
                "fail": false,
                "pending": false,
                "code": "return instructions().catch(takeScreenshot);",
                "err": {},
                "isRoot": false,
                "uuid": "f54f6cdc-956b-4cba-8873-61e0c0cecc7d",
                "parentUUID": "2f41ef9f-7bc1-4d54-92de-52ef73afc9fe",
                "isHook": false,
                "skipped": false
              },
              {
                "title": "should go to the \"Dashboard\" page",
                "fullTitle": "Install \"abondoned cart pro\" module Check then uninstall \"ps_mbo\" module should go to the \"Dashboard\" page",
                "timedOut": false,
                "duration": 5910,
                "state": "passed",
                "speed": "fast",
                "pass": true,
                "fail": false,
                "pending": false,
                "code": "return instructions().catch(takeScreenshot);",
                "err": {},
                "isRoot": false,
                "uuid": "ad11b0d4-8944-4029-b108-3e069e53d099",
                "parentUUID": "2f41ef9f-7bc1-4d54-92de-52ef73afc9fe",
                "isHook": false,
                "skipped": false
              }
            ],
            "failures": [],
            "skipped": [],
            "hasBeforeHooks": true,
            "hasAfterHooks": false,
            "hasTests": true,
            "hasSuites": false,
            "totalTests": 8,
            "totalPasses": 8,
            "totalFailures": 0,
            "totalPending": 0,
            "totalSkipped": 0,
            "hasPasses": true,
            "hasFailures": false,
            "hasPending": false,
            "hasSkipped": false,
            "duration": 21662,
            "rootEmpty": false
          },
          {
            "title": "Install \"abondoned cart pro\" module by uploading a ZIP file",
            "suites": [],
            "tests": [
              {
                "title": "should go to \"Module\" page",
                "fullTitle": "Install \"abondoned cart pro\" module Install \"abondoned cart pro\" module by uploading a ZIP file should go to \"Module\" page",
                "timedOut": false,
                "duration": 4126,
                "state": "passed",
                "speed": "fast",
                "pass": true,
                "fail": false,
                "pending": false,
                "code": "return instructions().catch(takeScreenshot);",
                "err": {},
                "isRoot": false,
                "uuid": "a9b613b4-4e3b-45bb-87c6-060fadf0b90d",
                "parentUUID": "57e14bb5-4785-4d8b-a323-6124e3be553c",
                "isHook": false,
                "skipped": false
              },
              {
                "title": "should click on \"Upload a module\" button",
                "fullTitle": "Install \"abondoned cart pro\" module Install \"abondoned cart pro\" module by uploading a ZIP file should click on \"Upload a module\" button",
                "timedOut": false,
                "duration": 4055,
                "state": "passed",
                "speed": "fast",
                "pass": true,
                "fail": false,
                "pending": false,
                "code": "return instructions().catch(takeScreenshot);",
                "err": {},
                "isRoot": false,
                "uuid": "a1f29f31-8058-407e-a5dc-816d8923d9ef",
                "parentUUID": "57e14bb5-4785-4d8b-a323-6124e3be553c",
                "isHook": false,
                "skipped": false
              },
              {
                "title": "should add zip file",
                "fullTitle": "Install \"abondoned cart pro\" module Install \"abondoned cart pro\" module by uploading a ZIP file should add zip file",
                "timedOut": false,
                "duration": 723,
                "state": "passed",
                "speed": "fast",
                "pass": true,
                "fail": false,
                "pending": false,
                "code": "return instructions().catch(takeScreenshot);",
                "err": {},
                "isRoot": false,
                "uuid": "8d1c9628-d4e2-4380-a2da-5e55c3920977",
                "parentUUID": "57e14bb5-4785-4d8b-a323-6124e3be553c",
                "isHook": false,
                "skipped": false
              },
              {
                "title": "should verify that the module is installed",
                "fullTitle": "Install \"abondoned cart pro\" module Install \"abondoned cart pro\" module by uploading a ZIP file should verify that the module is installed",
                "timedOut": false,
                "duration": 1634,
                "state": "passed",
                "speed": "fast",
                "pass": true,
                "fail": false,
                "pending": false,
                "code": "return instructions().catch(takeScreenshot);",
                "err": {},
                "isRoot": false,
                "uuid": "c099e518-7533-4254-8fbd-f5c7b1f336c3",
                "parentUUID": "57e14bb5-4785-4d8b-a323-6124e3be553c",
                "isHook": false,
                "skipped": false
              },
              {
                "title": "should click on close modal button",
                "fullTitle": "Install \"abondoned cart pro\" module Install \"abondoned cart pro\" module by uploading a ZIP file should click on close modal button",
                "timedOut": false,
                "duration": 122,
                "state": "passed",
                "speed": "fast",
                "pass": true,
                "fail": false,
                "pending": false,
                "code": "return instructions().catch(takeScreenshot);",
                "err": {},
                "isRoot": false,
                "uuid": "cc9392e2-c76f-43ee-86b9-91f8ea8b26ec",
                "parentUUID": "57e14bb5-4785-4d8b-a323-6124e3be553c",
                "isHook": false,
                "skipped": false
              },
              {
                "title": "should search for \"abandoned cart pro\" module in the installed module tab",
                "fullTitle": "Install \"abondoned cart pro\" module Install \"abondoned cart pro\" module by uploading a ZIP file should search for \"abandoned cart pro\" module in the installed module tab",
                "timedOut": false,
                "duration": 10084,
                "state": "passed",
                "speed": "fast",
                "pass": true,
                "fail": false,
                "pending": false,
                "code": "return instructions().catch(takeScreenshot);",
                "err": {},
                "isRoot": false,
                "uuid": "4db11e2d-7fc8-491b-84f3-0af2e06789a9",
                "parentUUID": "57e14bb5-4785-4d8b-a323-6124e3be553c",
                "isHook": false,
                "skipped": false
              },
              {
                "title": "should click on \"Search\" button",
                "fullTitle": "Install \"abondoned cart pro\" module Install \"abondoned cart pro\" module by uploading a ZIP file should click on \"Search\" button",
                "timedOut": false,
                "duration": 1154,
                "state": "passed",
                "speed": "fast",
                "pass": true,
                "fail": false,
                "pending": false,
                "code": "return instructions().catch(takeScreenshot);",
                "err": {},
                "isRoot": false,
                "uuid": "512e3a10-30db-4cc2-844b-e5306b5a1987",
                "parentUUID": "57e14bb5-4785-4d8b-a323-6124e3be553c",
                "isHook": false,
                "skipped": false
              },
              {
                "title": "should click on \"Configure\" button",
                "fullTitle": "Install \"abondoned cart pro\" module Install \"abondoned cart pro\" module by uploading a ZIP file should click on \"Configure\" button",
                "timedOut": false,
                "duration": 1272,
                "state": "passed",
                "speed": "fast",
                "pass": true,
                "fail": false,
                "pending": false,
                "code": "return instructions().catch(takeScreenshot);",
                "err": {},
                "isRoot": false,
                "uuid": "eeea1781-bb25-4a5c-a919-ca7a5d787329",
                "parentUUID": "57e14bb5-4785-4d8b-a323-6124e3be553c",
                "isHook": false,
                "skipped": false
              },
              {
                "title": "should verify you are on the configuration page of the module ",
                "fullTitle": "Install \"abondoned cart pro\" module Install \"abondoned cart pro\" module by uploading a ZIP file should verify you are on the configuration page of the module ",
                "timedOut": false,
                "duration": 1360,
                "state": "passed",
                "speed": "fast",
                "pass": true,
                "fail": false,
                "pending": false,
                "code": "return instructions().catch(takeScreenshot);",
                "err": {},
                "isRoot": false,
                "uuid": "37d0ff69-ad76-4d38-ac84-89d409ed266e",
                "parentUUID": "57e14bb5-4785-4d8b-a323-6124e3be553c",
                "isHook": false,
                "skipped": false
              }
            ],
            "pending": [],
            "root": false,
            "_timeout": 400000,
            "file": "/test/campaigns/full/10_module/1_Zip_module.js",
            "uuid": "57e14bb5-4785-4d8b-a323-6124e3be553c",
            "beforeHooks": [
              {
                "title": "\"before all\" hook",
                "fullTitle": "Install \"abondoned cart pro\" module Install \"abondoned cart pro\" module by uploading a ZIP file \"before all\" hook",
                "timedOut": false,
                "duration": 0,
                "pass": false,
                "fail": false,
                "pending": false,
                "code": "this.client = client",
                "err": {},
                "isRoot": false,
                "uuid": "69453bd1-69b3-4bc5-86c2-eccacd43e6ae",
                "parentUUID": "57e14bb5-4785-4d8b-a323-6124e3be553c",
                "isHook": true,
                "skipped": false
              }
            ],
            "afterHooks": [],
            "fullFile": "/home/mbadrani/Documents/prestashop-develop/tests/E2E/test/campaigns/full/10_module/1_Zip_module.js",
            "passes": [
              {
                "title": "should go to \"Module\" page",
                "fullTitle": "Install \"abondoned cart pro\" module Install \"abondoned cart pro\" module by uploading a ZIP file should go to \"Module\" page",
                "timedOut": false,
                "duration": 4126,
                "state": "passed",
                "speed": "fast",
                "pass": true,
                "fail": false,
                "pending": false,
                "code": "return instructions().catch(takeScreenshot);",
                "err": {},
                "isRoot": false,
                "uuid": "a9b613b4-4e3b-45bb-87c6-060fadf0b90d",
                "parentUUID": "57e14bb5-4785-4d8b-a323-6124e3be553c",
                "isHook": false,
                "skipped": false
              },
              {
                "title": "should click on \"Upload a module\" button",
                "fullTitle": "Install \"abondoned cart pro\" module Install \"abondoned cart pro\" module by uploading a ZIP file should click on \"Upload a module\" button",
                "timedOut": false,
                "duration": 4055,
                "state": "passed",
                "speed": "fast",
                "pass": true,
                "fail": false,
                "pending": false,
                "code": "return instructions().catch(takeScreenshot);",
                "err": {},
                "isRoot": false,
                "uuid": "a1f29f31-8058-407e-a5dc-816d8923d9ef",
                "parentUUID": "57e14bb5-4785-4d8b-a323-6124e3be553c",
                "isHook": false,
                "skipped": false
              },
              {
                "title": "should add zip file",
                "fullTitle": "Install \"abondoned cart pro\" module Install \"abondoned cart pro\" module by uploading a ZIP file should add zip file",
                "timedOut": false,
                "duration": 723,
                "state": "passed",
                "speed": "fast",
                "pass": true,
                "fail": false,
                "pending": false,
                "code": "return instructions().catch(takeScreenshot);",
                "err": {},
                "isRoot": false,
                "uuid": "8d1c9628-d4e2-4380-a2da-5e55c3920977",
                "parentUUID": "57e14bb5-4785-4d8b-a323-6124e3be553c",
                "isHook": false,
                "skipped": false
              },
              {
                "title": "should verify that the module is installed",
                "fullTitle": "Install \"abondoned cart pro\" module Install \"abondoned cart pro\" module by uploading a ZIP file should verify that the module is installed",
                "timedOut": false,
                "duration": 1634,
                "state": "passed",
                "speed": "fast",
                "pass": true,
                "fail": false,
                "pending": false,
                "code": "return instructions().catch(takeScreenshot);",
                "err": {},
                "isRoot": false,
                "uuid": "c099e518-7533-4254-8fbd-f5c7b1f336c3",
                "parentUUID": "57e14bb5-4785-4d8b-a323-6124e3be553c",
                "isHook": false,
                "skipped": false
              },
              {
                "title": "should click on close modal button",
                "fullTitle": "Install \"abondoned cart pro\" module Install \"abondoned cart pro\" module by uploading a ZIP file should click on close modal button",
                "timedOut": false,
                "duration": 122,
                "state": "passed",
                "speed": "fast",
                "pass": true,
                "fail": false,
                "pending": false,
                "code": "return instructions().catch(takeScreenshot);",
                "err": {},
                "isRoot": false,
                "uuid": "cc9392e2-c76f-43ee-86b9-91f8ea8b26ec",
                "parentUUID": "57e14bb5-4785-4d8b-a323-6124e3be553c",
                "isHook": false,
                "skipped": false
              },
              {
                "title": "should search for \"abandoned cart pro\" module in the installed module tab",
                "fullTitle": "Install \"abondoned cart pro\" module Install \"abondoned cart pro\" module by uploading a ZIP file should search for \"abandoned cart pro\" module in the installed module tab",
                "timedOut": false,
                "duration": 10084,
                "state": "passed",
                "speed": "fast",
                "pass": true,
                "fail": false,
                "pending": false,
                "code": "return instructions().catch(takeScreenshot);",
                "err": {},
                "isRoot": false,
                "uuid": "4db11e2d-7fc8-491b-84f3-0af2e06789a9",
                "parentUUID": "57e14bb5-4785-4d8b-a323-6124e3be553c",
                "isHook": false,
                "skipped": false
              },
              {
                "title": "should click on \"Search\" button",
                "fullTitle": "Install \"abondoned cart pro\" module Install \"abondoned cart pro\" module by uploading a ZIP file should click on \"Search\" button",
                "timedOut": false,
                "duration": 1154,
                "state": "passed",
                "speed": "fast",
                "pass": true,
                "fail": false,
                "pending": false,
                "code": "return instructions().catch(takeScreenshot);",
                "err": {},
                "isRoot": false,
                "uuid": "512e3a10-30db-4cc2-844b-e5306b5a1987",
                "parentUUID": "57e14bb5-4785-4d8b-a323-6124e3be553c",
                "isHook": false,
                "skipped": false
              },
              {
                "title": "should click on \"Configure\" button",
                "fullTitle": "Install \"abondoned cart pro\" module Install \"abondoned cart pro\" module by uploading a ZIP file should click on \"Configure\" button",
                "timedOut": false,
                "duration": 1272,
                "state": "passed",
                "speed": "fast",
                "pass": true,
                "fail": false,
                "pending": false,
                "code": "return instructions().catch(takeScreenshot);",
                "err": {},
                "isRoot": false,
                "uuid": "eeea1781-bb25-4a5c-a919-ca7a5d787329",
                "parentUUID": "57e14bb5-4785-4d8b-a323-6124e3be553c",
                "isHook": false,
                "skipped": false
              },
              {
                "title": "should verify you are on the configuration page of the module ",
                "fullTitle": "Install \"abondoned cart pro\" module Install \"abondoned cart pro\" module by uploading a ZIP file should verify you are on the configuration page of the module ",
                "timedOut": false,
                "duration": 1360,
                "state": "passed",
                "speed": "fast",
                "pass": true,
                "fail": false,
                "pending": false,
                "code": "return instructions().catch(takeScreenshot);",
                "err": {},
                "isRoot": false,
                "uuid": "37d0ff69-ad76-4d38-ac84-89d409ed266e",
                "parentUUID": "57e14bb5-4785-4d8b-a323-6124e3be553c",
                "isHook": false,
                "skipped": false
              }
            ],
            "failures": [],
            "skipped": [],
            "hasBeforeHooks": true,
            "hasAfterHooks": false,
            "hasTests": true,
            "hasSuites": false,
            "totalTests": 9,
            "totalPasses": 9,
            "totalFailures": 0,
            "totalPending": 0,
            "totalSkipped": 0,
            "hasPasses": true,
            "hasFailures": false,
            "hasPending": false,
            "hasSkipped": false,
            "duration": 24530,
            "rootEmpty": false
          },
          {
            "title": "Uninstall \"abondoned cart pro\" module",
            "suites": [],
            "tests": [
              {
                "title": "should go to \"Module Manager\" page",
                "fullTitle": "Install \"abondoned cart pro\" module Uninstall \"abondoned cart pro\" module should go to \"Module Manager\" page",
                "timedOut": false,
                "duration": 4060,
                "state": "passed",
                "speed": "fast",
                "pass": true,
                "fail": false,
                "pending": false,
                "code": "return instructions().catch(takeScreenshot);",
                "err": {},
                "isRoot": false,
                "uuid": "a2f5b06a-5ddf-45e7-841d-29390a1f4cd9",
                "parentUUID": "4efd390b-d8e2-4a69-9608-26832bd4ccba",
                "isHook": false,
                "skipped": false
              },
              {
                "title": "should click on \"Installed Modules\"",
                "fullTitle": "Install \"abondoned cart pro\" module Uninstall \"abondoned cart pro\" module should click on \"Installed Modules\"",
                "timedOut": false,
                "duration": 760,
                "state": "passed",
                "speed": "fast",
                "pass": true,
                "fail": false,
                "pending": false,
                "code": "return instructions().catch(takeScreenshot);",
                "err": {},
                "isRoot": false,
                "uuid": "cb897789-c54e-4144-bfb6-3455d1cbaa55",
                "parentUUID": "4efd390b-d8e2-4a69-9608-26832bd4ccba",
                "isHook": false,
                "skipped": false
              },
              {
                "title": "should search for cartabandonmentpro module in the installed module tab",
                "fullTitle": "Install \"abondoned cart pro\" module Uninstall \"abondoned cart pro\" module should search for cartabandonmentpro module in the installed module tab",
                "timedOut": false,
                "duration": 603,
                "state": "passed",
                "speed": "fast",
                "pass": true,
                "fail": false,
                "pending": false,
                "code": "return instructions().catch(takeScreenshot);",
                "err": {},
                "isRoot": false,
                "uuid": "d17635f9-5684-49b2-90c4-560ab9b5311d",
                "parentUUID": "4efd390b-d8e2-4a69-9608-26832bd4ccba",
                "isHook": false,
                "skipped": false
              },
              {
                "title": "should click on \"Search\" button",
                "fullTitle": "Install \"abondoned cart pro\" module Uninstall \"abondoned cart pro\" module should click on \"Search\" button",
                "timedOut": false,
                "duration": 130,
                "state": "passed",
                "speed": "fast",
                "pass": true,
                "fail": false,
                "pending": false,
                "code": "return instructions().catch(takeScreenshot);",
                "err": {},
                "isRoot": false,
                "uuid": "58191237-7f9a-4c87-8685-8956aae48c17",
                "parentUUID": "4efd390b-d8e2-4a69-9608-26832bd4ccba",
                "isHook": false,
                "skipped": false
              },
              {
                "title": "should click on \"see more\" link if existing",
                "fullTitle": "Install \"abondoned cart pro\" module Uninstall \"abondoned cart pro\" module should click on \"see more\" link if existing",
                "timedOut": false,
                "duration": 4053,
                "state": "passed",
                "speed": "fast",
                "pass": true,
                "fail": false,
                "pending": false,
                "code": "return instructions().catch(takeScreenshot);",
                "err": {},
                "isRoot": false,
                "uuid": "0aa09e0d-ee4b-40f8-bfdf-8cb57a5c60d8",
                "parentUUID": "4efd390b-d8e2-4a69-9608-26832bd4ccba",
                "isHook": false,
                "skipped": false
              },
              {
                "title": "should click on module dropdown",
                "fullTitle": "Install \"abondoned cart pro\" module Uninstall \"abondoned cart pro\" module should click on module dropdown",
                "timedOut": false,
                "duration": 174,
                "state": "passed",
                "speed": "fast",
                "pass": true,
                "fail": false,
                "pending": false,
                "code": "return instructions().catch(takeScreenshot);",
                "err": {},
                "isRoot": false,
                "uuid": "d5b97cd8-7c6e-47a5-b777-13ddd9229b18",
                "parentUUID": "4efd390b-d8e2-4a69-9608-26832bd4ccba",
                "isHook": false,
                "skipped": false
              },
              {
                "title": "should click on \"Uninstall\" button",
                "fullTitle": "Install \"abondoned cart pro\" module Uninstall \"abondoned cart pro\" module should click on \"Uninstall\" button",
                "timedOut": false,
                "duration": 143,
                "state": "passed",
                "speed": "fast",
                "pass": true,
                "fail": false,
                "pending": false,
                "code": "return instructions().catch(takeScreenshot);",
                "err": {},
                "isRoot": false,
                "uuid": "5f9ec2a1-e6a4-4ee1-a9af-fe20c8074fd2",
                "parentUUID": "4efd390b-d8e2-4a69-9608-26832bd4ccba",
                "isHook": false,
                "skipped": false
              },
              {
                "title": "should click on \"Yes, uninstall it\" button",
                "fullTitle": "Install \"abondoned cart pro\" module Uninstall \"abondoned cart pro\" module should click on \"Yes, uninstall it\" button",
                "timedOut": false,
                "duration": 599,
                "state": "passed",
                "speed": "fast",
                "pass": true,
                "fail": false,
                "pending": false,
                "code": "return instructions().catch(takeScreenshot);",
                "err": {},
                "isRoot": false,
                "uuid": "9b3819f1-5724-4c91-ae18-3c8a300b7e19",
                "parentUUID": "4efd390b-d8e2-4a69-9608-26832bd4ccba",
                "isHook": false,
                "skipped": false
              },
              {
                "title": "should check that the success alert message is well displayed",
                "fullTitle": "Install \"abondoned cart pro\" module Uninstall \"abondoned cart pro\" module should check that the success alert message is well displayed",
                "timedOut": false,
                "duration": 1117,
                "state": "passed",
                "speed": "fast",
                "pass": true,
                "fail": false,
                "pending": false,
                "code": "return instructions().catch(takeScreenshot);",
                "err": {},
                "isRoot": false,
                "uuid": "52c2b739-2471-4d18-b970-a23d60149d30",
                "parentUUID": "4efd390b-d8e2-4a69-9608-26832bd4ccba",
                "isHook": false,
                "skipped": false
              },
              {
                "title": "should check that the backdrop is hidden",
                "fullTitle": "Install \"abondoned cart pro\" module Uninstall \"abondoned cart pro\" module should check that the backdrop is hidden",
                "timedOut": false,
                "duration": 2020,
                "state": "passed",
                "speed": "fast",
                "pass": true,
                "fail": false,
                "pending": false,
                "code": "return instructions().catch(takeScreenshot);",
                "err": {},
                "isRoot": false,
                "uuid": "18e906c1-631e-48b5-bb2b-281da1101d31",
                "parentUUID": "4efd390b-d8e2-4a69-9608-26832bd4ccba",
                "isHook": false,
                "skipped": false
              },
              {
                "title": "should check if the module cartabandonmentpro was uninstalled",
                "fullTitle": "Install \"abondoned cart pro\" module Uninstall \"abondoned cart pro\" module should check if the module cartabandonmentpro was uninstalled",
                "timedOut": false,
                "duration": 44,
                "state": "passed",
                "speed": "fast",
                "pass": true,
                "fail": false,
                "pending": false,
                "code": "return instructions().catch(takeScreenshot);",
                "err": {},
                "isRoot": false,
                "uuid": "76e49ced-c236-495f-8751-36653c6d6697",
                "parentUUID": "4efd390b-d8e2-4a69-9608-26832bd4ccba",
                "isHook": false,
                "skipped": false
              }
            ],
            "pending": [],
            "root": false,
            "_timeout": 400000,
            "file": "/test/campaigns/full/10_module/1_Zip_module.js",
            "uuid": "4efd390b-d8e2-4a69-9608-26832bd4ccba",
            "beforeHooks": [
              {
                "title": "\"before all\" hook",
                "fullTitle": "Install \"abondoned cart pro\" module Uninstall \"abondoned cart pro\" module \"before all\" hook",
                "timedOut": false,
                "duration": 0,
                "pass": false,
                "fail": false,
                "pending": false,
                "code": "this.client = client",
                "err": {},
                "isRoot": false,
                "uuid": "fe1ce672-1a6c-4390-b8bb-9fb16293bd05",
                "parentUUID": "4efd390b-d8e2-4a69-9608-26832bd4ccba",
                "isHook": true,
                "skipped": false
              }
            ],
            "afterHooks": [],
            "fullFile": "/home/mbadrani/Documents/prestashop-develop/tests/E2E/test/campaigns/full/10_module/1_Zip_module.js",
            "passes": [
              {
                "title": "should go to \"Module Manager\" page",
                "fullTitle": "Install \"abondoned cart pro\" module Uninstall \"abondoned cart pro\" module should go to \"Module Manager\" page",
                "timedOut": false,
                "duration": 4060,
                "state": "passed",
                "speed": "fast",
                "pass": true,
                "fail": false,
                "pending": false,
                "code": "return instructions().catch(takeScreenshot);",
                "err": {},
                "isRoot": false,
                "uuid": "a2f5b06a-5ddf-45e7-841d-29390a1f4cd9",
                "parentUUID": "4efd390b-d8e2-4a69-9608-26832bd4ccba",
                "isHook": false,
                "skipped": false
              },
              {
                "title": "should click on \"Installed Modules\"",
                "fullTitle": "Install \"abondoned cart pro\" module Uninstall \"abondoned cart pro\" module should click on \"Installed Modules\"",
                "timedOut": false,
                "duration": 760,
                "state": "passed",
                "speed": "fast",
                "pass": true,
                "fail": false,
                "pending": false,
                "code": "return instructions().catch(takeScreenshot);",
                "err": {},
                "isRoot": false,
                "uuid": "cb897789-c54e-4144-bfb6-3455d1cbaa55",
                "parentUUID": "4efd390b-d8e2-4a69-9608-26832bd4ccba",
                "isHook": false,
                "skipped": false
              },
              {
                "title": "should search for cartabandonmentpro module in the installed module tab",
                "fullTitle": "Install \"abondoned cart pro\" module Uninstall \"abondoned cart pro\" module should search for cartabandonmentpro module in the installed module tab",
                "timedOut": false,
                "duration": 603,
                "state": "passed",
                "speed": "fast",
                "pass": true,
                "fail": false,
                "pending": false,
                "code": "return instructions().catch(takeScreenshot);",
                "err": {},
                "isRoot": false,
                "uuid": "d17635f9-5684-49b2-90c4-560ab9b5311d",
                "parentUUID": "4efd390b-d8e2-4a69-9608-26832bd4ccba",
                "isHook": false,
                "skipped": false
              },
              {
                "title": "should click on \"Search\" button",
                "fullTitle": "Install \"abondoned cart pro\" module Uninstall \"abondoned cart pro\" module should click on \"Search\" button",
                "timedOut": false,
                "duration": 130,
                "state": "passed",
                "speed": "fast",
                "pass": true,
                "fail": false,
                "pending": false,
                "code": "return instructions().catch(takeScreenshot);",
                "err": {},
                "isRoot": false,
                "uuid": "58191237-7f9a-4c87-8685-8956aae48c17",
                "parentUUID": "4efd390b-d8e2-4a69-9608-26832bd4ccba",
                "isHook": false,
                "skipped": false
              },
              {
                "title": "should click on \"see more\" link if existing",
                "fullTitle": "Install \"abondoned cart pro\" module Uninstall \"abondoned cart pro\" module should click on \"see more\" link if existing",
                "timedOut": false,
                "duration": 4053,
                "state": "passed",
                "speed": "fast",
                "pass": true,
                "fail": false,
                "pending": false,
                "code": "return instructions().catch(takeScreenshot);",
                "err": {},
                "isRoot": false,
                "uuid": "0aa09e0d-ee4b-40f8-bfdf-8cb57a5c60d8",
                "parentUUID": "4efd390b-d8e2-4a69-9608-26832bd4ccba",
                "isHook": false,
                "skipped": false
              },
              {
                "title": "should click on module dropdown",
                "fullTitle": "Install \"abondoned cart pro\" module Uninstall \"abondoned cart pro\" module should click on module dropdown",
                "timedOut": false,
                "duration": 174,
                "state": "passed",
                "speed": "fast",
                "pass": true,
                "fail": false,
                "pending": false,
                "code": "return instructions().catch(takeScreenshot);",
                "err": {},
                "isRoot": false,
                "uuid": "d5b97cd8-7c6e-47a5-b777-13ddd9229b18",
                "parentUUID": "4efd390b-d8e2-4a69-9608-26832bd4ccba",
                "isHook": false,
                "skipped": false
              },
              {
                "title": "should click on \"Uninstall\" button",
                "fullTitle": "Install \"abondoned cart pro\" module Uninstall \"abondoned cart pro\" module should click on \"Uninstall\" button",
                "timedOut": false,
                "duration": 143,
                "state": "passed",
                "speed": "fast",
                "pass": true,
                "fail": false,
                "pending": false,
                "code": "return instructions().catch(takeScreenshot);",
                "err": {},
                "isRoot": false,
                "uuid": "5f9ec2a1-e6a4-4ee1-a9af-fe20c8074fd2",
                "parentUUID": "4efd390b-d8e2-4a69-9608-26832bd4ccba",
                "isHook": false,
                "skipped": false
              },
              {
                "title": "should click on \"Yes, uninstall it\" button",
                "fullTitle": "Install \"abondoned cart pro\" module Uninstall \"abondoned cart pro\" module should click on \"Yes, uninstall it\" button",
                "timedOut": false,
                "duration": 599,
                "state": "passed",
                "speed": "fast",
                "pass": true,
                "fail": false,
                "pending": false,
                "code": "return instructions().catch(takeScreenshot);",
                "err": {},
                "isRoot": false,
                "uuid": "9b3819f1-5724-4c91-ae18-3c8a300b7e19",
                "parentUUID": "4efd390b-d8e2-4a69-9608-26832bd4ccba",
                "isHook": false,
                "skipped": false
              },
              {
                "title": "should check that the success alert message is well displayed",
                "fullTitle": "Install \"abondoned cart pro\" module Uninstall \"abondoned cart pro\" module should check that the success alert message is well displayed",
                "timedOut": false,
                "duration": 1117,
                "state": "passed",
                "speed": "fast",
                "pass": true,
                "fail": false,
                "pending": false,
                "code": "return instructions().catch(takeScreenshot);",
                "err": {},
                "isRoot": false,
                "uuid": "52c2b739-2471-4d18-b970-a23d60149d30",
                "parentUUID": "4efd390b-d8e2-4a69-9608-26832bd4ccba",
                "isHook": false,
                "skipped": false
              },
              {
                "title": "should check that the backdrop is hidden",
                "fullTitle": "Install \"abondoned cart pro\" module Uninstall \"abondoned cart pro\" module should check that the backdrop is hidden",
                "timedOut": false,
                "duration": 2020,
                "state": "passed",
                "speed": "fast",
                "pass": true,
                "fail": false,
                "pending": false,
                "code": "return instructions().catch(takeScreenshot);",
                "err": {},
                "isRoot": false,
                "uuid": "18e906c1-631e-48b5-bb2b-281da1101d31",
                "parentUUID": "4efd390b-d8e2-4a69-9608-26832bd4ccba",
                "isHook": false,
                "skipped": false
              },
              {
                "title": "should check if the module cartabandonmentpro was uninstalled",
                "fullTitle": "Install \"abondoned cart pro\" module Uninstall \"abondoned cart pro\" module should check if the module cartabandonmentpro was uninstalled",
                "timedOut": false,
                "duration": 44,
                "state": "passed",
                "speed": "fast",
                "pass": true,
                "fail": false,
                "pending": false,
                "code": "return instructions().catch(takeScreenshot);",
                "err": {},
                "isRoot": false,
                "uuid": "76e49ced-c236-495f-8751-36653c6d6697",
                "parentUUID": "4efd390b-d8e2-4a69-9608-26832bd4ccba",
                "isHook": false,
                "skipped": false
              }
            ],
            "failures": [],
            "skipped": [],
            "hasBeforeHooks": true,
            "hasAfterHooks": false,
            "hasTests": true,
            "hasSuites": false,
            "totalTests": 11,
            "totalPasses": 11,
            "totalFailures": 0,
            "totalPending": 0,
            "totalSkipped": 0,
            "hasPasses": true,
            "hasFailures": false,
            "hasPending": false,
            "hasSkipped": false,
            "duration": 13703,
            "rootEmpty": false
          },
          {
            "title": "Install \"abondoned cart pro\" module by uploading a ZIP file",
            "suites": [],
            "tests": [
              {
                "title": "should go to \"Module\" page",
                "fullTitle": "Install \"abondoned cart pro\" module Install \"abondoned cart pro\" module by uploading a ZIP file should go to \"Module\" page",
                "timedOut": false,
                "duration": 4041,
                "state": "passed",
                "speed": "fast",
                "pass": true,
                "fail": false,
                "pending": false,
                "code": "return instructions().catch(takeScreenshot);",
                "err": {},
                "isRoot": false,
                "uuid": "afe6604f-6434-476e-aa55-19e729693d38",
                "parentUUID": "7448fb50-6f83-4a1d-8acb-f20850858310",
                "isHook": false,
                "skipped": false
              },
              {
                "title": "should click on \"Upload a module\" button",
                "fullTitle": "Install \"abondoned cart pro\" module Install \"abondoned cart pro\" module by uploading a ZIP file should click on \"Upload a module\" button",
                "timedOut": false,
                "duration": 2824,
                "state": "passed",
                "speed": "fast",
                "pass": true,
                "fail": false,
                "pending": false,
                "code": "return instructions().catch(takeScreenshot);",
                "err": {},
                "isRoot": false,
                "uuid": "638384d1-7b56-4a3c-ab70-d78da2030658",
                "parentUUID": "7448fb50-6f83-4a1d-8acb-f20850858310",
                "isHook": false,
                "skipped": false
              },
              {
                "title": "should add zip file",
                "fullTitle": "Install \"abondoned cart pro\" module Install \"abondoned cart pro\" module by uploading a ZIP file should add zip file",
                "timedOut": false,
                "duration": 707,
                "state": "passed",
                "speed": "fast",
                "pass": true,
                "fail": false,
                "pending": false,
                "code": "return instructions().catch(takeScreenshot);",
                "err": {},
                "isRoot": false,
                "uuid": "b07a989a-aaf0-47f9-8ae9-766b46e9dd7d",
                "parentUUID": "7448fb50-6f83-4a1d-8acb-f20850858310",
                "isHook": false,
                "skipped": false
              },
              {
                "title": "should verify that the module is installed",
                "fullTitle": "Install \"abondoned cart pro\" module Install \"abondoned cart pro\" module by uploading a ZIP file should verify that the module is installed",
                "timedOut": false,
                "duration": 1106,
                "state": "passed",
                "speed": "fast",
                "pass": true,
                "fail": false,
                "pending": false,
                "code": "return instructions().catch(takeScreenshot);",
                "err": {},
                "isRoot": false,
                "uuid": "83031506-85c0-4d66-93ae-7a3bb97e67cc",
                "parentUUID": "7448fb50-6f83-4a1d-8acb-f20850858310",
                "isHook": false,
                "skipped": false
              },
              {
                "title": "should click on close modal button",
                "fullTitle": "Install \"abondoned cart pro\" module Install \"abondoned cart pro\" module by uploading a ZIP file should click on close modal button",
                "timedOut": false,
                "duration": 137,
                "state": "passed",
                "speed": "fast",
                "pass": true,
                "fail": false,
                "pending": false,
                "code": "return instructions().catch(takeScreenshot);",
                "err": {},
                "isRoot": false,
                "uuid": "ced2e9b7-354e-4869-bc39-dab76c40b417",
                "parentUUID": "7448fb50-6f83-4a1d-8acb-f20850858310",
                "isHook": false,
                "skipped": false
              },
              {
                "title": "should search for \"abandoned cart pro\" module in the installed module tab",
                "fullTitle": "Install \"abondoned cart pro\" module Install \"abondoned cart pro\" module by uploading a ZIP file should search for \"abandoned cart pro\" module in the installed module tab",
                "timedOut": false,
                "duration": 9976,
                "state": "passed",
                "speed": "fast",
                "pass": true,
                "fail": false,
                "pending": false,
                "code": "return instructions().catch(takeScreenshot);",
                "err": {},
                "isRoot": false,
                "uuid": "cc37fec3-590e-4d55-826f-bcff5f5ac0a4",
                "parentUUID": "7448fb50-6f83-4a1d-8acb-f20850858310",
                "isHook": false,
                "skipped": false
              },
              {
                "title": "should click on \"Search\" button",
                "fullTitle": "Install \"abondoned cart pro\" module Install \"abondoned cart pro\" module by uploading a ZIP file should click on \"Search\" button",
                "timedOut": false,
                "duration": 1181,
                "state": "passed",
                "speed": "fast",
                "pass": true,
                "fail": false,
                "pending": false,
                "code": "return instructions().catch(takeScreenshot);",
                "err": {},
                "isRoot": false,
                "uuid": "6be1b7a7-7640-4e2d-8e33-bf22113196f8",
                "parentUUID": "7448fb50-6f83-4a1d-8acb-f20850858310",
                "isHook": false,
                "skipped": false
              },
              {
                "title": "should click on \"Configure\" button",
                "fullTitle": "Install \"abondoned cart pro\" module Install \"abondoned cart pro\" module by uploading a ZIP file should click on \"Configure\" button",
                "timedOut": false,
                "duration": 1175,
                "state": "passed",
                "speed": "fast",
                "pass": true,
                "fail": false,
                "pending": false,
                "code": "return instructions().catch(takeScreenshot);",
                "err": {},
                "isRoot": false,
                "uuid": "deb0aff9-8e73-4e70-ab85-628218e957d8",
                "parentUUID": "7448fb50-6f83-4a1d-8acb-f20850858310",
                "isHook": false,
                "skipped": false
              },
              {
                "title": "should verify you are on the configuration page of the module ",
                "fullTitle": "Install \"abondoned cart pro\" module Install \"abondoned cart pro\" module by uploading a ZIP file should verify you are on the configuration page of the module ",
                "timedOut": false,
                "duration": 1230,
                "state": "passed",
                "speed": "fast",
                "pass": true,
                "fail": false,
                "pending": false,
                "code": "return instructions().catch(takeScreenshot);",
                "err": {},
                "isRoot": false,
                "uuid": "bb77033b-72c9-4316-a330-fc96652b9064",
                "parentUUID": "7448fb50-6f83-4a1d-8acb-f20850858310",
                "isHook": false,
                "skipped": false
              }
            ],
            "pending": [],
            "root": false,
            "_timeout": 400000,
            "file": "/test/campaigns/full/10_module/1_Zip_module.js",
            "uuid": "7448fb50-6f83-4a1d-8acb-f20850858310",
            "beforeHooks": [
              {
                "title": "\"before all\" hook",
                "fullTitle": "Install \"abondoned cart pro\" module Install \"abondoned cart pro\" module by uploading a ZIP file \"before all\" hook",
                "timedOut": false,
                "duration": 0,
                "pass": false,
                "fail": false,
                "pending": false,
                "code": "this.client = client",
                "err": {},
                "isRoot": false,
                "uuid": "0679a134-aa03-4fee-bf7c-ee55f85b1f02",
                "parentUUID": "7448fb50-6f83-4a1d-8acb-f20850858310",
                "isHook": true,
                "skipped": false
              }
            ],
            "afterHooks": [],
            "fullFile": "/home/mbadrani/Documents/prestashop-develop/tests/E2E/test/campaigns/full/10_module/1_Zip_module.js",
            "passes": [
              {
                "title": "should go to \"Module\" page",
                "fullTitle": "Install \"abondoned cart pro\" module Install \"abondoned cart pro\" module by uploading a ZIP file should go to \"Module\" page",
                "timedOut": false,
                "duration": 4041,
                "state": "passed",
                "speed": "fast",
                "pass": true,
                "fail": false,
                "pending": false,
                "code": "return instructions().catch(takeScreenshot);",
                "err": {},
                "isRoot": false,
                "uuid": "afe6604f-6434-476e-aa55-19e729693d38",
                "parentUUID": "7448fb50-6f83-4a1d-8acb-f20850858310",
                "isHook": false,
                "skipped": false
              },
              {
                "title": "should click on \"Upload a module\" button",
                "fullTitle": "Install \"abondoned cart pro\" module Install \"abondoned cart pro\" module by uploading a ZIP file should click on \"Upload a module\" button",
                "timedOut": false,
                "duration": 2824,
                "state": "passed",
                "speed": "fast",
                "pass": true,
                "fail": false,
                "pending": false,
                "code": "return instructions().catch(takeScreenshot);",
                "err": {},
                "isRoot": false,
                "uuid": "638384d1-7b56-4a3c-ab70-d78da2030658",
                "parentUUID": "7448fb50-6f83-4a1d-8acb-f20850858310",
                "isHook": false,
                "skipped": false
              },
              {
                "title": "should add zip file",
                "fullTitle": "Install \"abondoned cart pro\" module Install \"abondoned cart pro\" module by uploading a ZIP file should add zip file",
                "timedOut": false,
                "duration": 707,
                "state": "passed",
                "speed": "fast",
                "pass": true,
                "fail": false,
                "pending": false,
                "code": "return instructions().catch(takeScreenshot);",
                "err": {},
                "isRoot": false,
                "uuid": "b07a989a-aaf0-47f9-8ae9-766b46e9dd7d",
                "parentUUID": "7448fb50-6f83-4a1d-8acb-f20850858310",
                "isHook": false,
                "skipped": false
              },
              {
                "title": "should verify that the module is installed",
                "fullTitle": "Install \"abondoned cart pro\" module Install \"abondoned cart pro\" module by uploading a ZIP file should verify that the module is installed",
                "timedOut": false,
                "duration": 1106,
                "state": "passed",
                "speed": "fast",
                "pass": true,
                "fail": false,
                "pending": false,
                "code": "return instructions().catch(takeScreenshot);",
                "err": {},
                "isRoot": false,
                "uuid": "83031506-85c0-4d66-93ae-7a3bb97e67cc",
                "parentUUID": "7448fb50-6f83-4a1d-8acb-f20850858310",
                "isHook": false,
                "skipped": false
              },
              {
                "title": "should click on close modal button",
                "fullTitle": "Install \"abondoned cart pro\" module Install \"abondoned cart pro\" module by uploading a ZIP file should click on close modal button",
                "timedOut": false,
                "duration": 137,
                "state": "passed",
                "speed": "fast",
                "pass": true,
                "fail": false,
                "pending": false,
                "code": "return instructions().catch(takeScreenshot);",
                "err": {},
                "isRoot": false,
                "uuid": "ced2e9b7-354e-4869-bc39-dab76c40b417",
                "parentUUID": "7448fb50-6f83-4a1d-8acb-f20850858310",
                "isHook": false,
                "skipped": false
              },
              {
                "title": "should search for \"abandoned cart pro\" module in the installed module tab",
                "fullTitle": "Install \"abondoned cart pro\" module Install \"abondoned cart pro\" module by uploading a ZIP file should search for \"abandoned cart pro\" module in the installed module tab",
                "timedOut": false,
                "duration": 9976,
                "state": "passed",
                "speed": "fast",
                "pass": true,
                "fail": false,
                "pending": false,
                "code": "return instructions().catch(takeScreenshot);",
                "err": {},
                "isRoot": false,
                "uuid": "cc37fec3-590e-4d55-826f-bcff5f5ac0a4",
                "parentUUID": "7448fb50-6f83-4a1d-8acb-f20850858310",
                "isHook": false,
                "skipped": false
              },
              {
                "title": "should click on \"Search\" button",
                "fullTitle": "Install \"abondoned cart pro\" module Install \"abondoned cart pro\" module by uploading a ZIP file should click on \"Search\" button",
                "timedOut": false,
                "duration": 1181,
                "state": "passed",
                "speed": "fast",
                "pass": true,
                "fail": false,
                "pending": false,
                "code": "return instructions().catch(takeScreenshot);",
                "err": {},
                "isRoot": false,
                "uuid": "6be1b7a7-7640-4e2d-8e33-bf22113196f8",
                "parentUUID": "7448fb50-6f83-4a1d-8acb-f20850858310",
                "isHook": false,
                "skipped": false
              },
              {
                "title": "should click on \"Configure\" button",
                "fullTitle": "Install \"abondoned cart pro\" module Install \"abondoned cart pro\" module by uploading a ZIP file should click on \"Configure\" button",
                "timedOut": false,
                "duration": 1175,
                "state": "passed",
                "speed": "fast",
                "pass": true,
                "fail": false,
                "pending": false,
                "code": "return instructions().catch(takeScreenshot);",
                "err": {},
                "isRoot": false,
                "uuid": "deb0aff9-8e73-4e70-ab85-628218e957d8",
                "parentUUID": "7448fb50-6f83-4a1d-8acb-f20850858310",
                "isHook": false,
                "skipped": false
              },
              {
                "title": "should verify you are on the configuration page of the module ",
                "fullTitle": "Install \"abondoned cart pro\" module Install \"abondoned cart pro\" module by uploading a ZIP file should verify you are on the configuration page of the module ",
                "timedOut": false,
                "duration": 1230,
                "state": "passed",
                "speed": "fast",
                "pass": true,
                "fail": false,
                "pending": false,
                "code": "return instructions().catch(takeScreenshot);",
                "err": {},
                "isRoot": false,
                "uuid": "bb77033b-72c9-4316-a330-fc96652b9064",
                "parentUUID": "7448fb50-6f83-4a1d-8acb-f20850858310",
                "isHook": false,
                "skipped": false
              }
            ],
            "failures": [],
            "skipped": [],
            "hasBeforeHooks": true,
            "hasAfterHooks": false,
            "hasTests": true,
            "hasSuites": false,
            "totalTests": 9,
            "totalPasses": 9,
            "totalFailures": 0,
            "totalPending": 0,
            "totalSkipped": 0,
            "hasPasses": true,
            "hasFailures": false,
            "hasPending": false,
            "hasSkipped": false,
            "duration": 22377,
            "rootEmpty": false
          },
          {
            "title": "Check then install \"ps_mbo\" module",
            "suites": [],
            "tests": [
              {
                "title": "should go to the \"Dashboard\" page",
                "fullTitle": "Install \"abondoned cart pro\" module Check then install \"ps_mbo\" module should go to the \"Dashboard\" page",
                "timedOut": false,
                "duration": 7456,
                "state": "passed",
[...]
      "isRoot": false,
      "uuid": "00b4d993-19c9-4a08-b101-27f55ba09958",
      "parentUUID": "202ee6e5-04e7-42fc-bc53-2d6952f43858",
      "isHook": false,
      "skipped": false
    },
    {
      "title": "should check that the backdrop is hidden",
      "fullTitle": "Uninstall \"abondoned cart pro\" module should check that the backdrop is hidden",
      "timedOut": false,
      "duration": 2016,
      "state": "passed",
      "speed": "fast",
      "pass": true,
      "fail": false,
      "pending": false,
      "code": "return instructions().catch(takeScreenshot);",
      "err": {},
      "isRoot": false,
      "uuid": "10e3a1d3-45dd-4426-92e4-46c11fa7fbf0",
      "parentUUID": "202ee6e5-04e7-42fc-bc53-2d6952f43858",
      "isHook": false,
      "skipped": false
    },
    {
      "title": "should check if the module cartabandonmentpro was uninstalled",
      "fullTitle": "Uninstall \"abondoned cart pro\" module should check if the module cartabandonmentpro was uninstalled",
      "timedOut": false,
      "duration": 16,
      "state": "passed",
      "speed": "fast",
      "pass": true,
      "fail": false,
      "pending": false,
      "code": "return instructions().catch(takeScreenshot);",
      "err": {},
      "isRoot": false,
      "uuid": "c5d114f6-a034-443e-893b-648567c3205d",
      "parentUUID": "202ee6e5-04e7-42fc-bc53-2d6952f43858",
      "isHook": false,
      "skipped": false
    },
    {
      "title": "should go to \"Module\" page",
      "fullTitle": "Install \"abondoned cart pro\" module by uploading a ZIP file should go to \"Module\" page",
      "timedOut": false,
      "duration": 4024,
      "state": "passed",
      "speed": "fast",
      "pass": true,
      "fail": false,
      "pending": false,
      "code": "return instructions().catch(takeScreenshot);",
      "err": {},
      "isRoot": false,
      "uuid": "65879def-7558-4c2a-aa22-d83f9917d523",
      "parentUUID": "9befa5ed-2a09-4799-b05a-f16a61c7733e",
      "isHook": false,
      "skipped": false
    },
    {
      "title": "should click on \"Upload a module\" button",
      "fullTitle": "Install \"abondoned cart pro\" module by uploading a ZIP file should click on \"Upload a module\" button",
      "timedOut": false,
      "duration": 5833,
      "state": "passed",
      "speed": "fast",
      "pass": true,
      "fail": false,
      "pending": false,
      "code": "return instructions().catch(takeScreenshot);",
      "err": {},
      "isRoot": false,
      "uuid": "d8f9537b-1292-441d-ac3e-dbecdf1dcf9c",
      "parentUUID": "9befa5ed-2a09-4799-b05a-f16a61c7733e",
      "isHook": false,
      "skipped": false
    },
    {
      "title": "should add zip file",
      "fullTitle": "Install \"abondoned cart pro\" module by uploading a ZIP file should add zip file",
      "timedOut": false,
      "duration": 698,
      "state": "passed",
      "speed": "fast",
      "pass": true,
      "fail": false,
      "pending": false,
      "code": "return instructions().catch(takeScreenshot);",
      "err": {},
      "isRoot": false,
      "uuid": "bd0dafea-6654-4e54-8059-ee5e1aa1a939",
      "parentUUID": "9befa5ed-2a09-4799-b05a-f16a61c7733e",
      "isHook": false,
      "skipped": false
    },
    {
      "title": "should verify that the module is installed",
      "fullTitle": "Install \"abondoned cart pro\" module by uploading a ZIP file should verify that the module is installed",
      "timedOut": false,
      "duration": 1570,
      "state": "passed",
      "speed": "fast",
      "pass": true,
      "fail": false,
      "pending": false,
      "code": "return instructions().catch(takeScreenshot);",
      "err": {},
      "isRoot": false,
      "uuid": "7762a8ac-8a8c-4e48-86b0-0f2fe0e76afa",
      "parentUUID": "9befa5ed-2a09-4799-b05a-f16a61c7733e",
      "isHook": false,
      "skipped": false
    },
    {
      "title": "should click on close modal button",
      "fullTitle": "Install \"abondoned cart pro\" module by uploading a ZIP file should click on close modal button",
      "timedOut": false,
      "duration": 95,
      "state": "passed",
      "speed": "fast",
      "pass": true,
      "fail": false,
      "pending": false,
      "code": "return instructions().catch(takeScreenshot);",
      "err": {},
      "isRoot": false,
      "uuid": "c80d9b2f-b184-49df-84b9-678e6cc168c5",
      "parentUUID": "9befa5ed-2a09-4799-b05a-f16a61c7733e",
      "isHook": false,
      "skipped": false
    },
    {
      "title": "should search for \"abandoned cart pro\" module in the installed module tab",
      "fullTitle": "Install \"abondoned cart pro\" module by uploading a ZIP file should search for \"abandoned cart pro\" module in the installed module tab",
      "timedOut": false,
      "duration": 9546,
      "state": "passed",
      "speed": "fast",
      "pass": true,
      "fail": false,
      "pending": false,
      "code": "return instructions().catch(takeScreenshot);",
      "err": {},
      "isRoot": false,
      "uuid": "bfa7f0d4-5407-4c63-b13b-a5058823a09c",
      "parentUUID": "9befa5ed-2a09-4799-b05a-f16a61c7733e",
      "isHook": false,
      "skipped": false
    },
    {
      "title": "should click on \"Search\" button",
      "fullTitle": "Install \"abondoned cart pro\" module by uploading a ZIP file should click on \"Search\" button",
      "timedOut": false,
      "duration": 1119,
      "state": "passed",
      "speed": "fast",
      "pass": true,
      "fail": false,
      "pending": false,
      "code": "return instructions().catch(takeScreenshot);",
      "err": {},
      "isRoot": false,
      "uuid": "e825c37b-36d8-472e-b31a-62c027e947e8",
      "parentUUID": "9befa5ed-2a09-4799-b05a-f16a61c7733e",
      "isHook": false,
      "skipped": false
    },
    {
      "title": "should click on \"Configure\" button",
      "fullTitle": "Install \"abondoned cart pro\" module by uploading a ZIP file should click on \"Configure\" button",
      "timedOut": false,
      "duration": 1301,
      "state": "passed",
      "speed": "fast",
      "pass": true,
      "fail": false,
      "pending": false,
      "code": "return instructions().catch(takeScreenshot);",
      "err": {},
      "isRoot": false,
      "uuid": "b11d7b07-d7dc-4451-8668-fedff0d02cca",
      "parentUUID": "9befa5ed-2a09-4799-b05a-f16a61c7733e",
      "isHook": false,
      "skipped": false
    },
    {
      "title": "should verify you are on the configuration page of the module ",
      "fullTitle": "Install \"abondoned cart pro\" module by uploading a ZIP file should verify you are on the configuration page of the module ",
      "timedOut": false,
      "duration": 1208,
      "state": "passed",
      "speed": "fast",
      "pass": true,
      "fail": false,
      "pending": false,
      "code": "return instructions().catch(takeScreenshot);",
      "err": {},
      "isRoot": false,
      "uuid": "febfd613-ebbc-4aed-aed3-5f72c6d579f6",
      "parentUUID": "9befa5ed-2a09-4799-b05a-f16a61c7733e",
      "isHook": false,
      "skipped": false
    },
    {
      "title": "should go to \"Module Manager\" page",
      "fullTitle": "Uninstall \"abondoned cart pro\" module should go to \"Module Manager\" page",
      "timedOut": false,
      "duration": 4026,
      "state": "passed",
      "speed": "fast",
      "pass": true,
      "fail": false,
      "pending": false,
      "code": "return instructions().catch(takeScreenshot);",
      "err": {},
      "isRoot": false,
      "uuid": "59104def-1d6e-4289-bdae-e9e16bb599ef",
      "parentUUID": "3c00edf5-cdf5-4c52-b2cb-0a17d7754ebc",
      "isHook": false,
      "skipped": false
    },
    {
      "title": "should click on \"Installed Modules\"",
      "fullTitle": "Uninstall \"abondoned cart pro\" module should click on \"Installed Modules\"",
      "timedOut": false,
      "duration": 748,
      "state": "passed",
      "speed": "fast",
      "pass": true,
      "fail": false,
      "pending": false,
      "code": "return instructions().catch(takeScreenshot);",
      "err": {},
      "isRoot": false,
      "uuid": "b3103c42-0044-4149-8a60-6f766543bd7a",
      "parentUUID": "3c00edf5-cdf5-4c52-b2cb-0a17d7754ebc",
      "isHook": false,
      "skipped": false
    },
    {
      "title": "should search for cartabandonmentpro module in the installed module tab",
      "fullTitle": "Uninstall \"abondoned cart pro\" module should search for cartabandonmentpro module in the installed module tab",
      "timedOut": false,
      "duration": 666,
      "state": "passed",
      "speed": "fast",
      "pass": true,
      "fail": false,
      "pending": false,
      "code": "return instructions().catch(takeScreenshot);",
      "err": {},
      "isRoot": false,
      "uuid": "6bb97c80-7639-4add-b0ef-de9a032ea10c",
      "parentUUID": "3c00edf5-cdf5-4c52-b2cb-0a17d7754ebc",
      "isHook": false,
      "skipped": false
    },
    {
      "title": "should click on \"Search\" button",
      "fullTitle": "Uninstall \"abondoned cart pro\" module should click on \"Search\" button",
      "timedOut": false,
      "duration": 100,
      "state": "passed",
      "speed": "fast",
      "pass": true,
      "fail": false,
      "pending": false,
      "code": "return instructions().catch(takeScreenshot);",
      "err": {},
      "isRoot": false,
      "uuid": "92d4f096-9722-445e-a62c-b101fcd0d033",
      "parentUUID": "3c00edf5-cdf5-4c52-b2cb-0a17d7754ebc",
      "isHook": false,
      "skipped": false
    },
    {
      "title": "should click on \"see more\" link if existing",
      "fullTitle": "Uninstall \"abondoned cart pro\" module should click on \"see more\" link if existing",
      "timedOut": false,
      "duration": 4044,
      "state": "passed",
      "speed": "fast",
      "pass": true,
      "fail": false,
      "pending": false,
      "code": "return instructions().catch(takeScreenshot);",
      "err": {},
      "isRoot": false,
      "uuid": "965c7009-e2eb-445f-817d-e1172119bf76",
      "parentUUID": "3c00edf5-cdf5-4c52-b2cb-0a17d7754ebc",
      "isHook": false,
      "skipped": false
    },
    {
      "title": "should click on module dropdown",
      "fullTitle": "Uninstall \"abondoned cart pro\" module should click on module dropdown",
      "timedOut": false,
      "duration": 164,
      "state": "passed",
      "speed": "fast",
      "pass": true,
      "fail": false,
      "pending": false,
      "code": "return instructions().catch(takeScreenshot);",
      "err": {},
      "isRoot": false,
      "uuid": "e12f83af-2f01-423c-bc9c-458864bc72e0",
      "parentUUID": "3c00edf5-cdf5-4c52-b2cb-0a17d7754ebc",
      "isHook": false,
      "skipped": false
    },
    {
      "title": "should click on \"Uninstall\" button",
      "fullTitle": "Uninstall \"abondoned cart pro\" module should click on \"Uninstall\" button",
      "timedOut": false,
      "duration": 163,
      "state": "passed",
      "speed": "fast",
      "pass": true,
      "fail": false,
      "pending": false,
      "code": "return instructions().catch(takeScreenshot);",
      "err": {},
      "isRoot": false,
      "uuid": "c6a54e38-e930-477f-aee5-a0b69f0f2feb",
      "parentUUID": "3c00edf5-cdf5-4c52-b2cb-0a17d7754ebc",
      "isHook": false,
      "skipped": false
    },
    {
      "title": "should click on \"Yes, uninstall it\" button",
      "fullTitle": "Uninstall \"abondoned cart pro\" module should click on \"Yes, uninstall it\" button",
      "timedOut": false,
      "duration": 601,
      "state": "passed",
      "speed": "fast",
      "pass": true,
      "fail": false,
      "pending": false,
      "code": "return instructions().catch(takeScreenshot);",
      "err": {},
      "isRoot": false,
      "uuid": "9f6c35c3-8ea0-406e-9ebe-9b79fdaf44bc",
      "parentUUID": "3c00edf5-cdf5-4c52-b2cb-0a17d7754ebc",
      "isHook": false,
      "skipped": false
    },
    {
      "title": "should check that the success alert message is well displayed",
      "fullTitle": "Uninstall \"abondoned cart pro\" module should check that the success alert message is well displayed",
      "timedOut": false,
      "duration": 1093,
      "state": "passed",
      "speed": "fast",
      "pass": true,
      "fail": false,
      "pending": false,
      "code": "return instructions().catch(takeScreenshot);",
      "err": {},
      "isRoot": false,
      "uuid": "1faf36f3-f55e-496f-8517-57ea2a016754",
      "parentUUID": "3c00edf5-cdf5-4c52-b2cb-0a17d7754ebc",
      "isHook": false,
      "skipped": false
    },
    {
      "title": "should check that the backdrop is hidden",
      "fullTitle": "Uninstall \"abondoned cart pro\" module should check that the backdrop is hidden",
      "timedOut": false,
      "duration": 2015,
      "state": "passed",
      "speed": "fast",
      "pass": true,
      "fail": false,
      "pending": false,
      "code": "return instructions().catch(takeScreenshot);",
      "err": {},
      "isRoot": false,
      "uuid": "33853a87-d376-4edd-b337-ead888fa5ab4",
      "parentUUID": "3c00edf5-cdf5-4c52-b2cb-0a17d7754ebc",
      "isHook": false,
      "skipped": false
    },
    {
      "title": "should check if the module cartabandonmentpro was uninstalled",
      "fullTitle": "Uninstall \"abondoned cart pro\" module should check if the module cartabandonmentpro was uninstalled",
      "timedOut": false,
      "duration": 21,
      "state": "passed",
      "speed": "fast",
      "pass": true,
      "fail": false,
      "pending": false,
      "code": "return instructions().catch(takeScreenshot);",
      "err": {},
      "isRoot": false,
      "uuid": "72cba831-1805-4a07-a599-ecf6d3c8999c",
      "parentUUID": "3c00edf5-cdf5-4c52-b2cb-0a17d7754ebc",
      "isHook": false,
      "skipped": false
    },
    {
      "title": "should go to \"Module\" page",
      "fullTitle": "Install \"abondoned cart pro\" module by uploading a ZIP file should go to \"Module\" page",
      "timedOut": false,
      "duration": 4036,
      "state": "passed",
      "speed": "fast",
      "pass": true,
      "fail": false,
      "pending": false,
      "code": "return instructions().catch(takeScreenshot);",
      "err": {},
      "isRoot": false,
      "uuid": "8c1b1501-f5da-4405-a6de-8ce26ecc5b0f",
      "parentUUID": "9c719a96-2ade-4d34-850f-07c2bb3fc625",
      "isHook": false,
      "skipped": false
    },
    {
      "title": "should click on \"Upload a module\" button",
      "fullTitle": "Install \"abondoned cart pro\" module by uploading a ZIP file should click on \"Upload a module\" button",
      "timedOut": false,
      "duration": 5426,
      "state": "passed",
      "speed": "fast",
      "pass": true,
      "fail": false,
      "pending": false,
      "code": "return instructions().catch(takeScreenshot);",
      "err": {},
      "isRoot": false,
      "uuid": "5526a20d-4732-4067-b7f7-f70651b477fa",
      "parentUUID": "9c719a96-2ade-4d34-850f-07c2bb3fc625",
      "isHook": false,
      "skipped": false
    },
    {
      "title": "should add zip file",
      "fullTitle": "Install \"abondoned cart pro\" module by uploading a ZIP file should add zip file",
      "timedOut": false,
      "duration": 608,
      "state": "passed",
      "speed": "fast",
      "pass": true,
      "fail": false,
      "pending": false,
      "code": "return instructions().catch(takeScreenshot);",
      "err": {},
      "isRoot": false,
      "uuid": "5e1e7ad8-8380-486b-9116-74c7932f5e9f",
      "parentUUID": "9c719a96-2ade-4d34-850f-07c2bb3fc625",
      "isHook": false,
      "skipped": false
    },
    {
      "title": "should verify that the module is installed",
      "fullTitle": "Install \"abondoned cart pro\" module by uploading a ZIP file should verify that the module is installed",
      "timedOut": false,
      "duration": 1192,
      "state": "passed",
      "speed": "fast",
      "pass": true,
      "fail": false,
      "pending": false,
      "code": "return instructions().catch(takeScreenshot);",
      "err": {},
      "isRoot": false,
      "uuid": "130b1cdc-c9e5-41f0-9d39-d98e5fd7b7ff",
      "parentUUID": "9c719a96-2ade-4d34-850f-07c2bb3fc625",
      "isHook": false,
      "skipped": false
    },
    {
      "title": "should click on close modal button",
      "fullTitle": "Install \"abondoned cart pro\" module by uploading a ZIP file should click on close modal button",
      "timedOut": false,
      "duration": 177,
      "state": "passed",
      "speed": "fast",
      "pass": true,
      "fail": false,
      "pending": false,
      "code": "return instructions().catch(takeScreenshot);",
      "err": {},
      "isRoot": false,
      "uuid": "9f7aebd8-abc1-48c0-af22-8884e9f3de02",
      "parentUUID": "9c719a96-2ade-4d34-850f-07c2bb3fc625",
      "isHook": false,
      "skipped": false
    },
    {
      "title": "should search for \"abandoned cart pro\" module in the installed module tab",
      "fullTitle": "Install \"abondoned cart pro\" module by uploading a ZIP file should search for \"abandoned cart pro\" module in the installed module tab",
      "timedOut": false,
      "duration": 8439,
      "state": "passed",
      "speed": "fast",
      "pass": true,
      "fail": false,
      "pending": false,
      "code": "return instructions().catch(takeScreenshot);",
      "err": {},
      "isRoot": false,
      "uuid": "bd3c1455-4ede-4059-bb27-1dd6d2f5a3e1",
      "parentUUID": "9c719a96-2ade-4d34-850f-07c2bb3fc625",
      "isHook": false,
      "skipped": false
    },
    {
      "title": "should click on \"Search\" button",
      "fullTitle": "Install \"abondoned cart pro\" module by uploading a ZIP file should click on \"Search\" button",
      "timedOut": false,
      "duration": 1119,
      "state": "passed",
      "speed": "fast",
      "pass": true,
      "fail": false,
      "pending": false,
      "code": "return instructions().catch(takeScreenshot);",
      "err": {},
      "isRoot": false,
      "uuid": "3bc242c6-d0b8-49da-b902-602326388ef3",
      "parentUUID": "9c719a96-2ade-4d34-850f-07c2bb3fc625",
      "isHook": false,
      "skipped": false
    },
    {
      "title": "should click on \"Configure\" button",
      "fullTitle": "Install \"abondoned cart pro\" module by uploading a ZIP file should click on \"Configure\" button",
      "timedOut": false,
      "duration": 1412,
      "state": "passed",
      "speed": "fast",
      "pass": true,
      "fail": false,
      "pending": false,
      "code": "return instructions().catch(takeScreenshot);",
      "err": {},
      "isRoot": false,
      "uuid": "a5c457ee-a846-4f75-903c-3c10983a2179",
      "parentUUID": "9c719a96-2ade-4d34-850f-07c2bb3fc625",
      "isHook": false,
      "skipped": false
    },
    {
      "title": "should verify you are on the configuration page of the module ",
      "fullTitle": "Install \"abondoned cart pro\" module by uploading a ZIP file should verify you are on the configuration page of the module ",
      "timedOut": false,
      "duration": 1526,
      "state": "passed",
      "speed": "fast",
      "pass": true,
      "fail": false,
      "pending": false,
      "code": "return instructions().catch(takeScreenshot);",
      "err": {},
      "isRoot": false,
      "uuid": "73ea347c-fdac-4dbd-9620-c410f54a3ab1",
      "parentUUID": "9c719a96-2ade-4d34-850f-07c2bb3fc625",
      "isHook": false,
      "skipped": false
    },
    {
      "title": "should logout successfully from the Back Office",
      "fullTitle": "Logout from the Back Office should logout successfully from the Back Office",
      "timedOut": false,
      "duration": 21,
      "state": "passed",
      "speed": "fast",
      "pass": true,
      "fail": false,
      "pending": false,
      "code": "return instructions().catch(takeScreenshot);",
      "err": {},
      "isRoot": false,
      "uuid": "e19ff797-ed33-4f79-a3f3-f4d4d7671d27",
      "parentUUID": "56ae1b2c-38a6-45f6-836d-b2b468e7a5a6",
      "isHook": false,
      "skipped": false
    }
  ],
  "allFailures": [],
  "copyrightYear": 2019
}