{
  "stats": {
    "suites": 24,
    "tests": 74,
    "passes": 74,
    "pending": 0,
    "failures": 0,
    "start": "2019-05-10T10:56:12.658Z",
    "end": "2019-05-10T10:57:55.523Z",
    "duration": 102865,
    "testsRegistered": 74,
    "passPercent": 100,
    "pendingPercent": 0,
    "other": 0,
    "hasOther": false,
    "skipped": 0,
    "hasSkipped": false,
    "passPercentClass": "success",
    "pendingPercentClass": "danger"
  },
  "suites": {
    "title": "",
    "suites": [
      {
        "title": "Create \"Product\"",
        "suites": [
          {
            "title": "Login in the Back Office",
            "suites": [],
            "tests": [
              {
                "title": "should open the browser",
                "fullTitle": "Create \"Product\" Login in the Back Office should open the browser",
                "timedOut": false,
                "duration": 1203,
                "state": "passed",
                "speed": "fast",
                "pass": true,
                "fail": false,
                "pending": false,
                "code": "return instructions().catch(takeScreenshot);",
                "err": {},
                "isRoot": false,
                "uuid": "497d1c82-d926-40d7-982e-0ccddf03a2fd",
                "parentUUID": "aa822eaa-53d7-42d7-bd9f-788595138a34",
                "isHook": false,
                "skipped": false
              },
              {
                "title": "should login successfully in the Back Office",
                "fullTitle": "Create \"Product\" Login in the Back Office should login successfully in the Back Office",
                "timedOut": false,
                "duration": 3465,
                "state": "passed",
                "speed": "fast",
                "pass": true,
                "fail": false,
                "pending": false,
                "code": "return instructions().catch(takeScreenshot);",
                "err": {},
                "isRoot": false,
                "uuid": "0e99ac86-cee8-4816-be05-5dc2d06c3676",
                "parentUUID": "aa822eaa-53d7-42d7-bd9f-788595138a34",
                "isHook": false,
                "skipped": false
              }
            ],
            "pending": [],
            "root": false,
            "_timeout": 400000,
            "file": "/test/campaigns/full/14_discount/2_check_discount_in_FO.js",
            "uuid": "aa822eaa-53d7-42d7-bd9f-788595138a34",
            "beforeHooks": [
              {
                "title": "\"before all\" hook",
                "fullTitle": "Create \"Product\" Login in the Back Office \"before all\" hook",
                "timedOut": false,
                "duration": 0,
                "pass": false,
                "fail": false,
                "pending": false,
                "code": "this.client = client",
                "err": {},
                "isRoot": false,
                "uuid": "59de8c57-b8a4-404d-807d-da60e5e9970e",
                "parentUUID": "aa822eaa-53d7-42d7-bd9f-788595138a34",
                "isHook": true,
                "skipped": false
              }
            ],
            "afterHooks": [],
            "fullFile": "/home/mbadrani/Documents/prestashop-develop/tests/E2E/test/campaigns/full/14_discount/2_check_discount_in_FO.js",
            "passes": [
              {
                "title": "should open the browser",
                "fullTitle": "Create \"Product\" Login in the Back Office should open the browser",
                "timedOut": false,
                "duration": 1203,
                "state": "passed",
                "speed": "fast",
                "pass": true,
                "fail": false,
                "pending": false,
                "code": "return instructions().catch(takeScreenshot);",
                "err": {},
                "isRoot": false,
                "uuid": "497d1c82-d926-40d7-982e-0ccddf03a2fd",
                "parentUUID": "aa822eaa-53d7-42d7-bd9f-788595138a34",
                "isHook": false,
                "skipped": false
              },
              {
                "title": "should login successfully in the Back Office",
                "fullTitle": "Create \"Product\" Login in the Back Office should login successfully in the Back Office",
                "timedOut": false,
                "duration": 3465,
                "state": "passed",
                "speed": "fast",
                "pass": true,
                "fail": false,
                "pending": false,
                "code": "return instructions().catch(takeScreenshot);",
                "err": {},
                "isRoot": false,
                "uuid": "0e99ac86-cee8-4816-be05-5dc2d06c3676",
                "parentUUID": "aa822eaa-53d7-42d7-bd9f-788595138a34",
                "isHook": false,
                "skipped": false
              }
            ],
            "failures": [],
            "skipped": [],
            "hasBeforeHooks": true,
            "hasAfterHooks": false,
            "hasTests": true,
            "hasSuites": false,
            "totalTests": 2,
            "totalPasses": 2,
            "totalFailures": 0,
            "totalPending": 0,
            "totalSkipped": 0,
            "hasPasses": true,
            "hasFailures": false,
            "hasPending": false,
            "hasSkipped": false,
            "duration": 4668,
            "rootEmpty": false
          },
          {
            "title": "Close the onboarding modal if exist ",
            "suites": [],
            "tests": [
              {
                "title": "should close the onboarding modal if exist",
                "fullTitle": "Create \"Product\" Close the onboarding modal if exist  should close the onboarding modal if exist",
                "timedOut": false,
                "duration": 1039,
                "state": "passed",
                "speed": "fast",
                "pass": true,
                "fail": false,
                "pending": false,
                "code": "return instructions().catch(takeScreenshot);",
                "err": {},
                "isRoot": false,
                "uuid": "b49e0d76-e79d-410d-b7e3-b87857ec1019",
                "parentUUID": "c329cc12-a94a-4810-840c-c21c12fa82c5",
                "isHook": false,
                "skipped": false
              },
              {
                "title": "should close the Onboarding on the navBar if exist",
                "fullTitle": "Create \"Product\" Close the onboarding modal if exist  should close the Onboarding on the navBar if exist",
                "timedOut": false,
                "duration": 1019,
                "state": "passed",
                "speed": "fast",
                "pass": true,
                "fail": false,
                "pending": false,
                "code": "return instructions().catch(takeScreenshot);",
                "err": {},
                "isRoot": false,
                "uuid": "947bb331-4bf0-477e-9a6d-f4955d467350",
                "parentUUID": "c329cc12-a94a-4810-840c-c21c12fa82c5",
                "isHook": false,
                "skipped": false
              }
            ],
            "pending": [],
            "root": false,
            "_timeout": 400000,
            "file": "/test/campaigns/full/14_discount/2_check_discount_in_FO.js",
            "uuid": "c329cc12-a94a-4810-840c-c21c12fa82c5",
            "beforeHooks": [
              {
                "title": "\"before all\" hook",
                "fullTitle": "Create \"Product\" Close the onboarding modal if exist  \"before all\" hook",
                "timedOut": false,
                "duration": 1,
                "pass": false,
                "fail": false,
                "pending": false,
                "code": "this.client = client",
                "err": {},
                "isRoot": false,
                "uuid": "471b9fe6-936e-4f8e-81f9-01d79dc4e4ba",
                "parentUUID": "c329cc12-a94a-4810-840c-c21c12fa82c5",
                "isHook": true,
                "skipped": false
              }
            ],
            "afterHooks": [],
            "fullFile": "/home/mbadrani/Documents/prestashop-develop/tests/E2E/test/campaigns/full/14_discount/2_check_discount_in_FO.js",
            "passes": [
              {
                "title": "should close the onboarding modal if exist",
                "fullTitle": "Create \"Product\" Close the onboarding modal if exist  should close the onboarding modal if exist",
                "timedOut": false,
                "duration": 1039,
                "state": "passed",
                "speed": "fast",
                "pass": true,
                "fail": false,
                "pending": false,
                "code": "return instructions().catch(takeScreenshot);",
                "err": {},
                "isRoot": false,
                "uuid": "b49e0d76-e79d-410d-b7e3-b87857ec1019",
                "parentUUID": "c329cc12-a94a-4810-840c-c21c12fa82c5",
                "isHook": false,
                "skipped": false
              },
              {
                "title": "should close the Onboarding on the navBar if exist",
                "fullTitle": "Create \"Product\" Close the onboarding modal if exist  should close the Onboarding on the navBar if exist",
                "timedOut": false,
                "duration": 1019,
                "state": "passed",
                "speed": "fast",
                "pass": true,
                "fail": false,
                "pending": false,
                "code": "return instructions().catch(takeScreenshot);",
                "err": {},
                "isRoot": false,
                "uuid": "947bb331-4bf0-477e-9a6d-f4955d467350",
                "parentUUID": "c329cc12-a94a-4810-840c-c21c12fa82c5",
                "isHook": false,
                "skipped": false
              }
            ],
            "failures": [],
            "skipped": [],
            "hasBeforeHooks": true,
            "hasAfterHooks": false,
            "hasTests": true,
            "hasSuites": false,
            "totalTests": 2,
            "totalPasses": 2,
            "totalFailures": 0,
            "totalPending": 0,
            "totalSkipped": 0,
            "hasPasses": true,
            "hasFailures": false,
            "hasPending": false,
            "hasSkipped": false,
            "duration": 2058,
            "rootEmpty": false
          },
          {
            "title": "Create a new product in the Back Office",
            "suites": [
              {
                "title": "Edit product pricing",
                "suites": [],
                "tests": [
                  {
                    "title": "should click on \"Pricing\"",
                    "fullTitle": "Create a new product in the Back Office Edit product pricing should click on \"Pricing\"",
                    "timedOut": false,
                    "duration": 356,
                    "state": "passed",
                    "speed": "fast",
                    "pass": true,
                    "fail": false,
                    "pending": false,
                    "code": "return instructions().catch(takeScreenshot);",
                    "err": {},
                    "isRoot": false,
                    "uuid": "8ddf24f4-67d9-431d-af8e-509c5f195f46",
                    "parentUUID": "4d882e16-eceb-42dd-8735-3c8dfb79d636",
                    "isHook": false,
                    "skipped": false
                  },
                  {
                    "title": "should set the \"Price per unit (tax excl.)\"",
                    "fullTitle": "Create a new product in the Back Office Edit product pricing should set the \"Price per unit (tax excl.)\"",
                    "timedOut": false,
                    "duration": 363,
                    "state": "passed",
                    "speed": "fast",
                    "pass": true,
                    "fail": false,
                    "pending": false,
                    "code": "return instructions().catch(takeScreenshot);",
                    "err": {},
                    "isRoot": false,
                    "uuid": "8c414677-7635-486f-94e6-181965f7b564",
                    "parentUUID": "4d882e16-eceb-42dd-8735-3c8dfb79d636",
                    "isHook": false,
                    "skipped": false
                  },
                  {
                    "title": "should set the \"Unit\"",
                    "fullTitle": "Create a new product in the Back Office Edit product pricing should set the \"Unit\"",
                    "timedOut": false,
                    "duration": 177,
                    "state": "passed",
                    "speed": "fast",
                    "pass": true,
                    "fail": false,
                    "pending": false,
                    "code": "return instructions().catch(takeScreenshot);",
                    "err": {},
                    "isRoot": false,
                    "uuid": "aa262c49-747a-4c26-8007-76ffc3d89dd5",
                    "parentUUID": "4d882e16-eceb-42dd-8735-3c8dfb79d636",
                    "isHook": false,
                    "skipped": false
                  },
                  {
                    "title": "should set the \"Price (tax excl.)\"",
                    "fullTitle": "Create a new product in the Back Office Edit product pricing should set the \"Price (tax excl.)\"",
                    "timedOut": false,
                    "duration": 160,
                    "state": "passed",
                    "speed": "fast",
                    "pass": true,
                    "fail": false,
                    "pending": false,
                    "code": "return instructions().catch(takeScreenshot);",
                    "err": {},
                    "isRoot": false,
                    "uuid": "171be6bd-25cb-4b88-b5f9-795773816991",
                    "parentUUID": "4d882e16-eceb-42dd-8735-3c8dfb79d636",
                    "isHook": false,
                    "skipped": false
                  },
                  {
                    "title": "should click on \"Add specific price\" button",
                    "fullTitle": "Create a new product in the Back Office Edit product pricing should click on \"Add specific price\" button",
                    "timedOut": false,
                    "duration": 212,
                    "state": "passed",
                    "speed": "fast",
                    "pass": true,
                    "fail": false,
                    "pending": false,
                    "code": "return instructions().catch(takeScreenshot);",
                    "err": {},
                    "isRoot": false,
                    "uuid": "5cad951e-3c24-4acc-a464-a48a77856481",
                    "parentUUID": "4d882e16-eceb-42dd-8735-3c8dfb79d636",
                    "isHook": false,
                    "skipped": false
                  },
                  {
                    "title": "should change the reduction type to \"Percentage\"",
                    "fullTitle": "Create a new product in the Back Office Edit product pricing should change the reduction type to \"Percentage\"",
                    "timedOut": false,
                    "duration": 3104,
                    "state": "passed",
                    "speed": "fast",
                    "pass": true,
                    "fail": false,
                    "pending": false,
                    "code": "return instructions().catch(takeScreenshot);",
                    "err": {},
                    "isRoot": false,
                    "uuid": "039aa7e3-35d4-4b92-a5f2-4fb5bd208790",
                    "parentUUID": "4d882e16-eceb-42dd-8735-3c8dfb79d636",
                    "isHook": false,
                    "skipped": false
                  },
                  {
                    "title": "should set the \"Discount\" input",
                    "fullTitle": "Create a new product in the Back Office Edit product pricing should set the \"Discount\" input",
                    "timedOut": false,
                    "duration": 268,
                    "state": "passed",
                    "speed": "fast",
                    "pass": true,
                    "fail": false,
                    "pending": false,
                    "code": "return instructions().catch(takeScreenshot);",
                    "err": {},
                    "isRoot": false,
                    "uuid": "7a979b14-d277-41b1-b335-420b32aef59e",
                    "parentUUID": "4d882e16-eceb-42dd-8735-3c8dfb79d636",
                    "isHook": false,
                    "skipped": false
                  },
                  {
                    "title": "should click on \"Apply\" button",
                    "fullTitle": "Create a new product in the Back Office Edit product pricing should click on \"Apply\" button",
                    "timedOut": false,
                    "duration": 133,
                    "state": "passed",
                    "speed": "fast",
                    "pass": true,
                    "fail": false,
                    "pending": false,
                    "code": "return instructions().catch(takeScreenshot);",
                    "err": {},
                    "isRoot": false,
                    "uuid": "c6c556bd-d9aa-41e0-94be-3c17a61a93e6",
                    "parentUUID": "4d882e16-eceb-42dd-8735-3c8dfb79d636",
                    "isHook": false,
                    "skipped": false
                  }
                ],
                "pending": [],
                "root": false,
                "_timeout": 400000,
                "file": "/test/campaigns/full/14_discount/2_check_discount_in_FO.js",
                "uuid": "4d882e16-eceb-42dd-8735-3c8dfb79d636",
                "beforeHooks": [
                  {
                    "title": "\"before all\" hook",
                    "fullTitle": "Create a new product in the Back Office Edit product pricing \"before all\" hook",
                    "timedOut": false,
                    "duration": 0,
                    "pass": false,
                    "fail": false,
                    "pending": false,
                    "code": "this.client = client",
                    "err": {},
                    "isRoot": false,
                    "uuid": "ff988625-e576-46e7-bb1f-d95ed3bf92ea",
                    "parentUUID": "4d882e16-eceb-42dd-8735-3c8dfb79d636",
                    "isHook": true,
                    "skipped": false
                  }
                ],
                "afterHooks": [],
                "fullFile": "/home/mbadrani/Documents/prestashop-develop/tests/E2E/test/campaigns/full/14_discount/2_check_discount_in_FO.js",
                "passes": [
                  {
                    "title": "should click on \"Pricing\"",
                    "fullTitle": "Create a new product in the Back Office Edit product pricing should click on \"Pricing\"",
                    "timedOut": false,
                    "duration": 356,
                    "state": "passed",
                    "speed": "fast",
                    "pass": true,
                    "fail": false,
                    "pending": false,
                    "code": "return instructions().catch(takeScreenshot);",
                    "err": {},
                    "isRoot": false,
                    "uuid": "8ddf24f4-67d9-431d-af8e-509c5f195f46",
                    "parentUUID": "4d882e16-eceb-42dd-8735-3c8dfb79d636",
                    "isHook": false,
                    "skipped": false
                  },
                  {
                    "title": "should set the \"Price per unit (tax excl.)\"",
                    "fullTitle": "Create a new product in the Back Office Edit product pricing should set the \"Price per unit (tax excl.)\"",
                    "timedOut": false,
                    "duration": 363,
                    "state": "passed",
                    "speed": "fast",
                    "pass": true,
                    "fail": false,
                    "pending": false,
                    "code": "return instructions().catch(takeScreenshot);",
                    "err": {},
                    "isRoot": false,
                    "uuid": "8c414677-7635-486f-94e6-181965f7b564",
                    "parentUUID": "4d882e16-eceb-42dd-8735-3c8dfb79d636",
                    "isHook": false,
                    "skipped": false
                  },
                  {
                    "title": "should set the \"Unit\"",
                    "fullTitle": "Create a new product in the Back Office Edit product pricing should set the \"Unit\"",
                    "timedOut": false,
                    "duration": 177,
                    "state": "passed",
                    "speed": "fast",
                    "pass": true,
                    "fail": false,
                    "pending": false,
                    "code": "return instructions().catch(takeScreenshot);",
                    "err": {},
                    "isRoot": false,
                    "uuid": "aa262c49-747a-4c26-8007-76ffc3d89dd5",
                    "parentUUID": "4d882e16-eceb-42dd-8735-3c8dfb79d636",
                    "isHook": false,
                    "skipped": false
                  },
                  {
                    "title": "should set the \"Price (tax excl.)\"",
                    "fullTitle": "Create a new product in the Back Office Edit product pricing should set the \"Price (tax excl.)\"",
                    "timedOut": false,
                    "duration": 160,
                    "state": "passed",
                    "speed": "fast",
                    "pass": true,
                    "fail": false,
                    "pending": false,
                    "code": "return instructions().catch(takeScreenshot);",
                    "err": {},
                    "isRoot": false,
                    "uuid": "171be6bd-25cb-4b88-b5f9-795773816991",
                    "parentUUID": "4d882e16-eceb-42dd-8735-3c8dfb79d636",
                    "isHook": false,
                    "skipped": false
                  },
                  {
                    "title": "should click on \"Add specific price\" button",
                    "fullTitle": "Create a new product in the Back Office Edit product pricing should click on \"Add specific price\" button",
                    "timedOut": false,
                    "duration": 212,
                    "state": "passed",
                    "speed": "fast",
                    "pass": true,
                    "fail": false,
                    "pending": false,
                    "code": "return instructions().catch(takeScreenshot);",
                    "err": {},
                    "isRoot": false,
                    "uuid": "5cad951e-3c24-4acc-a464-a48a77856481",
                    "parentUUID": "4d882e16-eceb-42dd-8735-3c8dfb79d636",
                    "isHook": false,
                    "skipped": false
                  },
                  {
                    "title": "should change the reduction type to \"Percentage\"",
                    "fullTitle": "Create a new product in the Back Office Edit product pricing should change the reduction type to \"Percentage\"",
                    "timedOut": false,
                    "duration": 3104,
                    "state": "passed",
                    "speed": "fast",
                    "pass": true,
                    "fail": false,
                    "pending": false,
                    "code": "return instructions().catch(takeScreenshot);",
                    "err": {},
                    "isRoot": false,
                    "uuid": "039aa7e3-35d4-4b92-a5f2-4fb5bd208790",
                    "parentUUID": "4d882e16-eceb-42dd-8735-3c8dfb79d636",
                    "isHook": false,
                    "skipped": false
                  },
                  {
                    "title": "should set the \"Discount\" input",
                    "fullTitle": "Create a new product in the Back Office Edit product pricing should set the \"Discount\" input",
                    "timedOut": false,
                    "duration": 268,
                    "state": "passed",
                    "speed": "fast",
                    "pass": true,
                    "fail": false,
                    "pending": false,
                    "code": "return instructions().catch(takeScreenshot);",
                    "err": {},
                    "isRoot": false,
                    "uuid": "7a979b14-d277-41b1-b335-420b32aef59e",
                    "parentUUID": "4d882e16-eceb-42dd-8735-3c8dfb79d636",
                    "isHook": false,
                    "skipped": false
                  },
                  {
                    "title": "should click on \"Apply\" button",
                    "fullTitle": "Create a new product in the Back Office Edit product pricing should click on \"Apply\" button",
                    "timedOut": false,
                    "duration": 133,
                    "state": "passed",
                    "speed": "fast",
                    "pass": true,
                    "fail": false,
                    "pending": false,
                    "code": "return instructions().catch(takeScreenshot);",
                    "err": {},
                    "isRoot": false,
                    "uuid": "c6c556bd-d9aa-41e0-94be-3c17a61a93e6",
                    "parentUUID": "4d882e16-eceb-42dd-8735-3c8dfb79d636",
                    "isHook": false,
                    "skipped": false
                  }
                ],
                "failures": [],
                "skipped": [],
                "hasBeforeHooks": true,
                "hasAfterHooks": false,
                "hasTests": true,
                "hasSuites": false,
                "totalTests": 8,
                "totalPasses": 8,
                "totalFailures": 0,
                "totalPending": 0,
                "totalSkipped": 0,
                "hasPasses": true,
                "hasFailures": false,
                "hasPending": false,
                "hasSkipped": false,
                "duration": 4773,
                "rootEmpty": false
              },
              {
                "title": "Save the created product",
                "suites": [],
                "tests": [
                  {
                    "title": "should check then close symfony toolbar",
                    "fullTitle": "Create a new product in the Back Office Save the created product should check then close symfony toolbar",
                    "timedOut": false,
                    "duration": 1016,
                    "state": "passed",
                    "speed": "fast",
                    "pass": true,
                    "fail": false,
                    "pending": false,
                    "code": "return instructions().catch(takeScreenshot);",
                    "err": {},
                    "isRoot": false,
                    "uuid": "d418b30a-61ab-4303-8cba-e645d34256e9",
                    "parentUUID": "75c0b06f-d172-439e-9fa5-d2050d79b8ed",
                    "isHook": false,
                    "skipped": false
                  },
                  {
                    "title": "should switch the product online and verify the appearance of the green validation",
                    "fullTitle": "Create a new product in the Back Office Save the created product should switch the product online and verify the appearance of the green validation",
                    "timedOut": false,
                    "duration": 3097,
                    "state": "passed",
                    "speed": "fast",
                    "pass": true,
                    "fail": false,
                    "pending": false,
                    "code": "return instructions().catch(takeScreenshot);",
                    "err": {},
                    "isRoot": false,
                    "uuid": "1d221d7a-3139-4285-bde0-7266d07b1fc0",
                    "parentUUID": "75c0b06f-d172-439e-9fa5-d2050d79b8ed",
                    "isHook": false,
                    "skipped": false
                  },
                  {
                    "title": "should click on \"Save\" button",
                    "fullTitle": "Create a new product in the Back Office Save the created product should click on \"Save\" button",
                    "timedOut": false,
                    "duration": 5109,
                    "state": "passed",
                    "speed": "fast",
                    "pass": true,
                    "fail": false,
                    "pending": false,
                    "code": "return instructions().catch(takeScreenshot);",
                    "err": {},
                    "isRoot": false,
                    "uuid": "43edb204-a00a-46f2-aa59-6a6c60ac2fc5",
                    "parentUUID": "75c0b06f-d172-439e-9fa5-d2050d79b8ed",
                    "isHook": false,
                    "skipped": false
                  },
                  {
                    "title": "should check and close the green validation",
                    "fullTitle": "Create a new product in the Back Office Save the created product should check and close the green validation",
                    "timedOut": false,
                    "duration": 3133,
                    "state": "passed",
                    "speed": "fast",
                    "pass": true,
                    "fail": false,
                    "pending": false,
                    "code": "return instructions().catch(takeScreenshot);",
                    "err": {},
                    "isRoot": false,
                    "uuid": "a6cb06cc-0df4-4421-bb34-79731aa35518",
                    "parentUUID": "75c0b06f-d172-439e-9fa5-d2050d79b8ed",
                    "isHook": false,
                    "skipped": false
                  }
                ],
                "pending": [],
                "root": false,
                "_timeout": 400000,
                "file": "/test/campaigns/full/14_discount/2_check_discount_in_FO.js",
                "uuid": "75c0b06f-d172-439e-9fa5-d2050d79b8ed",
                "beforeHooks": [
                  {
                    "title": "\"before all\" hook",
                    "fullTitle": "Create a new product in the Back Office Save the created product \"before all\" hook",
                    "timedOut": false,
                    "duration": 0,
                    "pass": false,
                    "fail": false,
                    "pending": false,
                    "code": "this.client = client",
                    "err": {},
                    "isRoot": false,
                    "uuid": "d8443a34-1399-4a44-8fc9-ed6d1c85faa2",
                    "parentUUID": "75c0b06f-d172-439e-9fa5-d2050d79b8ed",
                    "isHook": true,
                    "skipped": false
                  }
                ],
                "afterHooks": [],
                "fullFile": "/home/mbadrani/Documents/prestashop-develop/tests/E2E/test/campaigns/full/14_discount/2_check_discount_in_FO.js",
                "passes": [
                  {
                    "title": "should check then close symfony toolbar",
                    "fullTitle": "Create a new product in the Back Office Save the created product should check then close symfony toolbar",
                    "timedOut": false,
                    "duration": 1016,
                    "state": "passed",
                    "speed": "fast",
                    "pass": true,
                    "fail": false,
                    "pending": false,
                    "code": "return instructions().catch(takeScreenshot);",
                    "err": {},
                    "isRoot": false,
                    "uuid": "d418b30a-61ab-4303-8cba-e645d34256e9",
                    "parentUUID": "75c0b06f-d172-439e-9fa5-d2050d79b8ed",
                    "isHook": false,
                    "skipped": false
                  },
                  {
                    "title": "should switch the product online and verify the appearance of the green validation",
                    "fullTitle": "Create a new product in the Back Office Save the created product should switch the product online and verify the appearance of the green validation",
                    "timedOut": false,
                    "duration": 3097,
                    "state": "passed",
                    "speed": "fast",
                    "pass": true,
                    "fail": false,
                    "pending": false,
                    "code": "return instructions().catch(takeScreenshot);",
                    "err": {},
                    "isRoot": false,
                    "uuid": "1d221d7a-3139-4285-bde0-7266d07b1fc0",
                    "parentUUID": "75c0b06f-d172-439e-9fa5-d2050d79b8ed",
                    "isHook": false,
                    "skipped": false
                  },
                  {
                    "title": "should click on \"Save\" button",
                    "fullTitle": "Create a new product in the Back Office Save the created product should click on \"Save\" button",
                    "timedOut": false,
                    "duration": 5109,
                    "state": "passed",
                    "speed": "fast",
                    "pass": true,
                    "fail": false,
                    "pending": false,
                    "code": "return instructions().catch(takeScreenshot);",
                    "err": {},
                    "isRoot": false,
                    "uuid": "43edb204-a00a-46f2-aa59-6a6c60ac2fc5",
                    "parentUUID": "75c0b06f-d172-439e-9fa5-d2050d79b8ed",
                    "isHook": false,
                    "skipped": false
                  },
                  {
                    "title": "should check and close the green validation",
                    "fullTitle": "Create a new product in the Back Office Save the created product should check and close the green validation",
                    "timedOut": false,
                    "duration": 3133,
                    "state": "passed",
                    "speed": "fast",
                    "pass": true,
                    "fail": false,
                    "pending": false,
                    "code": "return instructions().catch(takeScreenshot);",
                    "err": {},
                    "isRoot": false,
                    "uuid": "a6cb06cc-0df4-4421-bb34-79731aa35518",
                    "parentUUID": "75c0b06f-d172-439e-9fa5-d2050d79b8ed",
                    "isHook": false,
                    "skipped": false
                  }
                ],
                "failures": [],
                "skipped": [],
                "hasBeforeHooks": true,
                "hasAfterHooks": false,
                "hasTests": true,
                "hasSuites": false,
                "totalTests": 4,
                "totalPasses": 4,
                "totalFailures": 0,
                "totalPending": 0,
                "totalSkipped": 0,
                "hasPasses": true,
                "hasFailures": false,
                "hasPending": false,
                "hasSkipped": false,
                "duration": 12355,
                "rootEmpty": false
              }
            ],
            "tests": [
              {
                "title": "should go to \"Products\" page",
                "fullTitle": "Create \"Product\" Create a new product in the Back Office should go to \"Products\" page",
                "timedOut": false,
                "duration": 4032,
                "state": "passed",
                "speed": "fast",
                "pass": true,
                "fail": false,
                "pending": false,
                "code": "return instructions().catch(takeScreenshot);",
                "err": {},
                "isRoot": false,
                "uuid": "c7c43bf9-9d31-453c-a982-34d41f3c74ef",
                "parentUUID": "7ec7ac8e-b02a-419b-8ced-ae961a18a880",
                "isHook": false,
                "skipped": false
              },
              {
                "title": "should click on \"New Product\" button",
                "fullTitle": "Create \"Product\" Create a new product in the Back Office should click on \"New Product\" button",
                "timedOut": false,
                "duration": 5387,
                "state": "passed",
                "speed": "fast",
                "pass": true,
                "fail": false,
                "pending": false,
                "code": "return instructions().catch(takeScreenshot);",
                "err": {},
                "isRoot": false,
                "uuid": "6b9dd389-27e6-4631-8231-65f82e56abaa",
                "parentUUID": "7ec7ac8e-b02a-419b-8ced-ae961a18a880",
                "isHook": false,
                "skipped": false
              },
              {
                "title": "should set the \"Name\" input",
                "fullTitle": "Create \"Product\" Create a new product in the Back Office should set the \"Name\" input",
                "timedOut": false,
                "duration": 541,
                "state": "passed",
                "speed": "fast",
                "pass": true,
                "fail": false,
                "pending": false,
                "code": "return instructions().catch(takeScreenshot);",
                "err": {},
                "isRoot": false,
                "uuid": "a193ec71-a08c-4e59-b74c-b782d9a76609",
                "parentUUID": "7ec7ac8e-b02a-419b-8ced-ae961a18a880",
                "isHook": false,
                "skipped": false
              },
              {
                "title": "should set the \"Reference\" input",
                "fullTitle": "Create \"Product\" Create a new product in the Back Office should set the \"Reference\" input",
                "timedOut": false,
                "duration": 769,
                "state": "passed",
                "speed": "fast",
                "pass": true,
                "fail": false,
                "pending": false,
                "code": "return instructions().catch(takeScreenshot);",
                "err": {},
                "isRoot": false,
                "uuid": "1722c64c-c44a-49a7-a13e-1d3d0c2e7ec8",
                "parentUUID": "7ec7ac8e-b02a-419b-8ced-ae961a18a880",
                "isHook": false,
                "skipped": false
              },
              {
                "title": "should set the \"Quantity\" input",
                "fullTitle": "Create \"Product\" Create a new product in the Back Office should set the \"Quantity\" input",
                "timedOut": false,
                "duration": 173,
                "state": "passed",
                "speed": "fast",
                "pass": true,
                "fail": false,
                "pending": false,
                "code": "return instructions().catch(takeScreenshot);",
                "err": {},
                "isRoot": false,
                "uuid": "ff63ba87-ff9b-411e-9a85-6f087289d174",
                "parentUUID": "7ec7ac8e-b02a-419b-8ced-ae961a18a880",
                "isHook": false,
                "skipped": false
              },
              {
                "title": "should set the \"Price\" input",
                "fullTitle": "Create \"Product\" Create a new product in the Back Office should set the \"Price\" input",
                "timedOut": false,
                "duration": 246,
                "state": "passed",
                "speed": "fast",
                "pass": true,
                "fail": false,
                "pending": false,
                "code": "return instructions().catch(takeScreenshot);",
                "err": {},
                "isRoot": false,
                "uuid": "b72d2afc-c807-4796-8da4-75a0d76adfee",
                "parentUUID": "7ec7ac8e-b02a-419b-8ced-ae961a18a880",
                "isHook": false,
                "skipped": false
              },
              {
                "title": "should upload the first product picture",
                "fullTitle": "Create \"Product\" Create a new product in the Back Office should upload the first product picture",
                "timedOut": false,
                "duration": 280,
                "state": "passed",
                "speed": "fast",
                "pass": true,
                "fail": false,
                "pending": false,
                "code": "return instructions().catch(takeScreenshot);",
                "err": {},
                "isRoot": false,
                "uuid": "51a3cee2-837e-42a8-9bc3-f70b22c88d3e",
                "parentUUID": "7ec7ac8e-b02a-419b-8ced-ae961a18a880",
                "isHook": false,
                "skipped": false
              }
            ],
            "pending": [],
            "root": false,
            "_timeout": 400000,
            "file": "/test/campaigns/full/14_discount/2_check_discount_in_FO.js",
            "uuid": "7ec7ac8e-b02a-419b-8ced-ae961a18a880",
            "beforeHooks": [
              {
                "title": "\"before all\" hook",
                "fullTitle": "Create \"Product\" Create a new product in the Back Office \"before all\" hook",
                "timedOut": false,
                "duration": 0,
                "pass": false,
                "fail": false,
                "pending": false,
                "code": "this.client = client",
                "err": {},
                "isRoot": false,
                "uuid": "d160ff7a-9f08-4ec0-9d26-33e7c174aa6e",
                "parentUUID": "7ec7ac8e-b02a-419b-8ced-ae961a18a880",
                "isHook": true,
                "skipped": false
              }
            ],
            "afterHooks": [],
            "fullFile": "/home/mbadrani/Documents/prestashop-develop/tests/E2E/test/campaigns/full/14_discount/2_check_discount_in_FO.js",
            "passes": [
              {
                "title": "should go to \"Products\" page",
                "fullTitle": "Create \"Product\" Create a new product in the Back Office should go to \"Products\" page",
                "timedOut": false,
                "duration": 4032,
                "state": "passed",
                "speed": "fast",
                "pass": true,
                "fail": false,
                "pending": false,
                "code": "return instructions().catch(takeScreenshot);",
                "err": {},
                "isRoot": false,
                "uuid": "c7c43bf9-9d31-453c-a982-34d41f3c74ef",
                "parentUUID": "7ec7ac8e-b02a-419b-8ced-ae961a18a880",
                "isHook": false,
                "skipped": false
              },
              {
                "title": "should click on \"New Product\" button",
                "fullTitle": "Create \"Product\" Create a new product in the Back Office should click on \"New Product\" button",
                "timedOut": false,
                "duration": 5387,
                "state": "passed",
                "speed": "fast",
                "pass": true,
                "fail": false,
                "pending": false,
                "code": "return instructions().catch(takeScreenshot);",
                "err": {},
                "isRoot": false,
                "uuid": "6b9dd389-27e6-4631-8231-65f82e56abaa",
                "parentUUID": "7ec7ac8e-b02a-419b-8ced-ae961a18a880",
                "isHook": false,
                "skipped": false
              },
              {
                "title": "should set the \"Name\" input",
                "fullTitle": "Create \"Product\" Create a new product in the Back Office should set the \"Name\" input",
                "timedOut": false,
                "duration": 541,
                "state": "passed",
                "speed": "fast",
                "pass": true,
                "fail": false,
                "pending": false,
                "code": "return instructions().catch(takeScreenshot);",
                "err": {},
                "isRoot": false,
                "uuid": "a193ec71-a08c-4e59-b74c-b782d9a76609",
                "parentUUID": "7ec7ac8e-b02a-419b-8ced-ae961a18a880",
                "isHook": false,
                "skipped": false
              },
              {
                "title": "should set the \"Reference\" input",
                "fullTitle": "Create \"Product\" Create a new product in the Back Office should set the \"Reference\" input",
                "timedOut": false,
                "duration": 769,
                "state": "passed",
                "speed": "fast",
                "pass": true,
                "fail": false,
                "pending": false,
                "code": "return instructions().catch(takeScreenshot);",
                "err": {},
                "isRoot": false,
                "uuid": "1722c64c-c44a-49a7-a13e-1d3d0c2e7ec8",
                "parentUUID": "7ec7ac8e-b02a-419b-8ced-ae961a18a880",
                "isHook": false,
                "skipped": false
              },
              {
                "title": "should set the \"Quantity\" input",
                "fullTitle": "Create \"Product\" Create a new product in the Back Office should set the \"Quantity\" input",
                "timedOut": false,
                "duration": 173,
                "state": "passed",
                "speed": "fast",
                "pass": true,
                "fail": false,
                "pending": false,
                "code": "return instructions().catch(takeScreenshot);",
                "err": {},
                "isRoot": false,
                "uuid": "ff63ba87-ff9b-411e-9a85-6f087289d174",
                "parentUUID": "7ec7ac8e-b02a-419b-8ced-ae961a18a880",
                "isHook": false,
                "skipped": false
              },
              {
                "title": "should set the \"Price\" input",
                "fullTitle": "Create \"Product\" Create a new product in the Back Office should set the \"Price\" input",
                "timedOut": false,
                "duration": 246,
                "state": "passed",
                "speed": "fast",
                "pass": true,
                "fail": false,
                "pending": false,
                "code": "return instructions().catch(takeScreenshot);",
                "err": {},
                "isRoot": false,
                "uuid": "b72d2afc-c807-4796-8da4-75a0d76adfee",
                "parentUUID": "7ec7ac8e-b02a-419b-8ced-ae961a18a880",
                "isHook": false,
                "skipped": false
              },
              {
                "title": "should upload the first product picture",
                "fullTitle": "Create \"Product\" Create a new product in the Back Office should upload the first product picture",
                "timedOut": false,
                "duration": 280,
                "state": "passed",
                "speed": "fast",
                "pass": true,
                "fail": false,
                "pending": false,
                "code": "return instructions().catch(takeScreenshot);",
                "err": {},
                "isRoot": false,
                "uuid": "51a3cee2-837e-42a8-9bc3-f70b22c88d3e",
                "parentUUID": "7ec7ac8e-b02a-419b-8ced-ae961a18a880",
                "isHook": false,
                "skipped": false
              }
            ],
            "failures": [],
            "skipped": [],
            "hasBeforeHooks": true,
            "hasAfterHooks": false,
            "hasTests": true,
            "hasSuites": true,
            "totalTests": 7,
            "totalPasses": 7,
            "totalFailures": 0,
            "totalPending": 0,
            "totalSkipped": 0,
            "hasPasses": true,
            "hasFailures": false,
            "hasPending": false,
            "hasSkipped": false,
            "duration": 11428,
            "rootEmpty": false
          },
          {
            "title": "Logout from the Back Office",
            "suites": [],
            "tests": [
              {
                "title": "should logout successfully from the Back Office",
                "fullTitle": "Create \"Product\" Logout from the Back Office should logout successfully from the Back Office",
                "timedOut": false,
                "duration": 24,
                "state": "passed",
                "speed": "fast",
                "pass": true,
                "fail": false,
                "pending": false,
                "code": "return instructions().catch(takeScreenshot);",
                "err": {},
                "isRoot": false,
                "uuid": "1adf5f7e-3255-4f82-bc7e-5e5575258203",
                "parentUUID": "e786cdd9-6ffd-4e47-b66f-7f322147f711",
                "isHook": false,
                "skipped": false
              }
            ],
            "pending": [],
            "root": false,
            "_timeout": 400000,
            "file": "/test/campaigns/full/14_discount/2_check_discount_in_FO.js",
            "uuid": "e786cdd9-6ffd-4e47-b66f-7f322147f711",
            "beforeHooks": [
              {
                "title": "\"before all\" hook",
                "fullTitle": "Create \"Product\" Logout from the Back Office \"before all\" hook",
                "timedOut": false,
                "duration": 0,
                "pass": false,
                "fail": false,
                "pending": false,
                "code": "this.client = client",
                "err": {},
                "isRoot": false,
                "uuid": "3d737f9c-412e-446b-94ec-45dea6fbc079",
                "parentUUID": "e786cdd9-6ffd-4e47-b66f-7f322147f711",
                "isHook": true,
                "skipped": false
              }
            ],
            "afterHooks": [],
            "fullFile": "/home/mbadrani/Documents/prestashop-develop/tests/E2E/test/campaigns/full/14_discount/2_check_discount_in_FO.js",
            "passes": [
              {
                "title": "should logout successfully from the Back Office",
                "fullTitle": "Create \"Product\" Logout from the Back Office should logout successfully from the Back Office",
                "timedOut": false,
                "duration": 24,
                "state": "passed",
                "speed": "fast",
                "pass": true,
                "fail": false,
                "pending": false,
                "code": "return instructions().catch(takeScreenshot);",
                "err": {},
                "isRoot": false,
                "uuid": "1adf5f7e-3255-4f82-bc7e-5e5575258203",
                "parentUUID": "e786cdd9-6ffd-4e47-b66f-7f322147f711",
                "isHook": false,
                "skipped": false
              }
            ],
            "failures": [],
            "skipped": [],
            "hasBeforeHooks": true,
            "hasAfterHooks": false,
            "hasTests": true,
            "hasSuites": false,
            "totalTests": 1,
            "totalPasses": 1,
            "totalFailures": 0,
            "totalPending": 0,
            "totalSkipped": 0,
            "hasPasses": true,
            "hasFailures": false,
            "hasPending": false,
            "hasSkipped": false,
            "duration": 24,
            "rootEmpty": false
          }
        ],
        "tests": [],
        "pending": [],
        "root": false,
        "_timeout": 400000,
        "file": "/test/campaigns/full/14_discount/2_check_discount_in_FO.js",
        "uuid": "bee8258e-3d05-4bc1-8f0b-7c75e1664133",
        "beforeHooks": [
          {
            "title": "\"before all\" hook",
            "fullTitle": "Create \"Product\" \"before all\" hook",
            "timedOut": false,
            "duration": 0,
            "pass": false,
            "fail": false,
            "pending": false,
            "code": "this.client = client",
            "err": {},
            "isRoot": false,
            "uuid": "570e7530-d8ac-4d29-b2bf-9d9f7e4f949c",
            "parentUUID": "bee8258e-3d05-4bc1-8f0b-7c75e1664133",
            "isHook": true,
            "skipped": false
          }
        ],
        "afterHooks": [
          {
            "title": "\"after all\" hook",
            "fullTitle": "Create \"Product\" \"after all\" hook",
            "timedOut": false,
            "duration": 54,
            "pass": false,
            "fail": false,
            "pending": false,
            "code": "this.client.close()",
            "err": {},
            "isRoot": false,
            "uuid": "3f765098-25ec-4262-84a5-d39a9b8a9659",
            "parentUUID": "bee8258e-3d05-4bc1-8f0b-7c75e1664133",
            "isHook": true,
            "skipped": false
          }
        ],
        "fullFile": "/home/mbadrani/Documents/prestashop-develop/tests/E2E/test/campaigns/full/14_discount/2_check_discount_in_FO.js",
        "passes": [],
        "failures": [],
        "skipped": [],
        "hasBeforeHooks": true,
        "hasAfterHooks": true,
        "hasTests": false,
        "hasSuites": true,
        "totalTests": 0,
        "totalPasses": 0,
        "totalFailures": 0,
        "totalPending": 0,
        "totalSkipped": 0,
        "hasPasses": false,
        "hasFailures": false,
        "hasPending": false,
        "hasSkipped": false,
        "duration": 0,
        "rootEmpty": false
      },
      {
        "title": "Check \"Specific price\"",
        "suites": [
          {
            "title": "Login in the Front Office",
            "suites": [],
            "tests": [
              {
                "title": "should open the browser",
                "fullTitle": "Check \"Specific price\" Login in the Front Office should open the browser",
                "timedOut": false,
                "duration": 1158,
                "state": "passed",
                "speed": "fast",
                "pass": true,
                "fail": false,
                "pending": false,
                "code": "return instructions().catch(takeScreenshot);",
                "err": {},
                "isRoot": false,
                "uuid": "aa38cb56-1800-4061-a594-a3f4ce8b9819",
                "parentUUID": "e619ae82-f989-4ae5-b4e0-349792a9b328",
                "isHook": false,
                "skipped": false
              },
              {
                "title": "should login successfully in the Front Office",
                "fullTitle": "Check \"Specific price\" Login in the Front Office should login successfully in the Front Office",
                "timedOut": false,
                "duration": 2261,
                "state": "passed",
                "speed": "fast",
                "pass": true,
                "fail": false,
                "pending": false,
                "code": "return instructions().catch(takeScreenshot);",
                "err": {},
                "isRoot": false,
                "uuid": "cf6a71d3-1128-4841-9657-c2f4c7ea1eaa",
                "parentUUID": "e619ae82-f989-4ae5-b4e0-349792a9b328",
                "isHook": false,
                "skipped": false
              }
            ],
            "pending": [],
            "root": false,
            "_timeout": 400000,
            "file": "/test/campaigns/full/14_discount/2_check_discount_in_FO.js",
            "uuid": "e619ae82-f989-4ae5-b4e0-349792a9b328",
            "beforeHooks": [
              {
                "title": "\"before all\" hook",
                "fullTitle": "Check \"Specific price\" Login in the Front Office \"before all\" hook",
                "timedOut": false,
                "duration": 0,
                "pass": false,
                "fail": false,
                "pending": false,
                "code": "this.client = client",
                "err": {},
                "isRoot": false,
                "uuid": "a15e639a-05c1-44d8-af04-756c334ee7d6",
                "parentUUID": "e619ae82-f989-4ae5-b4e0-349792a9b328",
                "isHook": true,
                "skipped": false
              }
            ],
            "afterHooks": [],
            "fullFile": "/home/mbadrani/Documents/prestashop-develop/tests/E2E/test/campaigns/full/14_discount/2_check_discount_in_FO.js",
            "passes": [
              {
                "title": "should open the browser",
                "fullTitle": "Check \"Specific price\" Login in the Front Office should open the browser",
                "timedOut": false,
                "duration": 1158,
                "state": "passed",
                "speed": "fast",
                "pass": true,
                "fail": false,
                "pending": false,
                "code": "return instructions().catch(takeScreenshot);",
                "err": {},
                "isRoot": false,
                "uuid": "aa38cb56-1800-4061-a594-a3f4ce8b9819",
                "parentUUID": "e619ae82-f989-4ae5-b4e0-349792a9b328",
                "isHook": false,
                "skipped": false
              },
              {
                "title": "should login successfully in the Front Office",
                "fullTitle": "Check \"Specific price\" Login in the Front Office should login successfully in the Front Office",
                "timedOut": false,
                "duration": 2261,
                "state": "passed",
                "speed": "fast",
                "pass": true,
                "fail": false,
                "pending": false,
                "code": "return instructions().catch(takeScreenshot);",
                "err": {},
                "isRoot": false,
                "uuid": "cf6a71d3-1128-4841-9657-c2f4c7ea1eaa",
                "parentUUID": "e619ae82-f989-4ae5-b4e0-349792a9b328",
                "isHook": false,
                "skipped": false
              }
            ],
            "failures": [],
            "skipped": [],
            "hasBeforeHooks": true,
            "hasAfterHooks": false,
            "hasTests": true,
            "hasSuites": false,
            "totalTests": 2,
            "totalPasses": 2,
            "totalFailures": 0,
            "totalPending": 0,
            "totalSkipped": 0,
            "hasPasses": true,
            "hasFailures": false,
            "hasPending": false,
            "hasSkipped": false,
            "duration": 3419,
            "rootEmpty": false
          },
          {
            "title": "Check the created \"Specific price\" in the Front Office",
            "suites": [],
            "tests": [
              {
                "title": "should set the shop language to \"English\"",
                "fullTitle": "Check \"Specific price\" Check the created \"Specific price\" in the Front Office should set the shop language to \"English\"",
                "timedOut": false,
                "duration": 5141,
                "state": "passed",
                "speed": "fast",
                "pass": true,
                "fail": false,
                "pending": false,
                "code": "return instructions().catch(takeScreenshot);",
                "err": {},
                "isRoot": false,
                "uuid": "c065e14a-271f-454e-ac14-611aa8e45a8d",
                "parentUUID": "8ea3de56-0c6a-4fff-b3ff-6a5bd1fd74f6",
                "isHook": false,
                "skipped": false
              },
              {
                "title": "should search for the product",
                "fullTitle": "Check \"Specific price\" Check the created \"Specific price\" in the Front Office should search for the product",
                "timedOut": false,
                "duration": 2552,
                "state": "passed",
                "speed": "fast",
                "pass": true,
                "fail": false,
                "pending": false,
                "code": "return instructions().catch(takeScreenshot);",
                "err": {},
                "isRoot": false,
                "uuid": "c5547a12-8ca6-4bef-9469-ee397653b748",
                "parentUUID": "8ea3de56-0c6a-4fff-b3ff-6a5bd1fd74f6",
                "isHook": false,
                "skipped": false
              },
              {
                "title": "should verify that the discount is equal to \"-19.6%\" (BOOM-3838)",
                "fullTitle": "Check \"Specific price\" Check the created \"Specific price\" in the Front Office should verify that the discount is equal to \"-19.6%\" (BOOM-3838)",
                "timedOut": false,
                "duration": 53,
                "state": "passed",
                "speed": "fast",
                "pass": true,
                "fail": false,
                "pending": false,
                "code": "return instructions().catch(takeScreenshot);",
                "err": {},
                "isRoot": false,
                "uuid": "ad54d696-0165-4320-8213-8e0d9f33e67b",
                "parentUUID": "8ea3de56-0c6a-4fff-b3ff-6a5bd1fd74f6",
                "isHook": false,
                "skipped": false
              },
              {
                "title": "should go to the product page",
                "fullTitle": "Check \"Specific price\" Check the created \"Specific price\" in the Front Office should go to the product page",
                "timedOut": false,
                "duration": 517,
                "state": "passed",
                "speed": "fast",
                "pass": true,
                "fail": false,
                "pending": false,
                "code": "return instructions().catch(takeScreenshot);",
                "err": {},
                "isRoot": false,
                "uuid": "0c12b8e8-e6c8-476d-ab55-9f06c1c98dac",
                "parentUUID": "8ea3de56-0c6a-4fff-b3ff-6a5bd1fd74f6",
                "isHook": false,
                "skipped": false
              },
              {
                "title": "should verify that the discount is equal to \"-19.6%\" (BOOM-3838)",
                "fullTitle": "Check \"Specific price\" Check the created \"Specific price\" in the Front Office should verify that the discount is equal to \"-19.6%\" (BOOM-3838)",
                "timedOut": false,
                "duration": 69,
                "state": "passed",
                "speed": "fast",
                "pass": true,
                "fail": false,
                "pending": false,
                "code": "return instructions().catch(takeScreenshot);",
                "err": {},
                "isRoot": false,
                "uuid": "93b77757-3fe7-4f64-a547-92a08a6ee6e2",
                "parentUUID": "8ea3de56-0c6a-4fff-b3ff-6a5bd1fd74f6",
                "isHook": false,
                "skipped": false
              },
              {
                "title": "should click on \"Add to cart\" button  ",
                "fullTitle": "Check \"Specific price\" Check the created \"Specific price\" in the Front Office should click on \"Add to cart\" button  ",
                "timedOut": false,
                "duration": 105,
                "state": "passed",
                "speed": "fast",
                "pass": true,
                "fail": false,
                "pending": false,
                "code": "return instructions().catch(takeScreenshot);",
                "err": {},
                "isRoot": false,
                "uuid": "801604ea-3f2e-499d-abaa-605e676b1d28",
                "parentUUID": "8ea3de56-0c6a-4fff-b3ff-6a5bd1fd74f6",
                "isHook": false,
                "skipped": false
              },
              {
                "title": "should click on \"Proceed to checkout\" button",
                "fullTitle": "Check \"Specific price\" Check the created \"Specific price\" in the Front Office should click on \"Proceed to checkout\" button",
                "timedOut": false,
                "duration": 896,
                "state": "passed",
                "speed": "fast",
                "pass": true,
                "fail": false,
                "pending": false,
                "code": "return instructions().catch(takeScreenshot);",
                "err": {},
                "isRoot": false,
                "uuid": "e1969178-e1d4-4300-a7a9-5f4df37ff85c",
                "parentUUID": "8ea3de56-0c6a-4fff-b3ff-6a5bd1fd74f6",
                "isHook": false,
                "skipped": false
              },
              {
                "title": "should verify that the discount is equal to \"-19.6%\" (BOOM-3838)",
                "fullTitle": "Check \"Specific price\" Check the created \"Specific price\" in the Front Office should verify that the discount is equal to \"-19.6%\" (BOOM-3838)",
                "timedOut": false,
                "duration": 50,
                "state": "passed",
                "speed": "fast",
                "pass": true,
                "fail": false,
                "pending": false,
                "code": "return instructions().catch(takeScreenshot);",
                "err": {},
                "isRoot": false,
                "uuid": "ba570984-3b77-4725-872e-0a2b7bb2c5e7",
                "parentUUID": "8ea3de56-0c6a-4fff-b3ff-6a5bd1fd74f6",
                "isHook": false,
                "skipped": false
              }
            ],
            "pending": [],
            "root": false,
            "_timeout": 400000,
            "file": "/test/campaigns/full/14_discount/2_check_discount_in_FO.js",
            "uuid": "8ea3de56-0c6a-4fff-b3ff-6a5bd1fd74f6",
            "beforeHooks": [
              {
                "title": "\"before all\" hook",
                "fullTitle": "Check \"Specific price\" Check the created \"Specific price\" in the Front Office \"before all\" hook",
                "timedOut": false,
                "duration": 0,
                "pass": false,
                "fail": false,
                "pending": false,
                "code": "this.client = client",
                "err": {},
                "isRoot": false,
                "uuid": "1d449316-72e7-456b-99d4-692b26f30e6b",
                "parentUUID": "8ea3de56-0c6a-4fff-b3ff-6a5bd1fd74f6",
                "isHook": true,
                "skipped": false
              }
            ],
            "afterHooks": [],
            "fullFile": "/home/mbadrani/Documents/prestashop-develop/tests/E2E/test/campaigns/full/14_discount/2_check_discount_in_FO.js",
            "passes": [
              {
                "title": "should set the shop language to \"English\"",
                "fullTitle": "Check \"Specific price\" Check the created \"Specific price\" in the Front Office should set the shop language to \"English\"",
                "timedOut": false,
                "duration": 5141,
                "state": "passed",
                "speed": "fast",
                "pass": true,
                "fail": false,
                "pending": false,
                "code": "return instructions().catch(takeScreenshot);",
                "err": {},
                "isRoot": false,
                "uuid": "c065e14a-271f-454e-ac14-611aa8e45a8d",
                "parentUUID": "8ea3de56-0c6a-4fff-b3ff-6a5bd1fd74f6",
                "isHook": false,
                "skipped": false
              },
              {
                "title": "should search for the product",
                "fullTitle": "Check \"Specific price\" Check the created \"Specific price\" in the Front Office should search for the product",
                "timedOut": false,
                "duration": 2552,
                "state": "passed",
                "speed": "fast",
                "pass": true,
                "fail": false,
                "pending": false,
                "code": "return instructions().catch(takeScreenshot);",
                "err": {},
                "isRoot": false,
                "uuid": "c5547a12-8ca6-4bef-9469-ee397653b748",
                "parentUUID": "8ea3de56-0c6a-4fff-b3ff-6a5bd1fd74f6",
                "isHook": false,
                "skipped": false
              },
              {
                "title": "should verify that the discount is equal to \"-19.6%\" (BOOM-3838)",
                "fullTitle": "Check \"Specific price\" Check the created \"Specific price\" in the Front Office should verify that the discount is equal to \"-19.6%\" (BOOM-3838)",
                "timedOut": false,
                "duration": 53,
                "state": "passed",
                "speed": "fast",
                "pass": true,
                "fail": false,
                "pending": false,
                "code": "return instructions().catch(takeScreenshot);",
                "err": {},
                "isRoot": false,
                "uuid": "ad54d696-0165-4320-8213-8e0d9f33e67b",
                "parentUUID": "8ea3de56-0c6a-4fff-b3ff-6a5bd1fd74f6",
                "isHook": false,
                "skipped": false
              },
              {
                "title": "should go to the product page",
                "fullTitle": "Check \"Specific price\" Check the created \"Specific price\" in the Front Office should go to the product page",
                "timedOut": false,
                "duration": 517,
                "state": "passed",
                "speed": "fast",
                "pass": true,
                "fail": false,
                "pending": false,
                "code": "return instructions().catch(takeScreenshot);",
                "err": {},
                "isRoot": false,
                "uuid": "0c12b8e8-e6c8-476d-ab55-9f06c1c98dac",
                "parentUUID": "8ea3de56-0c6a-4fff-b3ff-6a5bd1fd74f6",
                "isHook": false,
                "skipped": false
              },
              {
                "title": "should verify that the discount is equal to \"-19.6%\" (BOOM-3838)",
                "fullTitle": "Check \"Specific price\" Check the created \"Specific price\" in the Front Office should verify that the discount is equal to \"-19.6%\" (BOOM-3838)",
                "timedOut": false,
                "duration": 69,
                "state": "passed",
                "speed": "fast",
                "pass": true,
                "fail": false,
                "pending": false,
                "code": "return instructions().catch(takeScreenshot);",
                "err": {},
                "isRoot": false,
                "uuid": "93b77757-3fe7-4f64-a547-92a08a6ee6e2",
                "parentUUID": "8ea3de56-0c6a-4fff-b3ff-6a5bd1fd74f6",
                "isHook": false,
                "skipped": false
              },
              {
                "title": "should click on \"Add to cart\" button  ",
                "fullTitle": "Check \"Specific price\" Check the created \"Specific price\" in the Front Office should click on \"Add to cart\" button  ",
                "timedOut": false,
                "duration": 105,
                "state": "passed",
                "speed": "fast",
                "pass": true,
                "fail": false,
                "pending": false,
                "code": "return instructions().catch(takeScreenshot);",
                "err": {},
                "isRoot": false,
                "uuid": "801604ea-3f2e-499d-abaa-605e676b1d28",
                "parentUUID": "8ea3de56-0c6a-4fff-b3ff-6a5bd1fd74f6",
                "isHook": false,
                "skipped": false
              },
              {
                "title": "should click on \"Proceed to checkout\" button",
                "fullTitle": "Check \"Specific price\" Check the created \"Specific price\" in the Front Office should click on \"Proceed to checkout\" button",
                "timedOut": false,
                "duration": 896,
                "state": "passed",
                "speed": "fast",
                "pass": true,
                "fail": false,
                "pending": false,
                "code": "return instructions().catch(takeScreenshot);",
                "err": {},
                "isRoot": false,
                "uuid": "e1969178-e1d4-4300-a7a9-5f4df37ff85c",
                "parentUUID": "8ea3de56-0c6a-4fff-b3ff-6a5bd1fd74f6",
                "isHook": false,
                "skipped": false
              },
              {
                "title": "should verify that the discount is equal to \"-19.6%\" (BOOM-3838)",
                "fullTitle": "Check \"Specific price\" Check the created \"Specific price\" in the Front Office should verify that the discount is equal to \"-19.6%\" (BOOM-3838)",
                "timedOut": false,
                "duration": 50,
                "state": "passed",
                "speed": "fast",
                "pass": true,
                "fail": false,
                "pending": false,
                "code": "return instructions().catch(takeScreenshot);",
                "err": {},
                "isRoot": false,
                "uuid": "ba570984-3b77-4725-872e-0a2b7bb2c5e7",
                "parentUUID": "8ea3de56-0c6a-4fff-b3ff-6a5bd1fd74f6",
                "isHook": false,
                "skipped": false
              }
            ],
            "failures": [],
            "skipped": [],
            "hasBeforeHooks": true,
            "hasAfterHooks": false,
            "hasTests": true,
            "hasSuites": false,
            "totalTests": 8,
            "totalPasses": 8,
            "totalFailures": 0,
            "totalPending": 0,
            "totalSkipped": 0,
            "hasPasses": true,
            "hasFailures": false,
            "hasPending": false,
            "hasSkipped": false,
            "duration": 9383,
            "rootEmpty": false
          },
          {
            "title": "Logout from the Front Office",
            "suites": [],
            "tests": [
              {
                "title": "should logout successfully from the Front Office",
                "fullTitle": "Check \"Specific price\" Logout from the Front Office should logout successfully from the Front Office",
                "timedOut": false,
                "duration": 368,
                "state": "passed",
                "speed": "fast",
                "pass": true,
                "fail": false,
                "pending": false,
                "code": "return instructions().catch(takeScreenshot);",
                "err": {},
                "isRoot": false,
                "uuid": "ea65496b-ce2b-4b0d-b176-878fb1bae99e",
                "parentUUID": "f76e2c85-49b8-4895-aeb4-fb724d30908e",
                "isHook": false,
                "skipped": false
              }
            ],
            "pending": [],
            "root": false,
            "_timeout": 400000,
            "file": "/test/campaigns/full/14_discount/2_check_discount_in_FO.js",
            "uuid": "f76e2c85-49b8-4895-aeb4-fb724d30908e",
            "beforeHooks": [
              {
                "title": "\"before all\" hook",
                "fullTitle": "Check \"Specific price\" Logout from the Front Office \"before all\" hook",
                "timedOut": false,
                "duration": 0,
                "pass": false,
                "fail": false,
                "pending": false,
                "code": "this.client = client",
                "err": {},
                "isRoot": false,
                "uuid": "31bfc486-8a1c-4cdc-ac3d-9037c162df03",
                "parentUUID": "f76e2c85-49b8-4895-aeb4-fb724d30908e",
                "isHook": true,
                "skipped": false
              }
            ],
            "afterHooks": [],
            "fullFile": "/home/mbadrani/Documents/prestashop-develop/tests/E2E/test/campaigns/full/14_discount/2_check_discount_in_FO.js",
            "passes": [
              {
                "title": "should logout successfully from the Front Office",
                "fullTitle": "Check \"Specific price\" Logout from the Front Office should logout successfully from the Front Office",
                "timedOut": false,
                "duration": 368,
                "state": "passed",
                "speed": "fast",
                "pass": true,
                "fail": false,
                "pending": false,
                "code": "return instructions().catch(takeScreenshot);",
                "err": {},
                "isRoot": false,
                "uuid": "ea65496b-ce2b-4b0d-b176-878fb1bae99e",
                "parentUUID": "f76e2c85-49b8-4895-aeb4-fb724d30908e",
                "isHook": false,
                "skipped": false
              }
            ],
            "failures": [],
            "skipped": [],
            "hasBeforeHooks": true,
            "hasAfterHooks": false,
            "hasTests": true,
            "hasSuites": false,
            "totalTests": 1,
            "totalPasses": 1,
            "totalFailures": 0,
            "totalPending": 0,
            "totalSkipped": 0,
            "hasPasses": true,
            "hasFailures": false,
            "hasPending": false,
            "hasSkipped": false,
            "duration": 368,
            "rootEmpty": false
          }
        ],
        "tests": [],
        "pending": [],
        "root": false,
        "_timeout": 400000,
        "file": "/test/campaigns/full/14_discount/2_check_discount_in_FO.js",
        "uuid": "5688d012-21e4-4d98-8c1a-58c37f32ad79",
        "beforeHooks": [
          {
            "title": "\"before all\" hook",
            "fullTitle": "Check \"Specific price\" \"before all\" hook",
            "timedOut": false,
            "duration": 0,
            "pass": false,
            "fail": false,
            "pending": false,
            "code": "this.client = client",
            "err": {},
            "isRoot": false,
            "uuid": "a4bacdae-e4e4-4cde-95bd-0fa7de6d2f8c",
            "parentUUID": "5688d012-21e4-4d98-8c1a-58c37f32ad79",
            "isHook": true,
            "skipped": false
          }
        ],
        "afterHooks": [
          {
            "title": "\"after all\" hook",
            "fullTitle": "Check \"Specific price\" \"after all\" hook",
            "timedOut": false,
            "duration": 63,
            "pass": false,
            "fail": false,
            "pending": false,
            "code": "this.client.close()",
            "err": {},
            "isRoot": false,
            "uuid": "915dfddd-73bf-4493-b09b-e6970460cd32",
            "parentUUID": "5688d012-21e4-4d98-8c1a-58c37f32ad79",
            "isHook": true,
            "skipped": false
          }
        ],
        "fullFile": "/home/mbadrani/Documents/prestashop-develop/tests/E2E/test/campaigns/full/14_discount/2_check_discount_in_FO.js",
        "passes": [],
        "failures": [],
        "skipped": [],
        "hasBeforeHooks": true,
        "hasAfterHooks": true,
        "hasTests": false,
        "hasSuites": true,
        "totalTests": 0,
        "totalPasses": 0,
        "totalFailures": 0,
        "totalPending": 0,
        "totalSkipped": 0,
        "hasPasses": false,
        "hasFailures": false,
        "hasPending": false,
        "hasSkipped": false,
        "duration": 0,
        "rootEmpty": false
      },
      {
        "title": "Create \"Catalog price rule\"",
        "suites": [
          {
            "title": "Login in the Back Office",
            "suites": [],
            "tests": [
              {
                "title": "should open the browser",
                "fullTitle": "Create \"Catalog price rule\" Login in the Back Office should open the browser",
                "timedOut": false,
                "duration": 1234,
                "state": "passed",
                "speed": "fast",
                "pass": true,
[...]
      "uuid": "3b2daa9b-8a3b-4670-98ca-a335d44ea2db",
      "parentUUID": "b19a703c-a7a4-498d-82f7-6858cbabd176",
      "isHook": false,
      "skipped": false
    },
    {
      "title": "should click on \"Pricing\" tab",
      "fullTitle": "Delete the created specific price should click on \"Pricing\" tab",
      "timedOut": false,
      "duration": 805,
      "state": "passed",
      "speed": "fast",
      "pass": true,
      "fail": false,
      "pending": false,
      "code": "return instructions().catch(takeScreenshot);",
      "err": {},
      "isRoot": false,
      "uuid": "f0523839-b2c9-46cc-9ac2-51f9c359f176",
      "parentUUID": "b19a703c-a7a4-498d-82f7-6858cbabd176",
      "isHook": false,
      "skipped": false
    },
    {
      "title": "should click on \"Delete\" button of specific price",
      "fullTitle": "Delete the created specific price should click on \"Delete\" button of specific price",
      "timedOut": false,
      "duration": 3153,
      "state": "passed",
      "speed": "fast",
      "pass": true,
      "fail": false,
      "pending": false,
      "code": "return instructions().catch(takeScreenshot);",
      "err": {},
      "isRoot": false,
      "uuid": "b1ff9c08-2a14-4acd-8484-a93f7175d454",
      "parentUUID": "b19a703c-a7a4-498d-82f7-6858cbabd176",
      "isHook": false,
      "skipped": false
    },
    {
      "title": "should click on \"Yes\" of modal button",
      "fullTitle": "Delete the created specific price should click on \"Yes\" of modal button",
      "timedOut": false,
      "duration": 657,
      "state": "passed",
      "speed": "fast",
      "pass": true,
      "fail": false,
      "pending": false,
      "code": "return instructions().catch(takeScreenshot);",
      "err": {},
      "isRoot": false,
      "uuid": "6a8fbe0c-c7bb-42f4-9736-2bfc87cd3b15",
      "parentUUID": "b19a703c-a7a4-498d-82f7-6858cbabd176",
      "isHook": false,
      "skipped": false
    },
    {
      "title": "should verify the appearance of the green validation",
      "fullTitle": "Delete the created specific price should verify the appearance of the green validation",
      "timedOut": false,
      "duration": 548,
      "state": "passed",
      "speed": "fast",
      "pass": true,
      "fail": false,
      "pending": false,
      "code": "return instructions().catch(takeScreenshot);",
      "err": {},
      "isRoot": false,
      "uuid": "db15a69a-d7ae-4a85-939a-b5f874783dea",
      "parentUUID": "b19a703c-a7a4-498d-82f7-6858cbabd176",
      "isHook": false,
      "skipped": false
    },
    {
      "title": "should click on \"Save\" button",
      "fullTitle": "Delete the created specific price should click on \"Save\" button",
      "timedOut": false,
      "duration": 3156,
      "state": "passed",
      "speed": "fast",
      "pass": true,
      "fail": false,
      "pending": false,
      "code": "return instructions().catch(takeScreenshot);",
      "err": {},
      "isRoot": false,
      "uuid": "2a82c10e-1d8a-4960-a400-eb90e42c334e",
      "parentUUID": "b19a703c-a7a4-498d-82f7-6858cbabd176",
      "isHook": false,
      "skipped": false
    },
    {
      "title": "should go to \"Discounts\" page",
      "fullTitle": "Create catalog price rules should go to \"Discounts\" page",
      "timedOut": false,
      "duration": 4029,
      "state": "passed",
      "speed": "fast",
      "pass": true,
      "fail": false,
      "pending": false,
      "code": "return instructions().catch(takeScreenshot);",
      "err": {},
      "isRoot": false,
      "uuid": "1bb605cd-33c2-4828-b34e-d5f55325daf3",
      "parentUUID": "5c2c35ed-dba9-4092-8854-dfd13e7ab755",
      "isHook": false,
      "skipped": false
    },
    {
      "title": "should go to \"Catalog Price Rules\" page",
      "fullTitle": "Create catalog price rules should go to \"Catalog Price Rules\" page",
      "timedOut": false,
      "duration": 675,
      "state": "passed",
      "speed": "fast",
      "pass": true,
      "fail": false,
      "pending": false,
      "code": "return instructions().catch(takeScreenshot);",
      "err": {},
      "isRoot": false,
      "uuid": "a6d3f11f-18a4-4621-9871-3691e1b80507",
      "parentUUID": "5c2c35ed-dba9-4092-8854-dfd13e7ab755",
      "isHook": false,
      "skipped": false
    },
    {
      "title": "should click on \"Add new catalog price rule\"",
      "fullTitle": "Create catalog price rules should click on \"Add new catalog price rule\"",
      "timedOut": false,
      "duration": 724,
      "state": "passed",
      "speed": "fast",
      "pass": true,
      "fail": false,
      "pending": false,
      "code": "return instructions().catch(takeScreenshot);",
      "err": {},
      "isRoot": false,
      "uuid": "3e13f7a1-a446-41e4-894a-0db6ea0167b7",
      "parentUUID": "5c2c35ed-dba9-4092-8854-dfd13e7ab755",
      "isHook": false,
      "skipped": false
    },
    {
      "title": "should set the \"Name\" input",
      "fullTitle": "Create catalog price rules should set the \"Name\" input",
      "timedOut": false,
      "duration": 282,
      "state": "passed",
      "speed": "fast",
      "pass": true,
      "fail": false,
      "pending": false,
      "code": "return instructions().catch(takeScreenshot);",
      "err": {},
      "isRoot": false,
      "uuid": "8fad1c40-a92b-45cf-acd9-dd629dcd9a32",
      "parentUUID": "5c2c35ed-dba9-4092-8854-dfd13e7ab755",
      "isHook": false,
      "skipped": false
    },
    {
      "title": "should set the \"From quantity\" input",
      "fullTitle": "Create catalog price rules should set the \"From quantity\" input",
      "timedOut": false,
      "duration": 124,
      "state": "passed",
      "speed": "fast",
      "pass": true,
      "fail": false,
      "pending": false,
      "code": "return instructions().catch(takeScreenshot);",
      "err": {},
      "isRoot": false,
      "uuid": "07546b64-7a32-44ac-8772-bc2b84181e5b",
      "parentUUID": "5c2c35ed-dba9-4092-8854-dfd13e7ab755",
      "isHook": false,
      "skipped": false
    },
    {
      "title": "should set the \"Reduction type\" input",
      "fullTitle": "Create catalog price rules should set the \"Reduction type\" input",
      "timedOut": false,
      "duration": 96,
      "state": "passed",
      "speed": "fast",
      "pass": true,
      "fail": false,
      "pending": false,
      "code": "return instructions().catch(takeScreenshot);",
      "err": {},
      "isRoot": false,
      "uuid": "7529c8ab-bcb4-4030-a0f2-a12db2136875",
      "parentUUID": "5c2c35ed-dba9-4092-8854-dfd13e7ab755",
      "isHook": false,
      "skipped": false
    },
    {
      "title": "should set the \"Reduction\" input",
      "fullTitle": "Create catalog price rules should set the \"Reduction\" input",
      "timedOut": false,
      "duration": 181,
      "state": "passed",
      "speed": "fast",
      "pass": true,
      "fail": false,
      "pending": false,
      "code": "return instructions().catch(takeScreenshot);",
      "err": {},
      "isRoot": false,
      "uuid": "82c705c4-0426-4db6-be85-70e7b94ce8de",
      "parentUUID": "5c2c35ed-dba9-4092-8854-dfd13e7ab755",
      "isHook": false,
      "skipped": false
    },
    {
      "title": "should click on \"save\" button",
      "fullTitle": "Create catalog price rules should click on \"save\" button",
      "timedOut": false,
      "duration": 734,
      "state": "passed",
      "speed": "fast",
      "pass": true,
      "fail": false,
      "pending": false,
      "code": "return instructions().catch(takeScreenshot);",
      "err": {},
      "isRoot": false,
      "uuid": "b12d0f61-8a72-459d-b613-dff6c3151ce5",
      "parentUUID": "5c2c35ed-dba9-4092-8854-dfd13e7ab755",
      "isHook": false,
      "skipped": false
    },
    {
      "title": "should logout successfully from the Back Office",
      "fullTitle": "Logout from the Back Office should logout successfully from the Back Office",
      "timedOut": false,
      "duration": 65,
      "state": "passed",
      "speed": "fast",
      "pass": true,
      "fail": false,
      "pending": false,
      "code": "return instructions().catch(takeScreenshot);",
      "err": {},
      "isRoot": false,
      "uuid": "04a876db-7f29-41ec-8ba3-7dc4ce4d7a09",
      "parentUUID": "2cfcf281-7ed1-4971-bdd1-9ec40dffad89",
      "isHook": false,
      "skipped": false
    },
    {
      "title": "should open the browser",
      "fullTitle": "Login in the Front Office should open the browser",
      "timedOut": false,
      "duration": 1232,
      "state": "passed",
      "speed": "fast",
      "pass": true,
      "fail": false,
      "pending": false,
      "code": "return instructions().catch(takeScreenshot);",
      "err": {},
      "isRoot": false,
      "uuid": "3bd8980e-397f-418a-a0bb-110d62db5af0",
      "parentUUID": "7c2d7540-2cc0-432b-b663-eeee4e6535a1",
      "isHook": false,
      "skipped": false
    },
    {
      "title": "should login successfully in the Front Office",
      "fullTitle": "Login in the Front Office should login successfully in the Front Office",
      "timedOut": false,
      "duration": 2388,
      "state": "passed",
      "speed": "fast",
      "pass": true,
      "fail": false,
      "pending": false,
      "code": "return instructions().catch(takeScreenshot);",
      "err": {},
      "isRoot": false,
      "uuid": "a8d2e104-aeab-4165-bb1b-41c707ed9b51",
      "parentUUID": "7c2d7540-2cc0-432b-b663-eeee4e6535a1",
      "isHook": false,
      "skipped": false
    },
    {
      "title": "should set the shop language to \"English\"",
      "fullTitle": "Check the created \"Catalog price rule\" in the Front Office should set the shop language to \"English\"",
      "timedOut": false,
      "duration": 5124,
      "state": "passed",
      "speed": "fast",
      "pass": true,
      "fail": false,
      "pending": false,
      "code": "return instructions().catch(takeScreenshot);",
      "err": {},
      "isRoot": false,
      "uuid": "518c793f-2655-4225-8eb4-4157bae62fb1",
      "parentUUID": "38bf8016-c391-4e50-aae9-f80264d448b9",
      "isHook": false,
      "skipped": false
    },
    {
      "title": "should search for the product",
      "fullTitle": "Check the created \"Catalog price rule\" in the Front Office should search for the product",
      "timedOut": false,
      "duration": 2591,
      "state": "passed",
      "speed": "fast",
      "pass": true,
      "fail": false,
      "pending": false,
      "code": "return instructions().catch(takeScreenshot);",
      "err": {},
      "isRoot": false,
      "uuid": "a53bf4e1-74af-4f14-8f95-787a9bc33bc6",
      "parentUUID": "38bf8016-c391-4e50-aae9-f80264d448b9",
      "isHook": false,
      "skipped": false
    },
    {
      "title": "should verify that the discount is equal to \"-19.67%\" (BOOM-3838)",
      "fullTitle": "Check the created \"Catalog price rule\" in the Front Office should verify that the discount is equal to \"-19.67%\" (BOOM-3838)",
      "timedOut": false,
      "duration": 60,
      "state": "passed",
      "speed": "fast",
      "pass": true,
      "fail": false,
      "pending": false,
      "code": "return instructions().catch(takeScreenshot);",
      "err": {},
      "isRoot": false,
      "uuid": "4328f6ab-c898-431d-9dc9-9120576cdd16",
      "parentUUID": "38bf8016-c391-4e50-aae9-f80264d448b9",
      "isHook": false,
      "skipped": false
    },
    {
      "title": "should go to the product page",
      "fullTitle": "Check the created \"Catalog price rule\" in the Front Office should go to the product page",
      "timedOut": false,
      "duration": 454,
      "state": "passed",
      "speed": "fast",
      "pass": true,
      "fail": false,
      "pending": false,
      "code": "return instructions().catch(takeScreenshot);",
      "err": {},
      "isRoot": false,
      "uuid": "176bef30-d35d-4c8a-a745-750085e9c27a",
      "parentUUID": "38bf8016-c391-4e50-aae9-f80264d448b9",
      "isHook": false,
      "skipped": false
    },
    {
      "title": "should verify that the discount is equal to \"-19.67%\" (BOOM-3838)",
      "fullTitle": "Check the created \"Catalog price rule\" in the Front Office should verify that the discount is equal to \"-19.67%\" (BOOM-3838)",
      "timedOut": false,
      "duration": 70,
      "state": "passed",
      "speed": "fast",
      "pass": true,
      "fail": false,
      "pending": false,
      "code": "return instructions().catch(takeScreenshot);",
      "err": {},
      "isRoot": false,
      "uuid": "075cde30-aba8-4985-9210-b7927e467ea9",
      "parentUUID": "38bf8016-c391-4e50-aae9-f80264d448b9",
      "isHook": false,
      "skipped": false
    },
    {
      "title": "should click on \"Add to cart\" button  ",
      "fullTitle": "Check the created \"Catalog price rule\" in the Front Office should click on \"Add to cart\" button  ",
      "timedOut": false,
      "duration": 101,
      "state": "passed",
      "speed": "fast",
      "pass": true,
      "fail": false,
      "pending": false,
      "code": "return instructions().catch(takeScreenshot);",
      "err": {},
      "isRoot": false,
      "uuid": "3481e2ac-487e-4278-83a3-4852fe8b2029",
      "parentUUID": "38bf8016-c391-4e50-aae9-f80264d448b9",
      "isHook": false,
      "skipped": false
    },
    {
      "title": "should click on \"Proceed to checkout\" button",
      "fullTitle": "Check the created \"Catalog price rule\" in the Front Office should click on \"Proceed to checkout\" button",
      "timedOut": false,
      "duration": 978,
      "state": "passed",
      "speed": "fast",
      "pass": true,
      "fail": false,
      "pending": false,
      "code": "return instructions().catch(takeScreenshot);",
      "err": {},
      "isRoot": false,
      "uuid": "1c019ee0-016b-4e87-ae77-a3d131ca446b",
      "parentUUID": "38bf8016-c391-4e50-aae9-f80264d448b9",
      "isHook": false,
      "skipped": false
    },
    {
      "title": "should verify that the discount is equal to \"-19.67%\" (BOOM-3838)",
      "fullTitle": "Check the created \"Catalog price rule\" in the Front Office should verify that the discount is equal to \"-19.67%\" (BOOM-3838)",
      "timedOut": false,
      "duration": 55,
      "state": "passed",
      "speed": "fast",
      "pass": true,
      "fail": false,
      "pending": false,
      "code": "return instructions().catch(takeScreenshot);",
      "err": {},
      "isRoot": false,
      "uuid": "7bdd2c85-ffdb-4a3c-a82f-fc60a6cae0ef",
      "parentUUID": "38bf8016-c391-4e50-aae9-f80264d448b9",
      "isHook": false,
      "skipped": false
    },
    {
      "title": "should logout successfully from the Front Office",
      "fullTitle": "Logout from the Front Office should logout successfully from the Front Office",
      "timedOut": false,
      "duration": 555,
      "state": "passed",
      "speed": "fast",
      "pass": true,
      "fail": false,
      "pending": false,
      "code": "return instructions().catch(takeScreenshot);",
      "err": {},
      "isRoot": false,
      "uuid": "e1d38e34-81ee-4d07-a067-9c44a3812403",
      "parentUUID": "f00f5e14-6aff-4690-ad91-c8564391bfdf",
      "isHook": false,
      "skipped": false
    },
    {
      "title": "should open the browser",
      "fullTitle": "Login in the Back Office should open the browser",
      "timedOut": false,
      "duration": 1282,
      "state": "passed",
      "speed": "fast",
      "pass": true,
      "fail": false,
      "pending": false,
      "code": "return instructions().catch(takeScreenshot);",
      "err": {},
      "isRoot": false,
      "uuid": "7f4179b3-5e1c-458a-ac31-57a369fac491",
      "parentUUID": "520c9ed7-7705-4dc6-a795-4f94df0902e6",
      "isHook": false,
      "skipped": false
    },
    {
      "title": "should login successfully in the Back Office",
      "fullTitle": "Login in the Back Office should login successfully in the Back Office",
      "timedOut": false,
      "duration": 3657,
      "state": "passed",
      "speed": "fast",
      "pass": true,
      "fail": false,
      "pending": false,
      "code": "return instructions().catch(takeScreenshot);",
      "err": {},
      "isRoot": false,
      "uuid": "ee8a1399-df15-48e8-ba66-57b8c9e021b6",
      "parentUUID": "520c9ed7-7705-4dc6-a795-4f94df0902e6",
      "isHook": false,
      "skipped": false
    },
    {
      "title": "should go to \"Discounts\" page",
      "fullTitle": "Delete catalog price rules \"discount1557485772614 should go to \"Discounts\" page",
      "timedOut": false,
      "duration": 4057,
      "state": "passed",
      "speed": "fast",
      "pass": true,
      "fail": false,
      "pending": false,
      "code": "return instructions().catch(takeScreenshot);",
      "err": {},
      "isRoot": false,
      "uuid": "e159acba-a174-4966-82a0-a9d91b11fe64",
      "parentUUID": "f1474ff1-82b3-4883-b425-c38b46b6bd8b",
      "isHook": false,
      "skipped": false
    },
    {
      "title": "should go to \"Catalog Price Rules\" page",
      "fullTitle": "Delete catalog price rules \"discount1557485772614 should go to \"Catalog Price Rules\" page",
      "timedOut": false,
      "duration": 1516,
      "state": "passed",
      "speed": "fast",
      "pass": true,
      "fail": false,
      "pending": false,
      "code": "return instructions().catch(takeScreenshot);",
      "err": {},
      "isRoot": false,
      "uuid": "ed40308c-4b85-489b-b1af-71a8f0828caa",
      "parentUUID": "f1474ff1-82b3-4883-b425-c38b46b6bd8b",
      "isHook": false,
      "skipped": false
    },
    {
      "title": "should delete the catalog rule price",
      "fullTitle": "Delete catalog price rules \"discount1557485772614 should delete the catalog rule price",
      "timedOut": false,
      "duration": 229,
      "state": "passed",
      "speed": "fast",
      "pass": true,
      "fail": false,
      "pending": false,
      "code": "return instructions().catch(takeScreenshot);",
      "err": {},
      "isRoot": false,
      "uuid": "acec16ac-1ae2-4b24-9fb4-56a5fdc757c7",
      "parentUUID": "f1474ff1-82b3-4883-b425-c38b46b6bd8b",
      "isHook": false,
      "skipped": false
    },
    {
      "title": "should accept the confirmation alert",
      "fullTitle": "Delete catalog price rules \"discount1557485772614 should accept the confirmation alert",
      "timedOut": false,
      "duration": 7,
      "state": "passed",
      "speed": "fast",
      "pass": true,
      "fail": false,
      "pending": false,
      "code": "return instructions().catch(takeScreenshot);",
      "err": {},
      "isRoot": false,
      "uuid": "b75f3148-171c-4d44-a57b-b755ba8edbd4",
      "parentUUID": "f1474ff1-82b3-4883-b425-c38b46b6bd8b",
      "isHook": false,
      "skipped": false
    },
    {
      "title": "should check the success message appear",
      "fullTitle": "Delete catalog price rules \"discount1557485772614 should check the success message appear",
      "timedOut": false,
      "duration": 738,
      "state": "passed",
      "speed": "fast",
      "pass": true,
      "fail": false,
      "pending": false,
      "code": "return instructions().catch(takeScreenshot);",
      "err": {},
      "isRoot": false,
      "uuid": "87e911dd-465b-4791-a00d-60db3c6a9cdb",
      "parentUUID": "f1474ff1-82b3-4883-b425-c38b46b6bd8b",
      "isHook": false,
      "skipped": false
    },
    {
      "title": "should logout successfully from the Back Office",
      "fullTitle": "Logout from the Back Office should logout successfully from the Back Office",
      "timedOut": false,
      "duration": 45,
      "state": "passed",
      "speed": "fast",
      "pass": true,
      "fail": false,
      "pending": false,
      "code": "return instructions().catch(takeScreenshot);",
      "err": {},
      "isRoot": false,
      "uuid": "6c9fcadb-54db-4b39-b837-cd530d30588c",
      "parentUUID": "d5637496-4560-44fc-9a0b-14e775a58ac8",
      "isHook": false,
      "skipped": false
    }
  ],
  "allFailures": [],
  "copyrightYear": 2019
}